<?xml version="1.0" encoding="UTF-8"?>
<testsuites name="Poc test suite" time="2" tests="1" failures="4" errors="0">
   <testsuite name="Poc test suite" tests="1" failures="4" errors="0" time="2" timestamp="2018-09-17 18:37:37" hostname="jochenpanjaer - jochens-mbp.fritz.box" id="Test Suites/Poc test suite">
      <properties>
         <property name="deviceName" value=""/>
         <property name="devicePlatform" value=""/>
         <property name="logFolder" value="/Users/jochenpanjaer/JP Graphics/Web development/Clients/Ziango/poc-buildstreet/_endToEndtests/Test-poc/Reports/Poc test suite/20180917_183736"/>
         <property name="logFiles" value="/Users/jochenpanjaer/JP Graphics/Web development/Clients/Ziango/poc-buildstreet/_endToEndtests/Test-poc/Reports/Poc test suite/20180917_183736/execution0.log"/>
         <property name="attachments" value=""/>
         <property name="hostName" value="jochenpanjaer - jochens-mbp.fritz.box"/>
         <property name="hostAddress" value="192.168.178.160"/>
         <property name="os" value="Mac OS X 64bit"/>
         <property name="katalonVersion" value="5.7.1.1"/>
      </properties>
      <testcase name="Test Cases/Opens browser" classname="Test Cases/Opens browser" status="FAILED">
         <failure type="FAILED" message="(Stack trace: com.kms.katalon.core.exception.StepFailedException: Unable to open browser with url: '' (Root cause: org.openqa.selenium.WebDriverException: Unable to parse remote response: &lt;!DOCTYPE html>
&lt;!--[if lt IE 10 ]>
&lt;html lang=&quot;en-US&quot; class=&quot;old-ie no-js&quot;>
&lt;![endif]-->
&lt;!--[if !(IE 6) | !(IE 7) | !(IE 8)  ]>&lt;!-->
&lt;html lang=&quot;en-US&quot; class=&quot;no-js&quot;>
&lt;!--&lt;![endif]-->
&lt;head>
	&lt;meta charset=&quot;UTF-8&quot; />
		&lt;meta name=&quot;viewport&quot; content=&quot;width=device-width, initial-scale=1, maximum-scale=1, user-scalable=0&quot;>
		&lt;link rel=&quot;profile&quot; href=&quot;http://gmpg.org/xfn/11&quot; />
	&lt;link rel=&quot;pingback&quot; href=&quot;http://ziango.com/xmlrpc.php&quot; />
	&lt;title>Ziango &amp;#8211; Great casual games for any device&lt;/title>
&lt;script type=&quot;text/javascript&quot;>
function createCookie(a,d,b){if(b){var c=new Date;c.setTime(c.getTime()+864E5*b);b=&quot;; expires=&quot;+c.toGMTString()}else b=&quot;&quot;;document.cookie=a+&quot;=&quot;+d+b+&quot;; path=/&quot;}function readCookie(a){a+=&quot;=&quot;;for(var d=document.cookie.split(&quot;;&quot;),b=0;b&lt;d.length;b++){for(var c=d[b];&quot; &quot;==c.charAt(0);)c=c.substring(1,c.length);if(0==c.indexOf(a))return c.substring(a.length,c.length)}return null}function eraseCookie(a){createCookie(a,&quot;&quot;,-1)}
function areCookiesEnabled(){var a=!1;createCookie(&quot;testing&quot;,&quot;Hello&quot;,1);null!=readCookie(&quot;testing&quot;)&amp;&amp;(a=!0,eraseCookie(&quot;testing&quot;));return a}(function(a){var d=readCookie(&quot;devicePixelRatio&quot;),b=void 0===a.devicePixelRatio?1:a.devicePixelRatio;areCookiesEnabled()&amp;&amp;null==d&amp;&amp;(createCookie(&quot;devicePixelRatio&quot;,b,7),1!=b&amp;&amp;a.location.reload(!0))})(window);
&lt;/script>&lt;link rel='dns-prefetch' href='//fonts.googleapis.com' />
&lt;link rel='dns-prefetch' href='//s.w.org' />
&lt;link rel=&quot;alternate&quot; type=&quot;application/rss+xml&quot; title=&quot;Ziango &amp;raquo; Feed&quot; href=&quot;http://ziango.com/feed/&quot; />
&lt;link rel=&quot;alternate&quot; type=&quot;application/rss+xml&quot; title=&quot;Ziango &amp;raquo; Comments Feed&quot; href=&quot;http://ziango.com/comments/feed/&quot; />
		&lt;script type=&quot;text/javascript&quot;>
			window._wpemojiSettings = {&quot;baseUrl&quot;:&quot;https:\/\/s.w.org\/images\/core\/emoji\/2.3\/72x72\/&quot;,&quot;ext&quot;:&quot;.png&quot;,&quot;svgUrl&quot;:&quot;https:\/\/s.w.org\/images\/core\/emoji\/2.3\/svg\/&quot;,&quot;svgExt&quot;:&quot;.svg&quot;,&quot;source&quot;:{&quot;concatemoji&quot;:&quot;http:\/\/ziango.com\/wp-includes\/js\/wp-emoji-release.min.js?ver=4.8.7&quot;}};
			!function(a,b,c){function d(a){var b,c,d,e,f=String.fromCharCode;if(!k||!k.fillText)return!1;switch(k.clearRect(0,0,j.width,j.height),k.textBaseline=&quot;top&quot;,k.font=&quot;600 32px Arial&quot;,a){case&quot;flag&quot;:return k.fillText(f(55356,56826,55356,56819),0,0),b=j.toDataURL(),k.clearRect(0,0,j.width,j.height),k.fillText(f(55356,56826,8203,55356,56819),0,0),c=j.toDataURL(),b!==c&amp;&amp;(k.clearRect(0,0,j.width,j.height),k.fillText(f(55356,57332,56128,56423,56128,56418,56128,56421,56128,56430,56128,56423,56128,56447),0,0),b=j.toDataURL(),k.clearRect(0,0,j.width,j.height),k.fillText(f(55356,57332,8203,56128,56423,8203,56128,56418,8203,56128,56421,8203,56128,56430,8203,56128,56423,8203,56128,56447),0,0),c=j.toDataURL(),b!==c);case&quot;emoji4&quot;:return k.fillText(f(55358,56794,8205,9794,65039),0,0),d=j.toDataURL(),k.clearRect(0,0,j.width,j.height),k.fillText(f(55358,56794,8203,9794,65039),0,0),e=j.toDataURL(),d!==e}return!1}function e(a){var c=b.createElement(&quot;script&quot;);c.src=a,c.defer=c.type=&quot;text/javascript&quot;,b.getElementsByTagName(&quot;head&quot;)[0].appendChild(c)}var f,g,h,i,j=b.createElement(&quot;canvas&quot;),k=j.getContext&amp;&amp;j.getContext(&quot;2d&quot;);for(i=Array(&quot;flag&quot;,&quot;emoji4&quot;),c.supports={everything:!0,everythingExceptFlag:!0},h=0;h&lt;i.length;h++)c.supports[i[h]]=d(i[h]),c.supports.everything=c.supports.everything&amp;&amp;c.supports[i[h]],&quot;flag&quot;!==i[h]&amp;&amp;(c.supports.everythingExceptFlag=c.supports.everythingExceptFlag&amp;&amp;c.supports[i[h]]);c.supports.everythingExceptFlag=c.supports.everythingExceptFlag&amp;&amp;!c.supports.flag,c.DOMReady=!1,c.readyCallback=function(){c.DOMReady=!0},c.supports.everything||(g=function(){c.readyCallback()},b.addEventListener?(b.addEventListener(&quot;DOMContentLoaded&quot;,g,!1),a.addEventListener(&quot;load&quot;,g,!1)):(a.attachEvent(&quot;onload&quot;,g),b.attachEvent(&quot;onreadystatechange&quot;,function(){&quot;complete&quot;===b.readyState&amp;&amp;c.readyCallback()})),f=c.source||{},f.concatemoji?e(f.concatemoji):f.wpemoji&amp;&amp;f.twemoji&amp;&amp;(e(f.twemoji),e(f.wpemoji)))}(window,document,window._wpemojiSettings);
		&lt;/script>
		&lt;style type=&quot;text/css&quot;>
img.wp-smiley,
img.emoji {
	display: inline !important;
	border: none !important;
	box-shadow: none !important;
	height: 1em !important;
	width: 1em !important;
	margin: 0 .07em !important;
	vertical-align: -0.1em !important;
	background: none !important;
	padding: 0 !important;
}
&lt;/style>
&lt;link rel='stylesheet' id='acf-vc-integrator-style-css'  href='http://ziango.com/wp-content/plugins/acf-vc-integrator/css/acf-vc-integrator-style.css?ver=4.8.7' type='text/css' media='all' />
&lt;link rel='stylesheet' id='rs-plugin-settings-css'  href='http://ziango.com/wp-content/plugins/revslider/public/assets/css/settings.css?ver=5.4.6' type='text/css' media='all' />
&lt;style id='rs-plugin-settings-inline-css' type='text/css'>
#rs-demo-id {}
&lt;/style>
&lt;link rel='stylesheet' id='js_composer_front-css'  href='http://ziango.com/wp-content/plugins/js_composer/assets/css/js_composer.min.css?ver=5.3' type='text/css' media='all' />
&lt;link rel='stylesheet' id='dt-web-fonts-css'  href='//fonts.googleapis.com/css?family=Roboto%3A300%2C400%2C500%2C600%2C700%7COpen+Sans%3A400%2C600%2C700%7CNunito%3A300%2C400%2C600%2C700&amp;#038;ver=4.8.7' type='text/css' media='all' />
&lt;link rel='stylesheet' id='dt-main-css'  href='http://ziango.com/wp-content/themes/dt-the7/css/main.min.css?ver=5.6.0.1' type='text/css' media='all' />
&lt;!--[if lt IE 10]>
&lt;link rel='stylesheet' id='dt-old-ie-css'  href='http://ziango.com/wp-content/themes/dt-the7/css/old-ie.min.css?ver=5.6.0.1' type='text/css' media='all' />
&lt;![endif]-->
&lt;link rel='stylesheet' id='dt-awsome-fonts-css'  href='http://ziango.com/wp-content/themes/dt-the7/fonts/FontAwesome/css/font-awesome.min.css?ver=5.6.0.1' type='text/css' media='all' />
&lt;link rel='stylesheet' id='dt-fontello-css'  href='http://ziango.com/wp-content/themes/dt-the7/fonts/fontello/css/fontello.min.css?ver=5.6.0.1' type='text/css' media='all' />
&lt;link rel='stylesheet' id='dt-arrow-icons-css'  href='http://ziango.com/wp-content/themes/dt-the7/fonts/icomoon-arrows-the7/style.min.css?ver=5.6.0.1' type='text/css' media='all' />
&lt;link rel='stylesheet' id='the7pt-static-css'  href='http://ziango.com/wp-content/themes/dt-the7/css/post-type.css?ver=1.0.0' type='text/css' media='all' />
&lt;link rel='stylesheet' id='dt-custom-old-ie-css'  href='http://ziango.com/wp-content/uploads/the7-css/custom-old-ie.css?ver=b79491390dfc' type='text/css' media='all' />
&lt;link rel='stylesheet' id='dt-custom-css'  href='http://ziango.com/wp-content/uploads/the7-css/custom.css?ver=b79491390dfc' type='text/css' media='all' />
&lt;link rel='stylesheet' id='dt-media-css'  href='http://ziango.com/wp-content/uploads/the7-css/media.css?ver=b79491390dfc' type='text/css' media='all' />
&lt;link rel='stylesheet' id='the7pt.less-css'  href='http://ziango.com/wp-content/uploads/the7-css/post-type-dynamic.css?ver=b79491390dfc' type='text/css' media='all' />
&lt;link rel='stylesheet' id='style-css'  href='http://ziango.com/wp-content/themes/dt-the7-ziango/style.css?ver=5.6.0.1' type='text/css' media='all' />
&lt;link rel='stylesheet' id='bsf-icomoon-material-24x24-css'  href='http://ziango.com/wp-content/uploads/smile_fonts/icomoon-material-24x24/icomoon-material-24x24.css?ver=4.8.7' type='text/css' media='all' />
&lt;link rel='stylesheet' id='bsf-icomoon-icomoonfree-16x16-css'  href='http://ziango.com/wp-content/uploads/smile_fonts/icomoon-icomoonfree-16x16/icomoon-icomoonfree-16x16.css?ver=4.8.7' type='text/css' media='all' />
&lt;link rel='stylesheet' id='ultimate-style-css'  href='http://ziango.com/wp-content/plugins/Ultimate_VC_Addons/assets/min-css/style.min.css?ver=3.16.18' type='text/css' media='all' />
&lt;link rel='stylesheet' id='ultimate-headings-style-css'  href='http://ziango.com/wp-content/plugins/Ultimate_VC_Addons/assets/min-css/headings.min.css?ver=3.16.18' type='text/css' media='all' />
&lt;link rel='stylesheet' id='ult_cllink-css'  href='http://ziango.com/wp-content/plugins/Ultimate_VC_Addons/assets/min-css/creative-link.min.css?ver=3.16.18' type='text/css' media='all' />
&lt;script type='text/javascript' src='http://ziango.com/wp-includes/js/jquery/jquery.js?ver=1.12.4'>&lt;/script>
&lt;script type='text/javascript' src='http://ziango.com/wp-includes/js/jquery/jquery-migrate.min.js?ver=1.4.1'>&lt;/script>
&lt;script type='text/javascript' src='http://ziango.com/wp-content/plugins/revslider/public/assets/js/jquery.themepunch.tools.min.js?ver=5.4.6'>&lt;/script>
&lt;script type='text/javascript' src='http://ziango.com/wp-content/plugins/revslider/public/assets/js/jquery.themepunch.revolution.min.js?ver=5.4.6'>&lt;/script>
&lt;script type='text/javascript'>
/* &lt;![CDATA[ */
var dtLocal = {&quot;themeUrl&quot;:&quot;http:\/\/ziango.com\/wp-content\/themes\/dt-the7&quot;,&quot;passText&quot;:&quot;To view this protected post, enter the password below:&quot;,&quot;moreButtonText&quot;:{&quot;loading&quot;:&quot;Loading...&quot;,&quot;loadMore&quot;:&quot;Load more&quot;},&quot;postID&quot;:&quot;592&quot;,&quot;ajaxurl&quot;:&quot;http:\/\/ziango.com\/wp-admin\/admin-ajax.php&quot;,&quot;contactNonce&quot;:&quot;0e683f0ed8&quot;,&quot;contactMessages&quot;:{&quot;required&quot;:&quot;One or more fields have an error. Please check and try again.&quot;},&quot;ajaxNonce&quot;:&quot;68daeacde4&quot;,&quot;pageData&quot;:{&quot;type&quot;:&quot;page&quot;,&quot;template&quot;:&quot;page&quot;,&quot;layout&quot;:null},&quot;themeSettings&quot;:{&quot;smoothScroll&quot;:&quot;off&quot;,&quot;lazyLoading&quot;:false,&quot;accentColor&quot;:{&quot;mode&quot;:&quot;solid&quot;,&quot;color&quot;:&quot;#ff9e17&quot;},&quot;floatingHeader&quot;:{&quot;showAfter&quot;:94,&quot;showMenu&quot;:true,&quot;height&quot;:60,&quot;logo&quot;:{&quot;showLogo&quot;:true,&quot;html&quot;:&quot;&lt;img class=\&quot; preload-me\&quot; src=\&quot;http:\/\/ziango.com\/wp-content\/uploads\/2017\/10\/ziango_logo2.png\&quot; srcset=\&quot;http:\/\/ziango.com\/wp-content\/uploads\/2017\/10\/ziango_logo2.png 1839w, http:\/\/ziango.com\/wp-content\/uploads\/2017\/10\/ziango_logo2.png 1839w\&quot; width=\&quot;1839\&quot; height=\&quot;343\&quot;   sizes=\&quot;1839px\&quot; alt=\&quot;Ziango\&quot; \/>&quot;,&quot;url&quot;:&quot;http:\/\/ziango.com\/&quot;}},&quot;mobileHeader&quot;:{&quot;firstSwitchPoint&quot;:990,&quot;secondSwitchPoint&quot;:778},&quot;content&quot;:{&quot;textColor&quot;:&quot;#787878&quot;,&quot;headerColor&quot;:&quot;#178bc8&quot;},&quot;stripes&quot;:{&quot;stripe1&quot;:{&quot;textColor&quot;:&quot;#787d85&quot;,&quot;headerColor&quot;:&quot;#3b3f4a&quot;},&quot;stripe2&quot;:{&quot;textColor&quot;:&quot;#8b9199&quot;,&quot;headerColor&quot;:&quot;#ffffff&quot;},&quot;stripe3&quot;:{&quot;textColor&quot;:&quot;#ffffff&quot;,&quot;headerColor&quot;:&quot;#ffffff&quot;}}},&quot;VCMobileScreenWidth&quot;:&quot;768&quot;};
var dtShare = {&quot;shareButtonText&quot;:{&quot;facebook&quot;:&quot;Share on Facebook&quot;,&quot;twitter&quot;:&quot;Tweet&quot;,&quot;pinterest&quot;:&quot;Pin it&quot;,&quot;linkedin&quot;:&quot;Share on Linkedin&quot;,&quot;whatsapp&quot;:&quot;Share on Whatsapp&quot;,&quot;google&quot;:&quot;Share on Google Plus&quot;,&quot;download&quot;:&quot;Download image&quot;},&quot;overlayOpacity&quot;:&quot;85&quot;};
/* ]]> */
&lt;/script>
&lt;script type='text/javascript' src='http://ziango.com/wp-content/themes/dt-the7/js/above-the-fold.min.js?ver=5.6.0.1'>&lt;/script>
&lt;script type='text/javascript' src='http://ziango.com/wp-content/plugins/Ultimate_VC_Addons/assets/min-js/ultimate-params.min.js?ver=3.16.18'>&lt;/script>
&lt;script type='text/javascript' src='http://ziango.com/wp-content/plugins/Ultimate_VC_Addons/assets/min-js/headings.min.js?ver=3.16.18'>&lt;/script>
&lt;script type='text/javascript' src='http://ziango.com/wp-content/plugins/Ultimate_VC_Addons/assets/min-js/creative-link.min.js?ver=3.16.18'>&lt;/script>
&lt;link rel='https://api.w.org/' href='http://ziango.com/wp-json/' />
&lt;link rel=&quot;EditURI&quot; type=&quot;application/rsd+xml&quot; title=&quot;RSD&quot; href=&quot;http://ziango.com/xmlrpc.php?rsd&quot; />
&lt;link rel=&quot;wlwmanifest&quot; type=&quot;application/wlwmanifest+xml&quot; href=&quot;http://ziango.com/wp-includes/wlwmanifest.xml&quot; /> 
&lt;meta name=&quot;generator&quot; content=&quot;WordPress 4.8.7&quot; />
&lt;link rel=&quot;canonical&quot; href=&quot;http://ziango.com/&quot; />
&lt;link rel='shortlink' href='http://ziango.com/' />
&lt;link rel=&quot;alternate&quot; type=&quot;application/json+oembed&quot; href=&quot;http://ziango.com/wp-json/oembed/1.0/embed?url=http%3A%2F%2Fziango.com%2F&quot; />
&lt;link rel=&quot;alternate&quot; type=&quot;text/xml+oembed&quot; href=&quot;http://ziango.com/wp-json/oembed/1.0/embed?url=http%3A%2F%2Fziango.com%2F&amp;#038;format=xml&quot; />
&lt;meta property=&quot;og:site_name&quot; content=&quot;Ziango&quot; />
&lt;meta property=&quot;og:title&quot; content=&quot;Home&quot; />
&lt;meta property=&quot;og:url&quot; content=&quot;http://ziango.com/&quot; />
&lt;meta property=&quot;og:type&quot; content=&quot;website&quot; />
&lt;meta name=&quot;generator&quot; content=&quot;Powered by WPBakery Page Builder - drag and drop page builder for WordPress.&quot;/>
&lt;!--[if lte IE 9]>&lt;link rel=&quot;stylesheet&quot; type=&quot;text/css&quot; href=&quot;http://ziango.com/wp-content/plugins/js_composer/assets/css/vc_lte_ie9.min.css&quot; media=&quot;screen&quot;>&lt;![endif]-->&lt;meta name=&quot;generator&quot; content=&quot;Powered by Slider Revolution 5.4.6 - responsive, Mobile-Friendly Slider Plugin for WordPress with comfortable drag and drop interface.&quot; />
&lt;!-- icon -->
&lt;link rel=&quot;icon&quot; href=&quot;http://ziango.com/wp-content/uploads/2017/10/favicon-16x16.png&quot; type=&quot;image/png&quot; />
&lt;link rel=&quot;shortcut icon&quot; href=&quot;http://ziango.com/wp-content/uploads/2017/10/favicon-16x16.png&quot; type=&quot;image/png&quot; />
&lt;link rel=&quot;apple-touch-icon&quot; href=&quot;http://ziango.com/wp-content/uploads/2017/10/apple-touch-icon-60x60.png&quot;>
&lt;link rel=&quot;apple-touch-icon&quot; sizes=&quot;76x76&quot; href=&quot;http://ziango.com/wp-content/uploads/2017/10/apple-touch-icon-76x76.png&quot;>
&lt;link rel=&quot;apple-touch-icon&quot; sizes=&quot;120x120&quot; href=&quot;http://ziango.com/wp-content/uploads/2017/10/apple-touch-icon-120x120.png&quot;>
&lt;link rel=&quot;apple-touch-icon&quot; sizes=&quot;152x152&quot; href=&quot;http://ziango.com/wp-content/uploads/2017/10/apple-touch-icon-152x152.png&quot;>
&lt;!-- BEGIN GADWP v5.1.2.5 Universal Analytics - https://deconf.com/google-analytics-dashboard-wordpress/ -->
&lt;script>
(function(i,s,o,g,r,a,m){i['GoogleAnalyticsObject']=r;i[r]=i[r]||function(){
	(i[r].q=i[r].q||[]).push(arguments)},i[r].l=1*new Date();a=s.createElement(o),
	m=s.getElementsByTagName(o)[0];a.async=1;a.src=g;m.parentNode.insertBefore(a,m)
})(window,document,'script','https://www.google-analytics.com/analytics.js','ga');
  ga('create', 'UA-49356820-1', 'auto');
  ga('send', 'pageview');
&lt;/script>
&lt;!-- END GADWP Universal Analytics -->
&lt;script type=&quot;text/javascript&quot;>function setREVStartSize(e){
				try{ var i=jQuery(window).width(),t=9999,r=0,n=0,l=0,f=0,s=0,h=0;					
					if(e.responsiveLevels&amp;&amp;(jQuery.each(e.responsiveLevels,function(e,f){f>i&amp;&amp;(t=r=f,l=e),i>f&amp;&amp;f>r&amp;&amp;(r=f,n=e)}),t>r&amp;&amp;(l=n)),f=e.gridheight[l]||e.gridheight[0]||e.gridheight,s=e.gridwidth[l]||e.gridwidth[0]||e.gridwidth,h=i/s,h=h>1?1:h,f=Math.round(h*f),&quot;fullscreen&quot;==e.sliderLayout){var u=(e.c.width(),jQuery(window).height());if(void 0!=e.fullScreenOffsetContainer){var c=e.fullScreenOffsetContainer.split(&quot;,&quot;);if (c) jQuery.each(c,function(e,i){u=jQuery(i).length>0?u-jQuery(i).outerHeight(!0):u}),e.fullScreenOffset.split(&quot;%&quot;).length>1&amp;&amp;void 0!=e.fullScreenOffset&amp;&amp;e.fullScreenOffset.length>0?u-=jQuery(window).height()*parseInt(e.fullScreenOffset,0)/100:void 0!=e.fullScreenOffset&amp;&amp;e.fullScreenOffset.length>0&amp;&amp;(u-=parseInt(e.fullScreenOffset,0))}f=u}else void 0!=e.minHeight&amp;&amp;f&lt;e.minHeight&amp;&amp;(f=e.minHeight);e.c.closest(&quot;.rev_slider_wrapper&quot;).css({height:f})					
				}catch(d){console.log(&quot;Failure at Presize of Slider:&quot;+d)}
			};&lt;/script>
&lt;style type=&quot;text/css&quot; data-type=&quot;vc_custom-css&quot;>@media screen and (max-width: 1099px) {
    p {
        font-size: 0.9em;
    }
}

@media screen and (max-width: 999px) {
    h1 {
        font-size: 0.9em;
    }
    
    p {
        font-size: 0.8em;
        line-height: 1.2;
    }
    
    #content .vc_btn3 {
        font-size: 0.8em;
    }
}
&lt;/style>&lt;style type=&quot;text/css&quot; data-type=&quot;vc_shortcodes-custom-css&quot;>.vc_custom_1508509723144{margin-top: 1em !important;}.vc_custom_1508509760987{margin-top: 1em !important;}&lt;/style>&lt;noscript>&lt;style type=&quot;text/css&quot;> .wpb_animate_when_almost_visible { opacity: 1; }&lt;/style>&lt;/noscript>
	&lt;link rel=&quot;stylesheet&quot; type=&quot;text/css&quot; href=&quot;//cdnjs.cloudflare.com/ajax/libs/cookieconsent2/3.0.3/cookieconsent.min.css&quot; />

	&lt;script src=&quot;//cdnjs.cloudflare.com/ajax/libs/cookieconsent2/3.0.3/cookieconsent.min.js&quot;>&lt;/script>
	
&lt;script> // Cookie consent bar
window.addEventListener(&quot;load&quot;, function(){
window.cookieconsent.initialise({
  &quot;palette&quot;: {
    &quot;popup&quot;: {
      &quot;background&quot;: &quot;#000&quot;
    },
    &quot;button&quot;: {
      &quot;background&quot;: &quot;#f1d600&quot;
    }
  },
  &quot;theme&quot;: &quot;classic&quot;,
  &quot;content&quot;: {
    &quot;message&quot;: &quot;This website uses cookies and other comparable techniques: (1) for analytical purposes, (2) to ensure you get the best possible experience and advertisements on our websites and in our online games.&quot;,
    &quot;dismiss&quot;: &quot;Yes, I agree&quot;,
    &quot;href&quot;: &quot;http://ziango.com/privacy-policy/&quot;
  }
})}); 
&lt;/script>
	&lt;/head>
&lt;body class=&quot;home page-template-default page page-id-592 fancy-header-on disabled-hover-icons dt-responsive-on overlay-cursor-on srcset-enabled btn-flat custom-btn-color custom-btn-hover-color outlines-bullets bold-icons phantom-sticky phantom-shadow-decoration phantom-main-logo-on sticky-mobile-header top-header first-switch-logo-left first-switch-menu-right second-switch-logo-left second-switch-menu-right right-mobile-menu layzr-loading-on popup-message-style wpb-js-composer js-comp-ver-5.3 vc_responsive album-minuatures-style-2&quot;>
&lt;!-- The7 5.6.0.1 -->

&lt;div id=&quot;page&quot;>
	&lt;a class=&quot;skip-link screen-reader-text&quot; href=&quot;#content&quot;>Skip to content&lt;/a>

&lt;div class=&quot;masthead inline-header right full-height dt-parent-menu-clickable&quot; role=&quot;banner&quot;>

	
	&lt;header class=&quot;header-bar&quot;>

						&lt;div class=&quot;branding&quot;>
					&lt;div id=&quot;site-title&quot; class=&quot;assistive-text&quot;>Ziango&lt;/div>
					&lt;div id=&quot;site-description&quot; class=&quot;assistive-text&quot;>Great casual games for any device&lt;/div>
					&lt;a href=&quot;http://ziango.com/&quot;>&lt;img class=&quot; preload-me&quot; src=&quot;http://ziango.com/wp-content/uploads/2017/10/ziango_logo2.png&quot; srcset=&quot;http://ziango.com/wp-content/uploads/2017/10/ziango_logo2.png 1839w, http://ziango.com/wp-content/uploads/2017/10/ziango_logo2.png 1839w&quot; width=&quot;1839&quot; height=&quot;343&quot;   sizes=&quot;1839px&quot; alt=&quot;Ziango&quot; />&lt;/a>				&lt;/div>
		&lt;ul id=&quot;primary-menu&quot; class=&quot;main-nav underline-decoration from-centre-line outside-item-remove-margin&quot; role=&quot;menu&quot;>&lt;li class=&quot;menu-item menu-item-type-post_type menu-item-object-page menu-item-home current-menu-item page_item page-item-592 current_page_item menu-item-1827 act first&quot;>&lt;a href='http://ziango.com/' data-level='1'>&lt;span class=&quot;menu-item-text&quot;>&lt;span class=&quot;menu-text&quot;>Home&lt;/span>&lt;/span>&lt;/a>&lt;/li> &lt;li class=&quot;menu-item menu-item-type-post_type menu-item-object-page menu-item-2024&quot;>&lt;a href='http://ziango.com/ziango-games/' data-level='1'>&lt;span class=&quot;menu-item-text&quot;>&lt;span class=&quot;menu-text&quot;>Games&lt;/span>&lt;/span>&lt;/a>&lt;/li> &lt;li class=&quot;menu-item menu-item-type-post_type menu-item-object-page menu-item-2031&quot;>&lt;a href='http://ziango.com/services/' data-level='1'>&lt;span class=&quot;menu-item-text&quot;>&lt;span class=&quot;menu-text&quot;>Services&lt;/span>&lt;/span>&lt;/a>&lt;/li> &lt;li class=&quot;menu-item menu-item-type-post_type menu-item-object-page menu-item-2023&quot;>&lt;a href='http://ziango.com/company/' data-level='1'>&lt;span class=&quot;menu-item-text&quot;>&lt;span class=&quot;menu-text&quot;>Company&lt;/span>&lt;/span>&lt;/a>&lt;/li> &lt;li class=&quot;menu-item menu-item-type-post_type menu-item-object-page menu-item-2639&quot;>&lt;a href='http://ziango.com/jobs/' data-level='1'>&lt;span class=&quot;menu-item-text&quot;>&lt;span class=&quot;menu-text&quot;>Jobs&lt;/span>&lt;/span>&lt;/a>&lt;/li> &lt;li class=&quot;menu-item menu-item-type-post_type menu-item-object-page menu-item-2703&quot;>&lt;a href='http://ziango.com/privacy-policy/' data-level='1'>&lt;span class=&quot;menu-item-text&quot;>&lt;span class=&quot;menu-text&quot;>Privacy Policy&lt;/span>&lt;/span>&lt;/a>&lt;/li> &lt;/ul>
		
	&lt;/header>

&lt;/div>&lt;div class='dt-close-mobile-menu-icon'>&lt;span>&lt;/span>&lt;/div>
&lt;div class='dt-mobile-header'>
	&lt;ul id=&quot;mobile-menu&quot; class=&quot;mobile-main-nav&quot; role=&quot;menu&quot;>
		&lt;li class=&quot;menu-item menu-item-type-post_type menu-item-object-page menu-item-home current-menu-item page_item page-item-592 current_page_item menu-item-1827 act first&quot;>&lt;a href='http://ziango.com/' data-level='1'>&lt;span class=&quot;menu-item-text&quot;>&lt;span class=&quot;menu-text&quot;>Home&lt;/span>&lt;/span>&lt;/a>&lt;/li> &lt;li class=&quot;menu-item menu-item-type-post_type menu-item-object-page menu-item-2024&quot;>&lt;a href='http://ziango.com/ziango-games/' data-level='1'>&lt;span class=&quot;menu-item-text&quot;>&lt;span class=&quot;menu-text&quot;>Games&lt;/span>&lt;/span>&lt;/a>&lt;/li> &lt;li class=&quot;menu-item menu-item-type-post_type menu-item-object-page menu-item-2031&quot;>&lt;a href='http://ziango.com/services/' data-level='1'>&lt;span class=&quot;menu-item-text&quot;>&lt;span class=&quot;menu-text&quot;>Services&lt;/span>&lt;/span>&lt;/a>&lt;/li> &lt;li class=&quot;menu-item menu-item-type-post_type menu-item-object-page menu-item-2023&quot;>&lt;a href='http://ziango.com/company/' data-level='1'>&lt;span class=&quot;menu-item-text&quot;>&lt;span class=&quot;menu-text&quot;>Company&lt;/span>&lt;/span>&lt;/a>&lt;/li> &lt;li class=&quot;menu-item menu-item-type-post_type menu-item-object-page menu-item-2639&quot;>&lt;a href='http://ziango.com/jobs/' data-level='1'>&lt;span class=&quot;menu-item-text&quot;>&lt;span class=&quot;menu-text&quot;>Jobs&lt;/span>&lt;/span>&lt;/a>&lt;/li> &lt;li class=&quot;menu-item menu-item-type-post_type menu-item-object-page menu-item-2703&quot;>&lt;a href='http://ziango.com/privacy-policy/' data-level='1'>&lt;span class=&quot;menu-item-text&quot;>&lt;span class=&quot;menu-text&quot;>Privacy Policy&lt;/span>&lt;/span>&lt;/a>&lt;/li> 	&lt;/ul>
	&lt;div class='mobile-mini-widgets-in-menu'>&lt;/div>
&lt;/div>
	&lt;header id=&quot;fancy-header&quot; class=&quot;fancy-header breadcrumbs-off content-left&quot; style=&quot;background-color: #ffffff; background-size: cover; background-repeat: no-repeat; background-image: url(http://ziango.com/wp-content/uploads/2014/03/home_banner_2.png); background-position: center center; min-height: 0px; padding-top: 14.4010416%; padding-bottom: 14.4010416%&quot; >
			&lt;div class=&quot;wf-wrap&quot;>
				&lt;div class=&quot;wf-table&quot; style=&quot;height: 0px;&quot;>&lt;div class=&quot;wf-td hgroup&quot;>&lt;h1 class=&quot;fancy-title entry-title&quot; style=&quot;color: #ffffff; font-size: 48px; line-height: 64px; text-transform: none;&quot; >&lt;span>&quot;Creating great casual games&lt;/span>&lt;/h1>&lt;h2 class=&quot;fancy-subtitle &quot; style=&quot;color: #ffffff; font-size: 40px; line-height: 56px; text-transform: none;&quot;>&lt;span>for Facebook Instant-games and other HTML5-platforms&quot;&lt;/span>&lt;/h2>&lt;/div>&lt;/div>
			&lt;/div>
			&lt;span class=&quot;fancy-header-overlay&quot; style=&quot;background-color: ;&quot;>&lt;/span>
			&lt;/header>
	
	&lt;div id=&quot;main&quot; class=&quot;sidebar-none sidebar-divider-off&quot; style=&quot;padding-bottom:140px;&quot; >

		
		&lt;div class=&quot;main-gradient&quot;>&lt;/div>
		&lt;div class=&quot;wf-wrap&quot;>
			&lt;div class=&quot;wf-container-main&quot;>

				
	
		
			&lt;div id=&quot;content&quot; class=&quot;content&quot; role=&quot;main&quot;>

			
					
					&lt;div data-vc-full-width=&quot;true&quot; data-vc-full-width-init=&quot;false&quot; class=&quot;vc_row wpb_row vc_row-fluid row-custom-background vc_row-o-content-middle vc_row-flex&quot;>&lt;div class=&quot;wpb_column vc_column_container vc_col-sm-5 vc_col-md-6&quot;>&lt;div class=&quot;vc_column-inner &quot;>&lt;div class=&quot;wpb_wrapper&quot;>
	&lt;div  class=&quot;wpb_single_image wpb_content_element vc_align_left  wpb_animate_when_almost_visible wpb_slideInLeft slideInLeft&quot;>
		
		&lt;figure class=&quot;wpb_wrapper vc_figure&quot;>
			&lt;div class=&quot;vc_single_image-wrapper   vc_box_border_grey&quot;>&lt;img width=&quot;878&quot; height=&quot;1024&quot; src=&quot;http://ziango.com/wp-content/uploads/2014/03/games_image-878x1024.png&quot; class=&quot;vc_single_image-img attachment-large&quot; alt=&quot;&quot; srcset=&quot;http://ziango.com/wp-content/uploads/2014/03/games_image-878x1024.png 878w, http://ziango.com/wp-content/uploads/2014/03/games_image-172x200.png 172w, http://ziango.com/wp-content/uploads/2014/03/games_image-257x300.png 257w, http://ziango.com/wp-content/uploads/2014/03/games_image-768x895.png 768w, http://ziango.com/wp-content/uploads/2014/03/games_image.png 1200w&quot; sizes=&quot;(max-width: 878px) 100vw, 878px&quot;  data-dt-location=&quot;http://ziango.com/sample-page-2/games_image/&quot; />&lt;/div>
		&lt;/figure>
	&lt;/div>
&lt;/div>&lt;/div>&lt;/div>&lt;div class=&quot;wpb_column vc_column_container vc_col-sm-7 vc_col-md-6&quot;>&lt;div class=&quot;vc_column-inner &quot;>&lt;div class=&quot;wpb_wrapper&quot;>&lt;div id=&quot;ultimate-heading-45235b9fd853d7934&quot; class=&quot;uvc-heading ult-adjust-bottom-margin ultimate-heading-45235b9fd853d7934 uvc-3219 &quot; data-hspacer=&quot;no_spacer&quot;  data-halign=&quot;left&quot; style=&quot;text-align:left&quot;>&lt;div class=&quot;uvc-heading-spacer no_spacer&quot; style=&quot;top&quot;>&lt;/div>&lt;div class=&quot;uvc-main-heading ult-responsive&quot;  data-ultimate-target='.uvc-heading.ultimate-heading-45235b9fd853d7934 h1'  data-responsive-json-new='{&quot;font-size&quot;:&quot;desktop:46px;&quot;,&quot;line-height&quot;:&quot;&quot;}' >&lt;h1 style=&quot;font-weight:normal;&quot;>Games&lt;/h1>&lt;/div>&lt;/div>
	&lt;div class=&quot;wpb_text_column wpb_content_element &quot; >
		&lt;div class=&quot;wpb_wrapper&quot;>
			&lt;p>&lt;span style=&quot;font-weight: 400;&quot;>With a focus on engagement and design novelty, we have developed over 25+ games. Both own IP, as for others.&lt;/span>&lt;/p>

		&lt;/div>
	&lt;/div>
&lt;div class=&quot;vc_btn3-container vc_btn3-left vc_custom_1508509723144&quot; >
	&lt;a class=&quot;vc_general vc_btn3 vc_btn3-size-md vc_btn3-shape-rounded vc_btn3-style-flat vc_btn3-color-primary&quot; href=&quot;./ziango-games/&quot; title=&quot;&quot;>Read more&lt;/a>&lt;/div>
&lt;/div>&lt;/div>&lt;/div>&lt;/div>&lt;div class=&quot;vc_row-full-width vc_clearfix&quot;>&lt;/div>&lt;div data-vc-full-width=&quot;true&quot; data-vc-full-width-init=&quot;false&quot; class=&quot;vc_row wpb_row vc_row-fluid row-custom-background row-swap-cols vc_row-o-content-middle vc_row-flex&quot;>&lt;div class=&quot;wpb_column vc_column_container vc_col-sm-5 vc_col-md-6&quot;>&lt;div class=&quot;vc_column-inner &quot;>&lt;div class=&quot;wpb_wrapper&quot;>
	&lt;div  class=&quot;wpb_single_image wpb_content_element vc_align_left  wpb_animate_when_almost_visible wpb_slideInRight slideInRight&quot;>
		
		&lt;figure class=&quot;wpb_wrapper vc_figure&quot;>
			&lt;div class=&quot;vc_single_image-wrapper   vc_box_border_grey&quot;>&lt;img width=&quot;948&quot; height=&quot;1024&quot; src=&quot;http://ziango.com/wp-content/uploads/2014/03/services_image-948x1024.png&quot; class=&quot;vc_single_image-img attachment-large&quot; alt=&quot;&quot; srcset=&quot;http://ziango.com/wp-content/uploads/2014/03/services_image-948x1024.png 948w, http://ziango.com/wp-content/uploads/2014/03/services_image-185x200.png 185w, http://ziango.com/wp-content/uploads/2014/03/services_image-278x300.png 278w, http://ziango.com/wp-content/uploads/2014/03/services_image-768x829.png 768w, http://ziango.com/wp-content/uploads/2014/03/services_image.png 1200w&quot; sizes=&quot;(max-width: 948px) 100vw, 948px&quot;  data-dt-location=&quot;http://ziango.com/sample-page-2/services_image/&quot; />&lt;/div>
		&lt;/figure>
	&lt;/div>
&lt;/div>&lt;/div>&lt;/div>&lt;div class=&quot;wpb_column vc_column_container vc_col-sm-7 vc_col-md-6&quot;>&lt;div class=&quot;vc_column-inner &quot;>&lt;div class=&quot;wpb_wrapper&quot;>&lt;div id=&quot;ultimate-heading-78445b9fd853db846&quot; class=&quot;uvc-heading ult-adjust-bottom-margin ultimate-heading-78445b9fd853db846 uvc-140 &quot; data-hspacer=&quot;no_spacer&quot;  data-halign=&quot;right&quot; style=&quot;text-align:right&quot;>&lt;div class=&quot;uvc-heading-spacer no_spacer&quot; style=&quot;top&quot;>&lt;/div>&lt;div class=&quot;uvc-main-heading ult-responsive&quot;  data-ultimate-target='.uvc-heading.ultimate-heading-78445b9fd853db846 h1'  data-responsive-json-new='{&quot;font-size&quot;:&quot;desktop:46px;&quot;,&quot;line-height&quot;:&quot;&quot;}' >&lt;h1 style=&quot;font-weight:normal;&quot;>Services&lt;/h1>&lt;/div>&lt;/div>
	&lt;div class=&quot;wpb_text_column wpb_content_element &quot; >
		&lt;div class=&quot;wpb_wrapper&quot;>
			&lt;p style=&quot;text-align: right;&quot;>&lt;span style=&quot;font-weight: 400;&quot;>Have your next hit-game developed by us&lt;/span>&lt;/p>

		&lt;/div>
	&lt;/div>
&lt;div class=&quot;vc_btn3-container vc_btn3-right vc_custom_1508509760987&quot; >
	&lt;a class=&quot;vc_general vc_btn3 vc_btn3-size-md vc_btn3-shape-rounded vc_btn3-style-flat vc_btn3-color-primary&quot; href=&quot;./services/&quot; title=&quot;&quot;>Read more&lt;/a>&lt;/div>
&lt;/div>&lt;/div>&lt;/div>&lt;/div>&lt;div class=&quot;vc_row-full-width vc_clearfix&quot;>&lt;/div>

					
					
					

				
			
			&lt;/div>&lt;!-- #content -->

			
		

			&lt;/div>&lt;!-- .wf-container -->
		&lt;/div>&lt;!-- .wf-wrap -->
	&lt;/div>&lt;!-- #main -->

	
	&lt;!-- !Footer -->
	&lt;footer id=&quot;footer&quot; class=&quot;footer solid-bg&quot;>

		
			&lt;div class=&quot;wf-wrap&quot;>
				&lt;div class=&quot;wf-container-footer&quot;>
					&lt;div class=&quot;wf-container&quot;>

						&lt;section id=&quot;presscore-contact-form-widget-2&quot; class=&quot;widget widget_presscore-contact-form-widget wf-cell wf-1&quot;>&lt;div class=&quot;widget-title&quot;>Contact us&lt;/div>&lt;form class=&quot;contact-form dt-form&quot; action=&quot;/&quot; method=&quot;post&quot;>
&lt;input type=&quot;hidden&quot; name=&quot;widget_id&quot; value=&quot;presscore-contact-form-widget-2&quot; />&lt;input type=&quot;hidden&quot; name=&quot;send_message&quot; value=&quot;&quot; />&lt;div class=&quot;form-fields&quot;>&lt;span class=&quot;form-name&quot;>&lt;label class=&quot;assistive-text&quot;>Name *&lt;/label>&lt;input type=&quot;text&quot; class=&quot;validate[required]&quot; placeholder=&quot;Name *&quot; name=&quot;name&quot; value=&quot;&quot; aria-required=&quot;true&quot;>
&lt;/span>&lt;span class=&quot;form-mail&quot;>&lt;label class=&quot;assistive-text&quot;>E-mail *&lt;/label>&lt;input type=&quot;text&quot; class=&quot;validate[required,custom[email]]&quot; placeholder=&quot;E-mail *&quot; name=&quot;email&quot; value=&quot;&quot; aria-required=&quot;true&quot;>
&lt;/span>&lt;/div>&lt;span class=&quot;form-message&quot;>&lt;label class=&quot;assistive-text&quot;>Message *&lt;/label>&lt;textarea class=&quot;validate[required]&quot; placeholder=&quot;Message *&quot; name=&quot;message&quot; rows=&quot;6&quot; aria-required=&quot;true&quot;>&lt;/textarea>
&lt;/span>&lt;p>&lt;a href=&quot;#&quot; class=&quot;dt-btn dt-btn-m dt-btn-submit&quot; rel=&quot;nofollow&quot;>&lt;span>Submit&lt;/span>&lt;/a>&lt;input class=&quot;assistive-text&quot; type=&quot;submit&quot; value=&quot;submit&quot;>&lt;/p>&lt;/form>
&lt;/section>
					&lt;/div>&lt;!-- .wf-container -->
				&lt;/div>&lt;!-- .wf-container-footer -->
			&lt;/div>&lt;!-- .wf-wrap -->

		
	&lt;/footer>&lt;!-- #footer -->



	&lt;a href=&quot;#&quot; class=&quot;scroll-top&quot;>&lt;span class=&quot;screen-reader-text&quot;>Go to Top&lt;/span>&lt;/a>

&lt;/div>&lt;!-- #page -->
&lt;link rel='stylesheet' id='animate-css-css'  href='http://ziango.com/wp-content/plugins/js_composer/assets/lib/bower/animate-css/animate.min.css?ver=5.3' type='text/css' media='all' />
&lt;script type='text/javascript' src='http://ziango.com/wp-content/themes/dt-the7/js/main.min.js?ver=5.6.0.1'>&lt;/script>
&lt;script type='text/javascript' src='http://ziango.com/wp-content/themes/dt-the7/js/post-type.js?ver=1.0.0'>&lt;/script>
&lt;script type='text/javascript' src='http://ziango.com/wp-includes/js/wp-embed.min.js?ver=4.8.7'>&lt;/script>
&lt;script type='text/javascript' src='http://ziango.com/wp-content/plugins/js_composer/assets/js/dist/js_composer_front.min.js?ver=5.3'>&lt;/script>
&lt;script type='text/javascript' src='http://ziango.com/wp-content/plugins/js_composer/assets/lib/waypoints/waypoints.min.js?ver=5.3'>&lt;/script>
&lt;script type='text/javascript' src='http://ziango.com/wp-content/themes/dt-the7/js/atoms/plugins/validator/jquery.validationEngine.js?ver=2.6.1'>&lt;/script>
&lt;script type='text/javascript' src='http://ziango.com/wp-content/themes/dt-the7/js/atoms/plugins/validator/languages/jquery.validationEngine-en.js?ver=2.6.1'>&lt;/script>
&lt;script type='text/javascript' src='http://ziango.com/wp-content/themes/dt-the7/js/dt-contact-form.js?ver=4.8.7'>&lt;/script>

&lt;div class=&quot;pswp&quot; tabindex=&quot;-1&quot; role=&quot;dialog&quot; aria-hidden=&quot;true&quot;>
    &lt;div class=&quot;pswp__bg&quot;>&lt;/div>
    &lt;div class=&quot;pswp__scroll-wrap&quot;>
 
        &lt;div class=&quot;pswp__container&quot;>
            &lt;div class=&quot;pswp__item&quot;>&lt;/div>
            &lt;div class=&quot;pswp__item&quot;>&lt;/div>
            &lt;div class=&quot;pswp__item&quot;>&lt;/div>
        &lt;/div>
 
        &lt;div class=&quot;pswp__ui pswp__ui--hidden&quot;>
            &lt;div class=&quot;pswp__top-bar&quot;>
                &lt;div class=&quot;pswp__counter&quot;>&lt;/div>
                &lt;button class=&quot;pswp__button pswp__button--close&quot; title=&quot;Close (Esc)&quot;>&lt;/button>
                &lt;button class=&quot;pswp__button pswp__button--share&quot; title=&quot;Share&quot;>&lt;/button>
                &lt;button class=&quot;pswp__button pswp__button--fs&quot; title=&quot;Toggle fullscreen&quot;>&lt;/button>
                &lt;button class=&quot;pswp__button pswp__button--zoom&quot; title=&quot;Zoom in/out&quot;>&lt;/button>
                &lt;div class=&quot;pswp__preloader&quot;>
                    &lt;div class=&quot;pswp__preloader__icn&quot;>
                      &lt;div class=&quot;pswp__preloader__cut&quot;>
                        &lt;div class=&quot;pswp__preloader__donut&quot;>&lt;/div>
                      &lt;/div>
                    &lt;/div>
                &lt;/div>
            &lt;/div>
            &lt;div class=&quot;pswp__share-modal pswp__share-modal--hidden pswp__single-tap&quot;>
                &lt;div class=&quot;pswp__share-tooltip&quot;>&lt;/div> 
            &lt;/div>
            &lt;button class=&quot;pswp__button pswp__button--arrow--left&quot; title=&quot;Previous (arrow left)&quot;>
            &lt;/button>
            &lt;button class=&quot;pswp__button pswp__button--arrow--right&quot; title=&quot;Next (arrow right)&quot;>
            &lt;/button>
            &lt;div class=&quot;pswp__caption&quot;>
                &lt;div class=&quot;pswp__caption__center&quot;>&lt;/div>
            &lt;/div>
        &lt;/div>
    &lt;/div>
&lt;/div>
&lt;/body>
&lt;/html>
Build info: version: '3.7.1', revision: '8a0099a', time: '2017-11-06T21:07:36.161Z'
System info: host: 'Jochens-MBP.fritz.box', ip: '2001:985:7559:1:74f8:2d:558e:14af%en0', os.name: 'Mac OS X', os.arch: 'x86_64', os.version: '10.13.6', java.version: '1.8.0_181'
Driver info: driver.version: CRemoteWebDriver)
	at com.kms.katalon.core.keyword.internal.KeywordMain.stepFailed(KeywordMain.groovy:36)
	at com.kms.katalon.core.webui.keyword.internal.WebUIKeywordMain.stepFailed(WebUIKeywordMain.groovy:65)
	at com.kms.katalon.core.webui.keyword.internal.WebUIKeywordMain.runKeyword(WebUIKeywordMain.groovy:27)
	at com.kms.katalon.core.webui.keyword.builtin.OpenBrowserKeyword.openBrowser(OpenBrowserKeyword.groovy:81)
	at com.kms.katalon.core.webui.keyword.builtin.OpenBrowserKeyword.execute(OpenBrowserKeyword.groovy:67)
	at com.kms.katalon.core.keyword.internal.KeywordExecutor.executeKeywordForPlatform(KeywordExecutor.groovy:53)
	at com.kms.katalon.core.webui.keyword.WebUiBuiltInKeywords.openBrowser(WebUiBuiltInKeywords.groovy:60)
	at com.kms.katalon.core.webui.keyword.WebUiBuiltInKeywords$openBrowser.call(Unknown Source)
	at org.codehaus.groovy.runtime.callsite.CallSiteArray.defaultCall(CallSiteArray.java:48)
	at org.codehaus.groovy.runtime.callsite.AbstractCallSite.call(AbstractCallSite.java:113)
	at org.codehaus.groovy.runtime.callsite.AbstractCallSite.call(AbstractCallSite.java:125)
	at Script1537198796161.run(Script1537198796161.groovy:16)
	at com.kms.katalon.core.main.ScriptEngine.run(ScriptEngine.java:183)
	at com.kms.katalon.core.main.ScriptEngine.runScriptAsRawText(ScriptEngine.java:108)
	at com.kms.katalon.core.main.TestCaseExecutor.runScript(TestCaseExecutor.java:294)
	at com.kms.katalon.core.main.TestCaseExecutor.doExecute(TestCaseExecutor.java:285)
	at com.kms.katalon.core.main.TestCaseExecutor.processExecutionPhase(TestCaseExecutor.java:264)
	at com.kms.katalon.core.main.TestCaseExecutor.accessMainPhase(TestCaseExecutor.java:256)
	at com.kms.katalon.core.main.TestCaseExecutor.execute(TestCaseExecutor.java:200)
	at com.kms.katalon.core.main.TestSuiteExecutor.accessTestCaseMainPhase(TestSuiteExecutor.java:129)
	at com.kms.katalon.core.main.TestSuiteExecutor.accessTestSuiteMainPhase(TestSuiteExecutor.java:112)
	at com.kms.katalon.core.main.TestSuiteExecutor.execute(TestSuiteExecutor.java:81)
	at com.kms.katalon.core.main.TestCaseMain.startTestSuite(TestCaseMain.java:142)
	at com.kms.katalon.core.main.TestCaseMain$startTestSuite$0.call(Unknown Source)
	at org.codehaus.groovy.runtime.callsite.CallSiteArray.defaultCall(CallSiteArray.java:48)
	at org.codehaus.groovy.runtime.callsite.AbstractCallSite.call(AbstractCallSite.java:113)
	at org.codehaus.groovy.runtime.callsite.AbstractCallSite.call(AbstractCallSite.java:141)
	at TempTestSuite1537202256239.run(TempTestSuite1537202256239.groovy:36)
	at groovy.lang.GroovyShell.runScriptOrMainOrTestOrRunnable(GroovyShell.java:263)
	at groovy.lang.GroovyShell.run(GroovyShell.java:518)
	at groovy.lang.GroovyShell.run(GroovyShell.java:507)
	at groovy.ui.GroovyMain.processOnce(GroovyMain.java:653)
	at groovy.ui.GroovyMain.run(GroovyMain.java:384)
	at groovy.ui.GroovyMain.process(GroovyMain.java:370)
	at groovy.ui.GroovyMain.processArgs(GroovyMain.java:129)
	at groovy.ui.GroovyMain.main(GroovyMain.java:109)
	at sun.reflect.NativeMethodAccessorImpl.invoke0(Native Method)
	at sun.reflect.NativeMethodAccessorImpl.invoke(NativeMethodAccessorImpl.java:62)
	at sun.reflect.DelegatingMethodAccessorImpl.invoke(DelegatingMethodAccessorImpl.java:43)
	at java.lang.reflect.Method.invoke(Method.java:498)
	at org.codehaus.groovy.tools.GroovyStarter.rootLoader(GroovyStarter.java:109)
	at org.codehaus.groovy.tools.GroovyStarter.main(GroovyStarter.java:131)
)"/>
         <system-out><![CDATA[2018-09-17 18:37:38 - [TEST_CASE][FAILED] - Test Cases/Opens browser: Test Cases/Opens browser FAILED because (of) (Stack trace: com.kms.katalon.core.exception.StepFailedException: Unable to open browser with url: '' (Root cause: org.openqa.selenium.WebDriverException: Unable to parse remote response: <!DOCTYPE html>
<!--[if lt IE 10 ]>
<html lang="en-US" class="old-ie no-js">
<![endif]-->
<!--[if !(IE 6) | !(IE 7) | !(IE 8)  ]><!-->
<html lang="en-US" class="no-js">
<!--<![endif]-->
<head>
	<meta charset="UTF-8" />
		<meta name="viewport" content="width=device-width, initial-scale=1, maximum-scale=1, user-scalable=0">
		<link rel="profile" href="http://gmpg.org/xfn/11" />
	<link rel="pingback" href="http://ziango.com/xmlrpc.php" />
	<title>Ziango &#8211; Great casual games for any device</title>
<script type="text/javascript">
function createCookie(a,d,b){if(b){var c=new Date;c.setTime(c.getTime()+864E5*b);b="; expires="+c.toGMTString()}else b="";document.cookie=a+"="+d+b+"; path=/"}function readCookie(a){a+="=";for(var d=document.cookie.split(";"),b=0;b<d.length;b++){for(var c=d[b];" "==c.charAt(0);)c=c.substring(1,c.length);if(0==c.indexOf(a))return c.substring(a.length,c.length)}return null}function eraseCookie(a){createCookie(a,"",-1)}
function areCookiesEnabled(){var a=!1;createCookie("testing","Hello",1);null!=readCookie("testing")&&(a=!0,eraseCookie("testing"));return a}(function(a){var d=readCookie("devicePixelRatio"),b=void 0===a.devicePixelRatio?1:a.devicePixelRatio;areCookiesEnabled()&&null==d&&(createCookie("devicePixelRatio",b,7),1!=b&&a.location.reload(!0))})(window);
</script><link rel='dns-prefetch' href='//fonts.googleapis.com' />
<link rel='dns-prefetch' href='//s.w.org' />
<link rel="alternate" type="application/rss+xml" title="Ziango &raquo; Feed" href="http://ziango.com/feed/" />
<link rel="alternate" type="application/rss+xml" title="Ziango &raquo; Comments Feed" href="http://ziango.com/comments/feed/" />
		<script type="text/javascript">
			window._wpemojiSettings = {"baseUrl":"https:\/\/s.w.org\/images\/core\/emoji\/2.3\/72x72\/","ext":".png","svgUrl":"https:\/\/s.w.org\/images\/core\/emoji\/2.3\/svg\/","svgExt":".svg","source":{"concatemoji":"http:\/\/ziango.com\/wp-includes\/js\/wp-emoji-release.min.js?ver=4.8.7"}};
			!function(a,b,c){function d(a){var b,c,d,e,f=String.fromCharCode;if(!k||!k.fillText)return!1;switch(k.clearRect(0,0,j.width,j.height),k.textBaseline="top",k.font="600 32px Arial",a){case"flag":return k.fillText(f(55356,56826,55356,56819),0,0),b=j.toDataURL(),k.clearRect(0,0,j.width,j.height),k.fillText(f(55356,56826,8203,55356,56819),0,0),c=j.toDataURL(),b!==c&&(k.clearRect(0,0,j.width,j.height),k.fillText(f(55356,57332,56128,56423,56128,56418,56128,56421,56128,56430,56128,56423,56128,56447),0,0),b=j.toDataURL(),k.clearRect(0,0,j.width,j.height),k.fillText(f(55356,57332,8203,56128,56423,8203,56128,56418,8203,56128,56421,8203,56128,56430,8203,56128,56423,8203,56128,56447),0,0),c=j.toDataURL(),b!==c);case"emoji4":return k.fillText(f(55358,56794,8205,9794,65039),0,0),d=j.toDataURL(),k.clearRect(0,0,j.width,j.height),k.fillText(f(55358,56794,8203,9794,65039),0,0),e=j.toDataURL(),d!==e}return!1}function e(a){var c=b.createElement("script");c.src=a,c.defer=c.type="text/javascript",b.getElementsByTagName("head")[0].appendChild(c)}var f,g,h,i,j=b.createElement("canvas"),k=j.getContext&&j.getContext("2d");for(i=Array("flag","emoji4"),c.supports={everything:!0,everythingExceptFlag:!0},h=0;h<i.length;h++)c.supports[i[h]]=d(i[h]),c.supports.everything=c.supports.everything&&c.supports[i[h]],"flag"!==i[h]&&(c.supports.everythingExceptFlag=c.supports.everythingExceptFlag&&c.supports[i[h]]);c.supports.everythingExceptFlag=c.supports.everythingExceptFlag&&!c.supports.flag,c.DOMReady=!1,c.readyCallback=function(){c.DOMReady=!0},c.supports.everything||(g=function(){c.readyCallback()},b.addEventListener?(b.addEventListener("DOMContentLoaded",g,!1),a.addEventListener("load",g,!1)):(a.attachEvent("onload",g),b.attachEvent("onreadystatechange",function(){"complete"===b.readyState&&c.readyCallback()})),f=c.source||{},f.concatemoji?e(f.concatemoji):f.wpemoji&&f.twemoji&&(e(f.twemoji),e(f.wpemoji)))}(window,document,window._wpemojiSettings);
		</script>
		<style type="text/css">
img.wp-smiley,
img.emoji {
	display: inline !important;
	border: none !important;
	box-shadow: none !important;
	height: 1em !important;
	width: 1em !important;
	margin: 0 .07em !important;
	vertical-align: -0.1em !important;
	background: none !important;
	padding: 0 !important;
}
</style>
<link rel='stylesheet' id='acf-vc-integrator-style-css'  href='http://ziango.com/wp-content/plugins/acf-vc-integrator/css/acf-vc-integrator-style.css?ver=4.8.7' type='text/css' media='all' />
<link rel='stylesheet' id='rs-plugin-settings-css'  href='http://ziango.com/wp-content/plugins/revslider/public/assets/css/settings.css?ver=5.4.6' type='text/css' media='all' />
<style id='rs-plugin-settings-inline-css' type='text/css'>
#rs-demo-id {}
</style>
<link rel='stylesheet' id='js_composer_front-css'  href='http://ziango.com/wp-content/plugins/js_composer/assets/css/js_composer.min.css?ver=5.3' type='text/css' media='all' />
<link rel='stylesheet' id='dt-web-fonts-css'  href='//fonts.googleapis.com/css?family=Roboto%3A300%2C400%2C500%2C600%2C700%7COpen+Sans%3A400%2C600%2C700%7CNunito%3A300%2C400%2C600%2C700&#038;ver=4.8.7' type='text/css' media='all' />
<link rel='stylesheet' id='dt-main-css'  href='http://ziango.com/wp-content/themes/dt-the7/css/main.min.css?ver=5.6.0.1' type='text/css' media='all' />
<!--[if lt IE 10]>
<link rel='stylesheet' id='dt-old-ie-css'  href='http://ziango.com/wp-content/themes/dt-the7/css/old-ie.min.css?ver=5.6.0.1' type='text/css' media='all' />
<![endif]-->
<link rel='stylesheet' id='dt-awsome-fonts-css'  href='http://ziango.com/wp-content/themes/dt-the7/fonts/FontAwesome/css/font-awesome.min.css?ver=5.6.0.1' type='text/css' media='all' />
<link rel='stylesheet' id='dt-fontello-css'  href='http://ziango.com/wp-content/themes/dt-the7/fonts/fontello/css/fontello.min.css?ver=5.6.0.1' type='text/css' media='all' />
<link rel='stylesheet' id='dt-arrow-icons-css'  href='http://ziango.com/wp-content/themes/dt-the7/fonts/icomoon-arrows-the7/style.min.css?ver=5.6.0.1' type='text/css' media='all' />
<link rel='stylesheet' id='the7pt-static-css'  href='http://ziango.com/wp-content/themes/dt-the7/css/post-type.css?ver=1.0.0' type='text/css' media='all' />
<link rel='stylesheet' id='dt-custom-old-ie-css'  href='http://ziango.com/wp-content/uploads/the7-css/custom-old-ie.css?ver=b79491390dfc' type='text/css' media='all' />
<link rel='stylesheet' id='dt-custom-css'  href='http://ziango.com/wp-content/uploads/the7-css/custom.css?ver=b79491390dfc' type='text/css' media='all' />
<link rel='stylesheet' id='dt-media-css'  href='http://ziango.com/wp-content/uploads/the7-css/media.css?ver=b79491390dfc' type='text/css' media='all' />
<link rel='stylesheet' id='the7pt.less-css'  href='http://ziango.com/wp-content/uploads/the7-css/post-type-dynamic.css?ver=b79491390dfc' type='text/css' media='all' />
<link rel='stylesheet' id='style-css'  href='http://ziango.com/wp-content/themes/dt-the7-ziango/style.css?ver=5.6.0.1' type='text/css' media='all' />
<link rel='stylesheet' id='bsf-icomoon-material-24x24-css'  href='http://ziango.com/wp-content/uploads/smile_fonts/icomoon-material-24x24/icomoon-material-24x24.css?ver=4.8.7' type='text/css' media='all' />
<link rel='stylesheet' id='bsf-icomoon-icomoonfree-16x16-css'  href='http://ziango.com/wp-content/uploads/smile_fonts/icomoon-icomoonfree-16x16/icomoon-icomoonfree-16x16.css?ver=4.8.7' type='text/css' media='all' />
<link rel='stylesheet' id='ultimate-style-css'  href='http://ziango.com/wp-content/plugins/Ultimate_VC_Addons/assets/min-css/style.min.css?ver=3.16.18' type='text/css' media='all' />
<link rel='stylesheet' id='ultimate-headings-style-css'  href='http://ziango.com/wp-content/plugins/Ultimate_VC_Addons/assets/min-css/headings.min.css?ver=3.16.18' type='text/css' media='all' />
<link rel='stylesheet' id='ult_cllink-css'  href='http://ziango.com/wp-content/plugins/Ultimate_VC_Addons/assets/min-css/creative-link.min.css?ver=3.16.18' type='text/css' media='all' />
<script type='text/javascript' src='http://ziango.com/wp-includes/js/jquery/jquery.js?ver=1.12.4'></script>
<script type='text/javascript' src='http://ziango.com/wp-includes/js/jquery/jquery-migrate.min.js?ver=1.4.1'></script>
<script type='text/javascript' src='http://ziango.com/wp-content/plugins/revslider/public/assets/js/jquery.themepunch.tools.min.js?ver=5.4.6'></script>
<script type='text/javascript' src='http://ziango.com/wp-content/plugins/revslider/public/assets/js/jquery.themepunch.revolution.min.js?ver=5.4.6'></script>
<script type='text/javascript'>
/* <![CDATA[ */
var dtLocal = {"themeUrl":"http:\/\/ziango.com\/wp-content\/themes\/dt-the7","passText":"To view this protected post, enter the password below:","moreButtonText":{"loading":"Loading...","loadMore":"Load more"},"postID":"592","ajaxurl":"http:\/\/ziango.com\/wp-admin\/admin-ajax.php","contactNonce":"0e683f0ed8","contactMessages":{"required":"One or more fields have an error. Please check and try again."},"ajaxNonce":"68daeacde4","pageData":{"type":"page","template":"page","layout":null},"themeSettings":{"smoothScroll":"off","lazyLoading":false,"accentColor":{"mode":"solid","color":"#ff9e17"},"floatingHeader":{"showAfter":94,"showMenu":true,"height":60,"logo":{"showLogo":true,"html":"<img class=\" preload-me\" src=\"http:\/\/ziango.com\/wp-content\/uploads\/2017\/10\/ziango_logo2.png\" srcset=\"http:\/\/ziango.com\/wp-content\/uploads\/2017\/10\/ziango_logo2.png 1839w, http:\/\/ziango.com\/wp-content\/uploads\/2017\/10\/ziango_logo2.png 1839w\" width=\"1839\" height=\"343\"   sizes=\"1839px\" alt=\"Ziango\" \/>","url":"http:\/\/ziango.com\/"}},"mobileHeader":{"firstSwitchPoint":990,"secondSwitchPoint":778},"content":{"textColor":"#787878","headerColor":"#178bc8"},"stripes":{"stripe1":{"textColor":"#787d85","headerColor":"#3b3f4a"},"stripe2":{"textColor":"#8b9199","headerColor":"#ffffff"},"stripe3":{"textColor":"#ffffff","headerColor":"#ffffff"}}},"VCMobileScreenWidth":"768"};
var dtShare = {"shareButtonText":{"facebook":"Share on Facebook","twitter":"Tweet","pinterest":"Pin it","linkedin":"Share on Linkedin","whatsapp":"Share on Whatsapp","google":"Share on Google Plus","download":"Download image"},"overlayOpacity":"85"};
/* ]]> */
</script>
<script type='text/javascript' src='http://ziango.com/wp-content/themes/dt-the7/js/above-the-fold.min.js?ver=5.6.0.1'></script>
<script type='text/javascript' src='http://ziango.com/wp-content/plugins/Ultimate_VC_Addons/assets/min-js/ultimate-params.min.js?ver=3.16.18'></script>
<script type='text/javascript' src='http://ziango.com/wp-content/plugins/Ultimate_VC_Addons/assets/min-js/headings.min.js?ver=3.16.18'></script>
<script type='text/javascript' src='http://ziango.com/wp-content/plugins/Ultimate_VC_Addons/assets/min-js/creative-link.min.js?ver=3.16.18'></script>
<link rel='https://api.w.org/' href='http://ziango.com/wp-json/' />
<link rel="EditURI" type="application/rsd+xml" title="RSD" href="http://ziango.com/xmlrpc.php?rsd" />
<link rel="wlwmanifest" type="application/wlwmanifest+xml" href="http://ziango.com/wp-includes/wlwmanifest.xml" /> 
<meta name="generator" content="WordPress 4.8.7" />
<link rel="canonical" href="http://ziango.com/" />
<link rel='shortlink' href='http://ziango.com/' />
<link rel="alternate" type="application/json+oembed" href="http://ziango.com/wp-json/oembed/1.0/embed?url=http%3A%2F%2Fziango.com%2F" />
<link rel="alternate" type="text/xml+oembed" href="http://ziango.com/wp-json/oembed/1.0/embed?url=http%3A%2F%2Fziango.com%2F&#038;format=xml" />
<meta property="og:site_name" content="Ziango" />
<meta property="og:title" content="Home" />
<meta property="og:url" content="http://ziango.com/" />
<meta property="og:type" content="website" />
<meta name="generator" content="Powered by WPBakery Page Builder - drag and drop page builder for WordPress."/>
<!--[if lte IE 9]><link rel="stylesheet" type="text/css" href="http://ziango.com/wp-content/plugins/js_composer/assets/css/vc_lte_ie9.min.css" media="screen"><![endif]--><meta name="generator" content="Powered by Slider Revolution 5.4.6 - responsive, Mobile-Friendly Slider Plugin for WordPress with comfortable drag and drop interface." />
<!-- icon -->
<link rel="icon" href="http://ziango.com/wp-content/uploads/2017/10/favicon-16x16.png" type="image/png" />
<link rel="shortcut icon" href="http://ziango.com/wp-content/uploads/2017/10/favicon-16x16.png" type="image/png" />
<link rel="apple-touch-icon" href="http://ziango.com/wp-content/uploads/2017/10/apple-touch-icon-60x60.png">
<link rel="apple-touch-icon" sizes="76x76" href="http://ziango.com/wp-content/uploads/2017/10/apple-touch-icon-76x76.png">
<link rel="apple-touch-icon" sizes="120x120" href="http://ziango.com/wp-content/uploads/2017/10/apple-touch-icon-120x120.png">
<link rel="apple-touch-icon" sizes="152x152" href="http://ziango.com/wp-content/uploads/2017/10/apple-touch-icon-152x152.png">
<!-- BEGIN GADWP v5.1.2.5 Universal Analytics - https://deconf.com/google-analytics-dashboard-wordpress/ -->
<script>
(function(i,s,o,g,r,a,m){i['GoogleAnalyticsObject']=r;i[r]=i[r]||function(){
	(i[r].q=i[r].q||[]).push(arguments)},i[r].l=1*new Date();a=s.createElement(o),
	m=s.getElementsByTagName(o)[0];a.async=1;a.src=g;m.parentNode.insertBefore(a,m)
})(window,document,'script','https://www.google-analytics.com/analytics.js','ga');
  ga('create', 'UA-49356820-1', 'auto');
  ga('send', 'pageview');
</script>
<!-- END GADWP Universal Analytics -->
<script type="text/javascript">function setREVStartSize(e){
				try{ var i=jQuery(window).width(),t=9999,r=0,n=0,l=0,f=0,s=0,h=0;					
					if(e.responsiveLevels&&(jQuery.each(e.responsiveLevels,function(e,f){f>i&&(t=r=f,l=e),i>f&&f>r&&(r=f,n=e)}),t>r&&(l=n)),f=e.gridheight[l]||e.gridheight[0]||e.gridheight,s=e.gridwidth[l]||e.gridwidth[0]||e.gridwidth,h=i/s,h=h>1?1:h,f=Math.round(h*f),"fullscreen"==e.sliderLayout){var u=(e.c.width(),jQuery(window).height());if(void 0!=e.fullScreenOffsetContainer){var c=e.fullScreenOffsetContainer.split(",");if (c) jQuery.each(c,function(e,i){u=jQuery(i).length>0?u-jQuery(i).outerHeight(!0):u}),e.fullScreenOffset.split("%").length>1&&void 0!=e.fullScreenOffset&&e.fullScreenOffset.length>0?u-=jQuery(window).height()*parseInt(e.fullScreenOffset,0)/100:void 0!=e.fullScreenOffset&&e.fullScreenOffset.length>0&&(u-=parseInt(e.fullScreenOffset,0))}f=u}else void 0!=e.minHeight&&f<e.minHeight&&(f=e.minHeight);e.c.closest(".rev_slider_wrapper").css({height:f})					
				}catch(d){console.log("Failure at Presize of Slider:"+d)}
			};</script>
<style type="text/css" data-type="vc_custom-css">@media screen and (max-width: 1099px) {
    p {
        font-size: 0.9em;
    }
}

@media screen and (max-width: 999px) {
    h1 {
        font-size: 0.9em;
    }
    
    p {
        font-size: 0.8em;
        line-height: 1.2;
    }
    
    #content .vc_btn3 {
        font-size: 0.8em;
    }
}
</style><style type="text/css" data-type="vc_shortcodes-custom-css">.vc_custom_1508509723144{margin-top: 1em !important;}.vc_custom_1508509760987{margin-top: 1em !important;}</style><noscript><style type="text/css"> .wpb_animate_when_almost_visible { opacity: 1; }</style></noscript>
	<link rel="stylesheet" type="text/css" href="//cdnjs.cloudflare.com/ajax/libs/cookieconsent2/3.0.3/cookieconsent.min.css" />

	<script src="//cdnjs.cloudflare.com/ajax/libs/cookieconsent2/3.0.3/cookieconsent.min.js"></script>
	
<script> // Cookie consent bar
window.addEventListener("load", function(){
window.cookieconsent.initialise({
  "palette": {
    "popup": {
      "background": "#000"
    },
    "button": {
      "background": "#f1d600"
    }
  },
  "theme": "classic",
  "content": {
    "message": "This website uses cookies and other comparable techniques: (1) for analytical purposes, (2) to ensure you get the best possible experience and advertisements on our websites and in our online games.",
    "dismiss": "Yes, I agree",
    "href": "http://ziango.com/privacy-policy/"
  }
})}); 
</script>
	</head>
<body class="home page-template-default page page-id-592 fancy-header-on disabled-hover-icons dt-responsive-on overlay-cursor-on srcset-enabled btn-flat custom-btn-color custom-btn-hover-color outlines-bullets bold-icons phantom-sticky phantom-shadow-decoration phantom-main-logo-on sticky-mobile-header top-header first-switch-logo-left first-switch-menu-right second-switch-logo-left second-switch-menu-right right-mobile-menu layzr-loading-on popup-message-style wpb-js-composer js-comp-ver-5.3 vc_responsive album-minuatures-style-2">
<!-- The7 5.6.0.1 -->

<div id="page">
	<a class="skip-link screen-reader-text" href="#content">Skip to content</a>

<div class="masthead inline-header right full-height dt-parent-menu-clickable" role="banner">

	
	<header class="header-bar">

						<div class="branding">
					<div id="site-title" class="assistive-text">Ziango</div>
					<div id="site-description" class="assistive-text">Great casual games for any device</div>
					<a href="http://ziango.com/"><img class=" preload-me" src="http://ziango.com/wp-content/uploads/2017/10/ziango_logo2.png" srcset="http://ziango.com/wp-content/uploads/2017/10/ziango_logo2.png 1839w, http://ziango.com/wp-content/uploads/2017/10/ziango_logo2.png 1839w" width="1839" height="343"   sizes="1839px" alt="Ziango" /></a>				</div>
		<ul id="primary-menu" class="main-nav underline-decoration from-centre-line outside-item-remove-margin" role="menu"><li class="menu-item menu-item-type-post_type menu-item-object-page menu-item-home current-menu-item page_item page-item-592 current_page_item menu-item-1827 act first"><a href='http://ziango.com/' data-level='1'><span class="menu-item-text"><span class="menu-text">Home</span></span></a></li> <li class="menu-item menu-item-type-post_type menu-item-object-page menu-item-2024"><a href='http://ziango.com/ziango-games/' data-level='1'><span class="menu-item-text"><span class="menu-text">Games</span></span></a></li> <li class="menu-item menu-item-type-post_type menu-item-object-page menu-item-2031"><a href='http://ziango.com/services/' data-level='1'><span class="menu-item-text"><span class="menu-text">Services</span></span></a></li> <li class="menu-item menu-item-type-post_type menu-item-object-page menu-item-2023"><a href='http://ziango.com/company/' data-level='1'><span class="menu-item-text"><span class="menu-text">Company</span></span></a></li> <li class="menu-item menu-item-type-post_type menu-item-object-page menu-item-2639"><a href='http://ziango.com/jobs/' data-level='1'><span class="menu-item-text"><span class="menu-text">Jobs</span></span></a></li> <li class="menu-item menu-item-type-post_type menu-item-object-page menu-item-2703"><a href='http://ziango.com/privacy-policy/' data-level='1'><span class="menu-item-text"><span class="menu-text">Privacy Policy</span></span></a></li> </ul>
		
	</header>

</div><div class='dt-close-mobile-menu-icon'><span></span></div>
<div class='dt-mobile-header'>
	<ul id="mobile-menu" class="mobile-main-nav" role="menu">
		<li class="menu-item menu-item-type-post_type menu-item-object-page menu-item-home current-menu-item page_item page-item-592 current_page_item menu-item-1827 act first"><a href='http://ziango.com/' data-level='1'><span class="menu-item-text"><span class="menu-text">Home</span></span></a></li> <li class="menu-item menu-item-type-post_type menu-item-object-page menu-item-2024"><a href='http://ziango.com/ziango-games/' data-level='1'><span class="menu-item-text"><span class="menu-text">Games</span></span></a></li> <li class="menu-item menu-item-type-post_type menu-item-object-page menu-item-2031"><a href='http://ziango.com/services/' data-level='1'><span class="menu-item-text"><span class="menu-text">Services</span></span></a></li> <li class="menu-item menu-item-type-post_type menu-item-object-page menu-item-2023"><a href='http://ziango.com/company/' data-level='1'><span class="menu-item-text"><span class="menu-text">Company</span></span></a></li> <li class="menu-item menu-item-type-post_type menu-item-object-page menu-item-2639"><a href='http://ziango.com/jobs/' data-level='1'><span class="menu-item-text"><span class="menu-text">Jobs</span></span></a></li> <li class="menu-item menu-item-type-post_type menu-item-object-page menu-item-2703"><a href='http://ziango.com/privacy-policy/' data-level='1'><span class="menu-item-text"><span class="menu-text">Privacy Policy</span></span></a></li> 	</ul>
	<div class='mobile-mini-widgets-in-menu'></div>
</div>
	<header id="fancy-header" class="fancy-header breadcrumbs-off content-left" style="background-color: #ffffff; background-size: cover; background-repeat: no-repeat; background-image: url(http://ziango.com/wp-content/uploads/2014/03/home_banner_2.png); background-position: center center; min-height: 0px; padding-top: 14.4010416%; padding-bottom: 14.4010416%" >
			<div class="wf-wrap">
				<div class="wf-table" style="height: 0px;"><div class="wf-td hgroup"><h1 class="fancy-title entry-title" style="color: #ffffff; font-size: 48px; line-height: 64px; text-transform: none;" ><span>"Creating great casual games</span></h1><h2 class="fancy-subtitle " style="color: #ffffff; font-size: 40px; line-height: 56px; text-transform: none;"><span>for Facebook Instant-games and other HTML5-platforms"</span></h2></div></div>
			</div>
			<span class="fancy-header-overlay" style="background-color: ;"></span>
			</header>
	
	<div id="main" class="sidebar-none sidebar-divider-off" style="padding-bottom:140px;" >

		
		<div class="main-gradient"></div>
		<div class="wf-wrap">
			<div class="wf-container-main">

				
	
		
			<div id="content" class="content" role="main">

			
					
					<div data-vc-full-width="true" data-vc-full-width-init="false" class="vc_row wpb_row vc_row-fluid row-custom-background vc_row-o-content-middle vc_row-flex"><div class="wpb_column vc_column_container vc_col-sm-5 vc_col-md-6"><div class="vc_column-inner "><div class="wpb_wrapper">
	<div  class="wpb_single_image wpb_content_element vc_align_left  wpb_animate_when_almost_visible wpb_slideInLeft slideInLeft">
		
		<figure class="wpb_wrapper vc_figure">
			<div class="vc_single_image-wrapper   vc_box_border_grey"><img width="878" height="1024" src="http://ziango.com/wp-content/uploads/2014/03/games_image-878x1024.png" class="vc_single_image-img attachment-large" alt="" srcset="http://ziango.com/wp-content/uploads/2014/03/games_image-878x1024.png 878w, http://ziango.com/wp-content/uploads/2014/03/games_image-172x200.png 172w, http://ziango.com/wp-content/uploads/2014/03/games_image-257x300.png 257w, http://ziango.com/wp-content/uploads/2014/03/games_image-768x895.png 768w, http://ziango.com/wp-content/uploads/2014/03/games_image.png 1200w" sizes="(max-width: 878px) 100vw, 878px"  data-dt-location="http://ziango.com/sample-page-2/games_image/" /></div>
		</figure>
	</div>
</div></div></div><div class="wpb_column vc_column_container vc_col-sm-7 vc_col-md-6"><div class="vc_column-inner "><div class="wpb_wrapper"><div id="ultimate-heading-45235b9fd853d7934" class="uvc-heading ult-adjust-bottom-margin ultimate-heading-45235b9fd853d7934 uvc-3219 " data-hspacer="no_spacer"  data-halign="left" style="text-align:left"><div class="uvc-heading-spacer no_spacer" style="top"></div><div class="uvc-main-heading ult-responsive"  data-ultimate-target='.uvc-heading.ultimate-heading-45235b9fd853d7934 h1'  data-responsive-json-new='{"font-size":"desktop:46px;","line-height":""}' ><h1 style="font-weight:normal;">Games</h1></div></div>
	<div class="wpb_text_column wpb_content_element " >
		<div class="wpb_wrapper">
			<p><span style="font-weight: 400;">With a focus on engagement and design novelty, we have developed over 25+ games. Both own IP, as for others.</span></p>

		</div>
	</div>
<div class="vc_btn3-container vc_btn3-left vc_custom_1508509723144" >
	<a class="vc_general vc_btn3 vc_btn3-size-md vc_btn3-shape-rounded vc_btn3-style-flat vc_btn3-color-primary" href="./ziango-games/" title="">Read more</a></div>
</div></div></div></div><div class="vc_row-full-width vc_clearfix"></div><div data-vc-full-width="true" data-vc-full-width-init="false" class="vc_row wpb_row vc_row-fluid row-custom-background row-swap-cols vc_row-o-content-middle vc_row-flex"><div class="wpb_column vc_column_container vc_col-sm-5 vc_col-md-6"><div class="vc_column-inner "><div class="wpb_wrapper">
	<div  class="wpb_single_image wpb_content_element vc_align_left  wpb_animate_when_almost_visible wpb_slideInRight slideInRight">
		
		<figure class="wpb_wrapper vc_figure">
			<div class="vc_single_image-wrapper   vc_box_border_grey"><img width="948" height="1024" src="http://ziango.com/wp-content/uploads/2014/03/services_image-948x1024.png" class="vc_single_image-img attachment-large" alt="" srcset="http://ziango.com/wp-content/uploads/2014/03/services_image-948x1024.png 948w, http://ziango.com/wp-content/uploads/2014/03/services_image-185x200.png 185w, http://ziango.com/wp-content/uploads/2014/03/services_image-278x300.png 278w, http://ziango.com/wp-content/uploads/2014/03/services_image-768x829.png 768w, http://ziango.com/wp-content/uploads/2014/03/services_image.png 1200w" sizes="(max-width: 948px) 100vw, 948px"  data-dt-location="http://ziango.com/sample-page-2/services_image/" /></div>
		</figure>
	</div>
</div></div></div><div class="wpb_column vc_column_container vc_col-sm-7 vc_col-md-6"><div class="vc_column-inner "><div class="wpb_wrapper"><div id="ultimate-heading-78445b9fd853db846" class="uvc-heading ult-adjust-bottom-margin ultimate-heading-78445b9fd853db846 uvc-140 " data-hspacer="no_spacer"  data-halign="right" style="text-align:right"><div class="uvc-heading-spacer no_spacer" style="top"></div><div class="uvc-main-heading ult-responsive"  data-ultimate-target='.uvc-heading.ultimate-heading-78445b9fd853db846 h1'  data-responsive-json-new='{"font-size":"desktop:46px;","line-height":""}' ><h1 style="font-weight:normal;">Services</h1></div></div>
	<div class="wpb_text_column wpb_content_element " >
		<div class="wpb_wrapper">
			<p style="text-align: right;"><span style="font-weight: 400;">Have your next hit-game developed by us</span></p>

		</div>
	</div>
<div class="vc_btn3-container vc_btn3-right vc_custom_1508509760987" >
	<a class="vc_general vc_btn3 vc_btn3-size-md vc_btn3-shape-rounded vc_btn3-style-flat vc_btn3-color-primary" href="./services/" title="">Read more</a></div>
</div></div></div></div><div class="vc_row-full-width vc_clearfix"></div>

					
					
					

				
			
			</div><!-- #content -->

			
		

			</div><!-- .wf-container -->
		</div><!-- .wf-wrap -->
	</div><!-- #main -->

	
	<!-- !Footer -->
	<footer id="footer" class="footer solid-bg">

		
			<div class="wf-wrap">
				<div class="wf-container-footer">
					<div class="wf-container">

						<section id="presscore-contact-form-widget-2" class="widget widget_presscore-contact-form-widget wf-cell wf-1"><div class="widget-title">Contact us</div><form class="contact-form dt-form" action="/" method="post">
<input type="hidden" name="widget_id" value="presscore-contact-form-widget-2" /><input type="hidden" name="send_message" value="" /><div class="form-fields"><span class="form-name"><label class="assistive-text">Name *</label><input type="text" class="validate[required]" placeholder="Name *" name="name" value="" aria-required="true">
</span><span class="form-mail"><label class="assistive-text">E-mail *</label><input type="text" class="validate[required,custom[email]]" placeholder="E-mail *" name="email" value="" aria-required="true">
</span></div><span class="form-message"><label class="assistive-text">Message *</label><textarea class="validate[required]" placeholder="Message *" name="message" rows="6" aria-required="true"></textarea>
</span><p><a href="#" class="dt-btn dt-btn-m dt-btn-submit" rel="nofollow"><span>Submit</span></a><input class="assistive-text" type="submit" value="submit"></p></form>
</section>
					</div><!-- .wf-container -->
				</div><!-- .wf-container-footer -->
			</div><!-- .wf-wrap -->

		
	</footer><!-- #footer -->



	<a href="#" class="scroll-top"><span class="screen-reader-text">Go to Top</span></a>

</div><!-- #page -->
<link rel='stylesheet' id='animate-css-css'  href='http://ziango.com/wp-content/plugins/js_composer/assets/lib/bower/animate-css/animate.min.css?ver=5.3' type='text/css' media='all' />
<script type='text/javascript' src='http://ziango.com/wp-content/themes/dt-the7/js/main.min.js?ver=5.6.0.1'></script>
<script type='text/javascript' src='http://ziango.com/wp-content/themes/dt-the7/js/post-type.js?ver=1.0.0'></script>
<script type='text/javascript' src='http://ziango.com/wp-includes/js/wp-embed.min.js?ver=4.8.7'></script>
<script type='text/javascript' src='http://ziango.com/wp-content/plugins/js_composer/assets/js/dist/js_composer_front.min.js?ver=5.3'></script>
<script type='text/javascript' src='http://ziango.com/wp-content/plugins/js_composer/assets/lib/waypoints/waypoints.min.js?ver=5.3'></script>
<script type='text/javascript' src='http://ziango.com/wp-content/themes/dt-the7/js/atoms/plugins/validator/jquery.validationEngine.js?ver=2.6.1'></script>
<script type='text/javascript' src='http://ziango.com/wp-content/themes/dt-the7/js/atoms/plugins/validator/languages/jquery.validationEngine-en.js?ver=2.6.1'></script>
<script type='text/javascript' src='http://ziango.com/wp-content/themes/dt-the7/js/dt-contact-form.js?ver=4.8.7'></script>

<div class="pswp" tabindex="-1" role="dialog" aria-hidden="true">
    <div class="pswp__bg"></div>
    <div class="pswp__scroll-wrap">
 
        <div class="pswp__container">
            <div class="pswp__item"></div>
            <div class="pswp__item"></div>
            <div class="pswp__item"></div>
        </div>
 
        <div class="pswp__ui pswp__ui--hidden">
            <div class="pswp__top-bar">
                <div class="pswp__counter"></div>
                <button class="pswp__button pswp__button--close" title="Close (Esc)"></button>
                <button class="pswp__button pswp__button--share" title="Share"></button>
                <button class="pswp__button pswp__button--fs" title="Toggle fullscreen"></button>
                <button class="pswp__button pswp__button--zoom" title="Zoom in/out"></button>
                <div class="pswp__preloader">
                    <div class="pswp__preloader__icn">
                      <div class="pswp__preloader__cut">
                        <div class="pswp__preloader__donut"></div>
                      </div>
                    </div>
                </div>
            </div>
            <div class="pswp__share-modal pswp__share-modal--hidden pswp__single-tap">
                <div class="pswp__share-tooltip"></div> 
            </div>
            <button class="pswp__button pswp__button--arrow--left" title="Previous (arrow left)">
            </button>
            <button class="pswp__button pswp__button--arrow--right" title="Next (arrow right)">
            </button>
            <div class="pswp__caption">
                <div class="pswp__caption__center"></div>
            </div>
        </div>
    </div>
</div>
</body>
</html>
Build info: version: '3.7.1', revision: '8a0099a', time: '2017-11-06T21:07:36.161Z'
System info: host: 'Jochens-MBP.fritz.box', ip: '2001:985:7559:1:74f8:2d:558e:14af%en0', os.name: 'Mac OS X', os.arch: 'x86_64', os.version: '10.13.6', java.version: '1.8.0_181'
Driver info: driver.version: CRemoteWebDriver)
	at com.kms.katalon.core.keyword.internal.KeywordMain.stepFailed(KeywordMain.groovy:36)
	at com.kms.katalon.core.webui.keyword.internal.WebUIKeywordMain.stepFailed(WebUIKeywordMain.groovy:65)
	at com.kms.katalon.core.webui.keyword.internal.WebUIKeywordMain.runKeyword(WebUIKeywordMain.groovy:27)
	at com.kms.katalon.core.webui.keyword.builtin.OpenBrowserKeyword.openBrowser(OpenBrowserKeyword.groovy:81)
	at com.kms.katalon.core.webui.keyword.builtin.OpenBrowserKeyword.execute(OpenBrowserKeyword.groovy:67)
	at com.kms.katalon.core.keyword.internal.KeywordExecutor.executeKeywordForPlatform(KeywordExecutor.groovy:53)
	at com.kms.katalon.core.webui.keyword.WebUiBuiltInKeywords.openBrowser(WebUiBuiltInKeywords.groovy:60)
	at com.kms.katalon.core.webui.keyword.WebUiBuiltInKeywords$openBrowser.call(Unknown Source)
	at org.codehaus.groovy.runtime.callsite.CallSiteArray.defaultCall(CallSiteArray.java:48)
	at org.codehaus.groovy.runtime.callsite.AbstractCallSite.call(AbstractCallSite.java:113)
	at org.codehaus.groovy.runtime.callsite.AbstractCallSite.call(AbstractCallSite.java:125)
	at Script1537198796161.run(Script1537198796161.groovy:16)
	at com.kms.katalon.core.main.ScriptEngine.run(ScriptEngine.java:183)
	at com.kms.katalon.core.main.ScriptEngine.runScriptAsRawText(ScriptEngine.java:108)
	at com.kms.katalon.core.main.TestCaseExecutor.runScript(TestCaseExecutor.java:294)
	at com.kms.katalon.core.main.TestCaseExecutor.doExecute(TestCaseExecutor.java:285)
	at com.kms.katalon.core.main.TestCaseExecutor.processExecutionPhase(TestCaseExecutor.java:264)
	at com.kms.katalon.core.main.TestCaseExecutor.accessMainPhase(TestCaseExecutor.java:256)
	at com.kms.katalon.core.main.TestCaseExecutor.execute(TestCaseExecutor.java:200)
	at com.kms.katalon.core.main.TestSuiteExecutor.accessTestCaseMainPhase(TestSuiteExecutor.java:129)
	at com.kms.katalon.core.main.TestSuiteExecutor.accessTestSuiteMainPhase(TestSuiteExecutor.java:112)
	at com.kms.katalon.core.main.TestSuiteExecutor.execute(TestSuiteExecutor.java:81)
	at com.kms.katalon.core.main.TestCaseMain.startTestSuite(TestCaseMain.java:142)
	at com.kms.katalon.core.main.TestCaseMain$startTestSuite$0.call(Unknown Source)
	at org.codehaus.groovy.runtime.callsite.CallSiteArray.defaultCall(CallSiteArray.java:48)
	at org.codehaus.groovy.runtime.callsite.AbstractCallSite.call(AbstractCallSite.java:113)
	at org.codehaus.groovy.runtime.callsite.AbstractCallSite.call(AbstractCallSite.java:141)
	at TempTestSuite1537202256239.run(TempTestSuite1537202256239.groovy:36)
	at groovy.lang.GroovyShell.runScriptOrMainOrTestOrRunnable(GroovyShell.java:263)
	at groovy.lang.GroovyShell.run(GroovyShell.java:518)
	at groovy.lang.GroovyShell.run(GroovyShell.java:507)
	at groovy.ui.GroovyMain.processOnce(GroovyMain.java:653)
	at groovy.ui.GroovyMain.run(GroovyMain.java:384)
	at groovy.ui.GroovyMain.process(GroovyMain.java:370)
	at groovy.ui.GroovyMain.processArgs(GroovyMain.java:129)
	at groovy.ui.GroovyMain.main(GroovyMain.java:109)
	at sun.reflect.NativeMethodAccessorImpl.invoke0(Native Method)
	at sun.reflect.NativeMethodAccessorImpl.invoke(NativeMethodAccessorImpl.java:62)
	at sun.reflect.DelegatingMethodAccessorImpl.invoke(DelegatingMethodAccessorImpl.java:43)
	at java.lang.reflect.Method.invoke(Method.java:498)
	at org.codehaus.groovy.tools.GroovyStarter.rootLoader(GroovyStarter.java:109)
	at org.codehaus.groovy.tools.GroovyStarter.main(GroovyStarter.java:131)
)

2018-09-17 18:37:38 - [TEST_STEP][FAILED] - openBrowser: Unable to open browser with url: '' (Root cause: org.openqa.selenium.WebDriverException: Unable to parse remote response: <!DOCTYPE html>
<!--[if lt IE 10 ]>
<html lang="en-US" class="old-ie no-js">
<![endif]-->
<!--[if !(IE 6) | !(IE 7) | !(IE 8)  ]><!-->
<html lang="en-US" class="no-js">
<!--<![endif]-->
<head>
	<meta charset="UTF-8" />
		<meta name="viewport" content="width=device-width, initial-scale=1, maximum-scale=1, user-scalable=0">
		<link rel="profile" href="http://gmpg.org/xfn/11" />
	<link rel="pingback" href="http://ziango.com/xmlrpc.php" />
	<title>Ziango &#8211; Great casual games for any device</title>
<script type="text/javascript">
function createCookie(a,d,b){if(b){var c=new Date;c.setTime(c.getTime()+864E5*b);b="; expires="+c.toGMTString()}else b="";document.cookie=a+"="+d+b+"; path=/"}function readCookie(a){a+="=";for(var d=document.cookie.split(";"),b=0;b<d.length;b++){for(var c=d[b];" "==c.charAt(0);)c=c.substring(1,c.length);if(0==c.indexOf(a))return c.substring(a.length,c.length)}return null}function eraseCookie(a){createCookie(a,"",-1)}
function areCookiesEnabled(){var a=!1;createCookie("testing","Hello",1);null!=readCookie("testing")&&(a=!0,eraseCookie("testing"));return a}(function(a){var d=readCookie("devicePixelRatio"),b=void 0===a.devicePixelRatio?1:a.devicePixelRatio;areCookiesEnabled()&&null==d&&(createCookie("devicePixelRatio",b,7),1!=b&&a.location.reload(!0))})(window);
</script><link rel='dns-prefetch' href='//fonts.googleapis.com' />
<link rel='dns-prefetch' href='//s.w.org' />
<link rel="alternate" type="application/rss+xml" title="Ziango &raquo; Feed" href="http://ziango.com/feed/" />
<link rel="alternate" type="application/rss+xml" title="Ziango &raquo; Comments Feed" href="http://ziango.com/comments/feed/" />
		<script type="text/javascript">
			window._wpemojiSettings = {"baseUrl":"https:\/\/s.w.org\/images\/core\/emoji\/2.3\/72x72\/","ext":".png","svgUrl":"https:\/\/s.w.org\/images\/core\/emoji\/2.3\/svg\/","svgExt":".svg","source":{"concatemoji":"http:\/\/ziango.com\/wp-includes\/js\/wp-emoji-release.min.js?ver=4.8.7"}};
			!function(a,b,c){function d(a){var b,c,d,e,f=String.fromCharCode;if(!k||!k.fillText)return!1;switch(k.clearRect(0,0,j.width,j.height),k.textBaseline="top",k.font="600 32px Arial",a){case"flag":return k.fillText(f(55356,56826,55356,56819),0,0),b=j.toDataURL(),k.clearRect(0,0,j.width,j.height),k.fillText(f(55356,56826,8203,55356,56819),0,0),c=j.toDataURL(),b!==c&&(k.clearRect(0,0,j.width,j.height),k.fillText(f(55356,57332,56128,56423,56128,56418,56128,56421,56128,56430,56128,56423,56128,56447),0,0),b=j.toDataURL(),k.clearRect(0,0,j.width,j.height),k.fillText(f(55356,57332,8203,56128,56423,8203,56128,56418,8203,56128,56421,8203,56128,56430,8203,56128,56423,8203,56128,56447),0,0),c=j.toDataURL(),b!==c);case"emoji4":return k.fillText(f(55358,56794,8205,9794,65039),0,0),d=j.toDataURL(),k.clearRect(0,0,j.width,j.height),k.fillText(f(55358,56794,8203,9794,65039),0,0),e=j.toDataURL(),d!==e}return!1}function e(a){var c=b.createElement("script");c.src=a,c.defer=c.type="text/javascript",b.getElementsByTagName("head")[0].appendChild(c)}var f,g,h,i,j=b.createElement("canvas"),k=j.getContext&&j.getContext("2d");for(i=Array("flag","emoji4"),c.supports={everything:!0,everythingExceptFlag:!0},h=0;h<i.length;h++)c.supports[i[h]]=d(i[h]),c.supports.everything=c.supports.everything&&c.supports[i[h]],"flag"!==i[h]&&(c.supports.everythingExceptFlag=c.supports.everythingExceptFlag&&c.supports[i[h]]);c.supports.everythingExceptFlag=c.supports.everythingExceptFlag&&!c.supports.flag,c.DOMReady=!1,c.readyCallback=function(){c.DOMReady=!0},c.supports.everything||(g=function(){c.readyCallback()},b.addEventListener?(b.addEventListener("DOMContentLoaded",g,!1),a.addEventListener("load",g,!1)):(a.attachEvent("onload",g),b.attachEvent("onreadystatechange",function(){"complete"===b.readyState&&c.readyCallback()})),f=c.source||{},f.concatemoji?e(f.concatemoji):f.wpemoji&&f.twemoji&&(e(f.twemoji),e(f.wpemoji)))}(window,document,window._wpemojiSettings);
		</script>
		<style type="text/css">
img.wp-smiley,
img.emoji {
	display: inline !important;
	border: none !important;
	box-shadow: none !important;
	height: 1em !important;
	width: 1em !important;
	margin: 0 .07em !important;
	vertical-align: -0.1em !important;
	background: none !important;
	padding: 0 !important;
}
</style>
<link rel='stylesheet' id='acf-vc-integrator-style-css'  href='http://ziango.com/wp-content/plugins/acf-vc-integrator/css/acf-vc-integrator-style.css?ver=4.8.7' type='text/css' media='all' />
<link rel='stylesheet' id='rs-plugin-settings-css'  href='http://ziango.com/wp-content/plugins/revslider/public/assets/css/settings.css?ver=5.4.6' type='text/css' media='all' />
<style id='rs-plugin-settings-inline-css' type='text/css'>
#rs-demo-id {}
</style>
<link rel='stylesheet' id='js_composer_front-css'  href='http://ziango.com/wp-content/plugins/js_composer/assets/css/js_composer.min.css?ver=5.3' type='text/css' media='all' />
<link rel='stylesheet' id='dt-web-fonts-css'  href='//fonts.googleapis.com/css?family=Roboto%3A300%2C400%2C500%2C600%2C700%7COpen+Sans%3A400%2C600%2C700%7CNunito%3A300%2C400%2C600%2C700&#038;ver=4.8.7' type='text/css' media='all' />
<link rel='stylesheet' id='dt-main-css'  href='http://ziango.com/wp-content/themes/dt-the7/css/main.min.css?ver=5.6.0.1' type='text/css' media='all' />
<!--[if lt IE 10]>
<link rel='stylesheet' id='dt-old-ie-css'  href='http://ziango.com/wp-content/themes/dt-the7/css/old-ie.min.css?ver=5.6.0.1' type='text/css' media='all' />
<![endif]-->
<link rel='stylesheet' id='dt-awsome-fonts-css'  href='http://ziango.com/wp-content/themes/dt-the7/fonts/FontAwesome/css/font-awesome.min.css?ver=5.6.0.1' type='text/css' media='all' />
<link rel='stylesheet' id='dt-fontello-css'  href='http://ziango.com/wp-content/themes/dt-the7/fonts/fontello/css/fontello.min.css?ver=5.6.0.1' type='text/css' media='all' />
<link rel='stylesheet' id='dt-arrow-icons-css'  href='http://ziango.com/wp-content/themes/dt-the7/fonts/icomoon-arrows-the7/style.min.css?ver=5.6.0.1' type='text/css' media='all' />
<link rel='stylesheet' id='the7pt-static-css'  href='http://ziango.com/wp-content/themes/dt-the7/css/post-type.css?ver=1.0.0' type='text/css' media='all' />
<link rel='stylesheet' id='dt-custom-old-ie-css'  href='http://ziango.com/wp-content/uploads/the7-css/custom-old-ie.css?ver=b79491390dfc' type='text/css' media='all' />
<link rel='stylesheet' id='dt-custom-css'  href='http://ziango.com/wp-content/uploads/the7-css/custom.css?ver=b79491390dfc' type='text/css' media='all' />
<link rel='stylesheet' id='dt-media-css'  href='http://ziango.com/wp-content/uploads/the7-css/media.css?ver=b79491390dfc' type='text/css' media='all' />
<link rel='stylesheet' id='the7pt.less-css'  href='http://ziango.com/wp-content/uploads/the7-css/post-type-dynamic.css?ver=b79491390dfc' type='text/css' media='all' />
<link rel='stylesheet' id='style-css'  href='http://ziango.com/wp-content/themes/dt-the7-ziango/style.css?ver=5.6.0.1' type='text/css' media='all' />
<link rel='stylesheet' id='bsf-icomoon-material-24x24-css'  href='http://ziango.com/wp-content/uploads/smile_fonts/icomoon-material-24x24/icomoon-material-24x24.css?ver=4.8.7' type='text/css' media='all' />
<link rel='stylesheet' id='bsf-icomoon-icomoonfree-16x16-css'  href='http://ziango.com/wp-content/uploads/smile_fonts/icomoon-icomoonfree-16x16/icomoon-icomoonfree-16x16.css?ver=4.8.7' type='text/css' media='all' />
<link rel='stylesheet' id='ultimate-style-css'  href='http://ziango.com/wp-content/plugins/Ultimate_VC_Addons/assets/min-css/style.min.css?ver=3.16.18' type='text/css' media='all' />
<link rel='stylesheet' id='ultimate-headings-style-css'  href='http://ziango.com/wp-content/plugins/Ultimate_VC_Addons/assets/min-css/headings.min.css?ver=3.16.18' type='text/css' media='all' />
<link rel='stylesheet' id='ult_cllink-css'  href='http://ziango.com/wp-content/plugins/Ultimate_VC_Addons/assets/min-css/creative-link.min.css?ver=3.16.18' type='text/css' media='all' />
<script type='text/javascript' src='http://ziango.com/wp-includes/js/jquery/jquery.js?ver=1.12.4'></script>
<script type='text/javascript' src='http://ziango.com/wp-includes/js/jquery/jquery-migrate.min.js?ver=1.4.1'></script>
<script type='text/javascript' src='http://ziango.com/wp-content/plugins/revslider/public/assets/js/jquery.themepunch.tools.min.js?ver=5.4.6'></script>
<script type='text/javascript' src='http://ziango.com/wp-content/plugins/revslider/public/assets/js/jquery.themepunch.revolution.min.js?ver=5.4.6'></script>
<script type='text/javascript'>
/* <![CDATA[ */
var dtLocal = {"themeUrl":"http:\/\/ziango.com\/wp-content\/themes\/dt-the7","passText":"To view this protected post, enter the password below:","moreButtonText":{"loading":"Loading...","loadMore":"Load more"},"postID":"592","ajaxurl":"http:\/\/ziango.com\/wp-admin\/admin-ajax.php","contactNonce":"0e683f0ed8","contactMessages":{"required":"One or more fields have an error. Please check and try again."},"ajaxNonce":"68daeacde4","pageData":{"type":"page","template":"page","layout":null},"themeSettings":{"smoothScroll":"off","lazyLoading":false,"accentColor":{"mode":"solid","color":"#ff9e17"},"floatingHeader":{"showAfter":94,"showMenu":true,"height":60,"logo":{"showLogo":true,"html":"<img class=\" preload-me\" src=\"http:\/\/ziango.com\/wp-content\/uploads\/2017\/10\/ziango_logo2.png\" srcset=\"http:\/\/ziango.com\/wp-content\/uploads\/2017\/10\/ziango_logo2.png 1839w, http:\/\/ziango.com\/wp-content\/uploads\/2017\/10\/ziango_logo2.png 1839w\" width=\"1839\" height=\"343\"   sizes=\"1839px\" alt=\"Ziango\" \/>","url":"http:\/\/ziango.com\/"}},"mobileHeader":{"firstSwitchPoint":990,"secondSwitchPoint":778},"content":{"textColor":"#787878","headerColor":"#178bc8"},"stripes":{"stripe1":{"textColor":"#787d85","headerColor":"#3b3f4a"},"stripe2":{"textColor":"#8b9199","headerColor":"#ffffff"},"stripe3":{"textColor":"#ffffff","headerColor":"#ffffff"}}},"VCMobileScreenWidth":"768"};
var dtShare = {"shareButtonText":{"facebook":"Share on Facebook","twitter":"Tweet","pinterest":"Pin it","linkedin":"Share on Linkedin","whatsapp":"Share on Whatsapp","google":"Share on Google Plus","download":"Download image"},"overlayOpacity":"85"};
/* ]]> */
</script>
<script type='text/javascript' src='http://ziango.com/wp-content/themes/dt-the7/js/above-the-fold.min.js?ver=5.6.0.1'></script>
<script type='text/javascript' src='http://ziango.com/wp-content/plugins/Ultimate_VC_Addons/assets/min-js/ultimate-params.min.js?ver=3.16.18'></script>
<script type='text/javascript' src='http://ziango.com/wp-content/plugins/Ultimate_VC_Addons/assets/min-js/headings.min.js?ver=3.16.18'></script>
<script type='text/javascript' src='http://ziango.com/wp-content/plugins/Ultimate_VC_Addons/assets/min-js/creative-link.min.js?ver=3.16.18'></script>
<link rel='https://api.w.org/' href='http://ziango.com/wp-json/' />
<link rel="EditURI" type="application/rsd+xml" title="RSD" href="http://ziango.com/xmlrpc.php?rsd" />
<link rel="wlwmanifest" type="application/wlwmanifest+xml" href="http://ziango.com/wp-includes/wlwmanifest.xml" /> 
<meta name="generator" content="WordPress 4.8.7" />
<link rel="canonical" href="http://ziango.com/" />
<link rel='shortlink' href='http://ziango.com/' />
<link rel="alternate" type="application/json+oembed" href="http://ziango.com/wp-json/oembed/1.0/embed?url=http%3A%2F%2Fziango.com%2F" />
<link rel="alternate" type="text/xml+oembed" href="http://ziango.com/wp-json/oembed/1.0/embed?url=http%3A%2F%2Fziango.com%2F&#038;format=xml" />
<meta property="og:site_name" content="Ziango" />
<meta property="og:title" content="Home" />
<meta property="og:url" content="http://ziango.com/" />
<meta property="og:type" content="website" />
<meta name="generator" content="Powered by WPBakery Page Builder - drag and drop page builder for WordPress."/>
<!--[if lte IE 9]><link rel="stylesheet" type="text/css" href="http://ziango.com/wp-content/plugins/js_composer/assets/css/vc_lte_ie9.min.css" media="screen"><![endif]--><meta name="generator" content="Powered by Slider Revolution 5.4.6 - responsive, Mobile-Friendly Slider Plugin for WordPress with comfortable drag and drop interface." />
<!-- icon -->
<link rel="icon" href="http://ziango.com/wp-content/uploads/2017/10/favicon-16x16.png" type="image/png" />
<link rel="shortcut icon" href="http://ziango.com/wp-content/uploads/2017/10/favicon-16x16.png" type="image/png" />
<link rel="apple-touch-icon" href="http://ziango.com/wp-content/uploads/2017/10/apple-touch-icon-60x60.png">
<link rel="apple-touch-icon" sizes="76x76" href="http://ziango.com/wp-content/uploads/2017/10/apple-touch-icon-76x76.png">
<link rel="apple-touch-icon" sizes="120x120" href="http://ziango.com/wp-content/uploads/2017/10/apple-touch-icon-120x120.png">
<link rel="apple-touch-icon" sizes="152x152" href="http://ziango.com/wp-content/uploads/2017/10/apple-touch-icon-152x152.png">
<!-- BEGIN GADWP v5.1.2.5 Universal Analytics - https://deconf.com/google-analytics-dashboard-wordpress/ -->
<script>
(function(i,s,o,g,r,a,m){i['GoogleAnalyticsObject']=r;i[r]=i[r]||function(){
	(i[r].q=i[r].q||[]).push(arguments)},i[r].l=1*new Date();a=s.createElement(o),
	m=s.getElementsByTagName(o)[0];a.async=1;a.src=g;m.parentNode.insertBefore(a,m)
})(window,document,'script','https://www.google-analytics.com/analytics.js','ga');
  ga('create', 'UA-49356820-1', 'auto');
  ga('send', 'pageview');
</script>
<!-- END GADWP Universal Analytics -->
<script type="text/javascript">function setREVStartSize(e){
				try{ var i=jQuery(window).width(),t=9999,r=0,n=0,l=0,f=0,s=0,h=0;					
					if(e.responsiveLevels&&(jQuery.each(e.responsiveLevels,function(e,f){f>i&&(t=r=f,l=e),i>f&&f>r&&(r=f,n=e)}),t>r&&(l=n)),f=e.gridheight[l]||e.gridheight[0]||e.gridheight,s=e.gridwidth[l]||e.gridwidth[0]||e.gridwidth,h=i/s,h=h>1?1:h,f=Math.round(h*f),"fullscreen"==e.sliderLayout){var u=(e.c.width(),jQuery(window).height());if(void 0!=e.fullScreenOffsetContainer){var c=e.fullScreenOffsetContainer.split(",");if (c) jQuery.each(c,function(e,i){u=jQuery(i).length>0?u-jQuery(i).outerHeight(!0):u}),e.fullScreenOffset.split("%").length>1&&void 0!=e.fullScreenOffset&&e.fullScreenOffset.length>0?u-=jQuery(window).height()*parseInt(e.fullScreenOffset,0)/100:void 0!=e.fullScreenOffset&&e.fullScreenOffset.length>0&&(u-=parseInt(e.fullScreenOffset,0))}f=u}else void 0!=e.minHeight&&f<e.minHeight&&(f=e.minHeight);e.c.closest(".rev_slider_wrapper").css({height:f})					
				}catch(d){console.log("Failure at Presize of Slider:"+d)}
			};</script>
<style type="text/css" data-type="vc_custom-css">@media screen and (max-width: 1099px) {
    p {
        font-size: 0.9em;
    }
}

@media screen and (max-width: 999px) {
    h1 {
        font-size: 0.9em;
    }
    
    p {
        font-size: 0.8em;
        line-height: 1.2;
    }
    
    #content .vc_btn3 {
        font-size: 0.8em;
    }
}
</style><style type="text/css" data-type="vc_shortcodes-custom-css">.vc_custom_1508509723144{margin-top: 1em !important;}.vc_custom_1508509760987{margin-top: 1em !important;}</style><noscript><style type="text/css"> .wpb_animate_when_almost_visible { opacity: 1; }</style></noscript>
	<link rel="stylesheet" type="text/css" href="//cdnjs.cloudflare.com/ajax/libs/cookieconsent2/3.0.3/cookieconsent.min.css" />

	<script src="//cdnjs.cloudflare.com/ajax/libs/cookieconsent2/3.0.3/cookieconsent.min.js"></script>
	
<script> // Cookie consent bar
window.addEventListener("load", function(){
window.cookieconsent.initialise({
  "palette": {
    "popup": {
      "background": "#000"
    },
    "button": {
      "background": "#f1d600"
    }
  },
  "theme": "classic",
  "content": {
    "message": "This website uses cookies and other comparable techniques: (1) for analytical purposes, (2) to ensure you get the best possible experience and advertisements on our websites and in our online games.",
    "dismiss": "Yes, I agree",
    "href": "http://ziango.com/privacy-policy/"
  }
})}); 
</script>
	</head>
<body class="home page-template-default page page-id-592 fancy-header-on disabled-hover-icons dt-responsive-on overlay-cursor-on srcset-enabled btn-flat custom-btn-color custom-btn-hover-color outlines-bullets bold-icons phantom-sticky phantom-shadow-decoration phantom-main-logo-on sticky-mobile-header top-header first-switch-logo-left first-switch-menu-right second-switch-logo-left second-switch-menu-right right-mobile-menu layzr-loading-on popup-message-style wpb-js-composer js-comp-ver-5.3 vc_responsive album-minuatures-style-2">
<!-- The7 5.6.0.1 -->

<div id="page">
	<a class="skip-link screen-reader-text" href="#content">Skip to content</a>

<div class="masthead inline-header right full-height dt-parent-menu-clickable" role="banner">

	
	<header class="header-bar">

						<div class="branding">
					<div id="site-title" class="assistive-text">Ziango</div>
					<div id="site-description" class="assistive-text">Great casual games for any device</div>
					<a href="http://ziango.com/"><img class=" preload-me" src="http://ziango.com/wp-content/uploads/2017/10/ziango_logo2.png" srcset="http://ziango.com/wp-content/uploads/2017/10/ziango_logo2.png 1839w, http://ziango.com/wp-content/uploads/2017/10/ziango_logo2.png 1839w" width="1839" height="343"   sizes="1839px" alt="Ziango" /></a>				</div>
		<ul id="primary-menu" class="main-nav underline-decoration from-centre-line outside-item-remove-margin" role="menu"><li class="menu-item menu-item-type-post_type menu-item-object-page menu-item-home current-menu-item page_item page-item-592 current_page_item menu-item-1827 act first"><a href='http://ziango.com/' data-level='1'><span class="menu-item-text"><span class="menu-text">Home</span></span></a></li> <li class="menu-item menu-item-type-post_type menu-item-object-page menu-item-2024"><a href='http://ziango.com/ziango-games/' data-level='1'><span class="menu-item-text"><span class="menu-text">Games</span></span></a></li> <li class="menu-item menu-item-type-post_type menu-item-object-page menu-item-2031"><a href='http://ziango.com/services/' data-level='1'><span class="menu-item-text"><span class="menu-text">Services</span></span></a></li> <li class="menu-item menu-item-type-post_type menu-item-object-page menu-item-2023"><a href='http://ziango.com/company/' data-level='1'><span class="menu-item-text"><span class="menu-text">Company</span></span></a></li> <li class="menu-item menu-item-type-post_type menu-item-object-page menu-item-2639"><a href='http://ziango.com/jobs/' data-level='1'><span class="menu-item-text"><span class="menu-text">Jobs</span></span></a></li> <li class="menu-item menu-item-type-post_type menu-item-object-page menu-item-2703"><a href='http://ziango.com/privacy-policy/' data-level='1'><span class="menu-item-text"><span class="menu-text">Privacy Policy</span></span></a></li> </ul>
		
	</header>

</div><div class='dt-close-mobile-menu-icon'><span></span></div>
<div class='dt-mobile-header'>
	<ul id="mobile-menu" class="mobile-main-nav" role="menu">
		<li class="menu-item menu-item-type-post_type menu-item-object-page menu-item-home current-menu-item page_item page-item-592 current_page_item menu-item-1827 act first"><a href='http://ziango.com/' data-level='1'><span class="menu-item-text"><span class="menu-text">Home</span></span></a></li> <li class="menu-item menu-item-type-post_type menu-item-object-page menu-item-2024"><a href='http://ziango.com/ziango-games/' data-level='1'><span class="menu-item-text"><span class="menu-text">Games</span></span></a></li> <li class="menu-item menu-item-type-post_type menu-item-object-page menu-item-2031"><a href='http://ziango.com/services/' data-level='1'><span class="menu-item-text"><span class="menu-text">Services</span></span></a></li> <li class="menu-item menu-item-type-post_type menu-item-object-page menu-item-2023"><a href='http://ziango.com/company/' data-level='1'><span class="menu-item-text"><span class="menu-text">Company</span></span></a></li> <li class="menu-item menu-item-type-post_type menu-item-object-page menu-item-2639"><a href='http://ziango.com/jobs/' data-level='1'><span class="menu-item-text"><span class="menu-text">Jobs</span></span></a></li> <li class="menu-item menu-item-type-post_type menu-item-object-page menu-item-2703"><a href='http://ziango.com/privacy-policy/' data-level='1'><span class="menu-item-text"><span class="menu-text">Privacy Policy</span></span></a></li> 	</ul>
	<div class='mobile-mini-widgets-in-menu'></div>
</div>
	<header id="fancy-header" class="fancy-header breadcrumbs-off content-left" style="background-color: #ffffff; background-size: cover; background-repeat: no-repeat; background-image: url(http://ziango.com/wp-content/uploads/2014/03/home_banner_2.png); background-position: center center; min-height: 0px; padding-top: 14.4010416%; padding-bottom: 14.4010416%" >
			<div class="wf-wrap">
				<div class="wf-table" style="height: 0px;"><div class="wf-td hgroup"><h1 class="fancy-title entry-title" style="color: #ffffff; font-size: 48px; line-height: 64px; text-transform: none;" ><span>"Creating great casual games</span></h1><h2 class="fancy-subtitle " style="color: #ffffff; font-size: 40px; line-height: 56px; text-transform: none;"><span>for Facebook Instant-games and other HTML5-platforms"</span></h2></div></div>
			</div>
			<span class="fancy-header-overlay" style="background-color: ;"></span>
			</header>
	
	<div id="main" class="sidebar-none sidebar-divider-off" style="padding-bottom:140px;" >

		
		<div class="main-gradient"></div>
		<div class="wf-wrap">
			<div class="wf-container-main">

				
	
		
			<div id="content" class="content" role="main">

			
					
					<div data-vc-full-width="true" data-vc-full-width-init="false" class="vc_row wpb_row vc_row-fluid row-custom-background vc_row-o-content-middle vc_row-flex"><div class="wpb_column vc_column_container vc_col-sm-5 vc_col-md-6"><div class="vc_column-inner "><div class="wpb_wrapper">
	<div  class="wpb_single_image wpb_content_element vc_align_left  wpb_animate_when_almost_visible wpb_slideInLeft slideInLeft">
		
		<figure class="wpb_wrapper vc_figure">
			<div class="vc_single_image-wrapper   vc_box_border_grey"><img width="878" height="1024" src="http://ziango.com/wp-content/uploads/2014/03/games_image-878x1024.png" class="vc_single_image-img attachment-large" alt="" srcset="http://ziango.com/wp-content/uploads/2014/03/games_image-878x1024.png 878w, http://ziango.com/wp-content/uploads/2014/03/games_image-172x200.png 172w, http://ziango.com/wp-content/uploads/2014/03/games_image-257x300.png 257w, http://ziango.com/wp-content/uploads/2014/03/games_image-768x895.png 768w, http://ziango.com/wp-content/uploads/2014/03/games_image.png 1200w" sizes="(max-width: 878px) 100vw, 878px"  data-dt-location="http://ziango.com/sample-page-2/games_image/" /></div>
		</figure>
	</div>
</div></div></div><div class="wpb_column vc_column_container vc_col-sm-7 vc_col-md-6"><div class="vc_column-inner "><div class="wpb_wrapper"><div id="ultimate-heading-45235b9fd853d7934" class="uvc-heading ult-adjust-bottom-margin ultimate-heading-45235b9fd853d7934 uvc-3219 " data-hspacer="no_spacer"  data-halign="left" style="text-align:left"><div class="uvc-heading-spacer no_spacer" style="top"></div><div class="uvc-main-heading ult-responsive"  data-ultimate-target='.uvc-heading.ultimate-heading-45235b9fd853d7934 h1'  data-responsive-json-new='{"font-size":"desktop:46px;","line-height":""}' ><h1 style="font-weight:normal;">Games</h1></div></div>
	<div class="wpb_text_column wpb_content_element " >
		<div class="wpb_wrapper">
			<p><span style="font-weight: 400;">With a focus on engagement and design novelty, we have developed over 25+ games. Both own IP, as for others.</span></p>

		</div>
	</div>
<div class="vc_btn3-container vc_btn3-left vc_custom_1508509723144" >
	<a class="vc_general vc_btn3 vc_btn3-size-md vc_btn3-shape-rounded vc_btn3-style-flat vc_btn3-color-primary" href="./ziango-games/" title="">Read more</a></div>
</div></div></div></div><div class="vc_row-full-width vc_clearfix"></div><div data-vc-full-width="true" data-vc-full-width-init="false" class="vc_row wpb_row vc_row-fluid row-custom-background row-swap-cols vc_row-o-content-middle vc_row-flex"><div class="wpb_column vc_column_container vc_col-sm-5 vc_col-md-6"><div class="vc_column-inner "><div class="wpb_wrapper">
	<div  class="wpb_single_image wpb_content_element vc_align_left  wpb_animate_when_almost_visible wpb_slideInRight slideInRight">
		
		<figure class="wpb_wrapper vc_figure">
			<div class="vc_single_image-wrapper   vc_box_border_grey"><img width="948" height="1024" src="http://ziango.com/wp-content/uploads/2014/03/services_image-948x1024.png" class="vc_single_image-img attachment-large" alt="" srcset="http://ziango.com/wp-content/uploads/2014/03/services_image-948x1024.png 948w, http://ziango.com/wp-content/uploads/2014/03/services_image-185x200.png 185w, http://ziango.com/wp-content/uploads/2014/03/services_image-278x300.png 278w, http://ziango.com/wp-content/uploads/2014/03/services_image-768x829.png 768w, http://ziango.com/wp-content/uploads/2014/03/services_image.png 1200w" sizes="(max-width: 948px) 100vw, 948px"  data-dt-location="http://ziango.com/sample-page-2/services_image/" /></div>
		</figure>
	</div>
</div></div></div><div class="wpb_column vc_column_container vc_col-sm-7 vc_col-md-6"><div class="vc_column-inner "><div class="wpb_wrapper"><div id="ultimate-heading-78445b9fd853db846" class="uvc-heading ult-adjust-bottom-margin ultimate-heading-78445b9fd853db846 uvc-140 " data-hspacer="no_spacer"  data-halign="right" style="text-align:right"><div class="uvc-heading-spacer no_spacer" style="top"></div><div class="uvc-main-heading ult-responsive"  data-ultimate-target='.uvc-heading.ultimate-heading-78445b9fd853db846 h1'  data-responsive-json-new='{"font-size":"desktop:46px;","line-height":""}' ><h1 style="font-weight:normal;">Services</h1></div></div>
	<div class="wpb_text_column wpb_content_element " >
		<div class="wpb_wrapper">
			<p style="text-align: right;"><span style="font-weight: 400;">Have your next hit-game developed by us</span></p>

		</div>
	</div>
<div class="vc_btn3-container vc_btn3-right vc_custom_1508509760987" >
	<a class="vc_general vc_btn3 vc_btn3-size-md vc_btn3-shape-rounded vc_btn3-style-flat vc_btn3-color-primary" href="./services/" title="">Read more</a></div>
</div></div></div></div><div class="vc_row-full-width vc_clearfix"></div>

					
					
					

				
			
			</div><!-- #content -->

			
		

			</div><!-- .wf-container -->
		</div><!-- .wf-wrap -->
	</div><!-- #main -->

	
	<!-- !Footer -->
	<footer id="footer" class="footer solid-bg">

		
			<div class="wf-wrap">
				<div class="wf-container-footer">
					<div class="wf-container">

						<section id="presscore-contact-form-widget-2" class="widget widget_presscore-contact-form-widget wf-cell wf-1"><div class="widget-title">Contact us</div><form class="contact-form dt-form" action="/" method="post">
<input type="hidden" name="widget_id" value="presscore-contact-form-widget-2" /><input type="hidden" name="send_message" value="" /><div class="form-fields"><span class="form-name"><label class="assistive-text">Name *</label><input type="text" class="validate[required]" placeholder="Name *" name="name" value="" aria-required="true">
</span><span class="form-mail"><label class="assistive-text">E-mail *</label><input type="text" class="validate[required,custom[email]]" placeholder="E-mail *" name="email" value="" aria-required="true">
</span></div><span class="form-message"><label class="assistive-text">Message *</label><textarea class="validate[required]" placeholder="Message *" name="message" rows="6" aria-required="true"></textarea>
</span><p><a href="#" class="dt-btn dt-btn-m dt-btn-submit" rel="nofollow"><span>Submit</span></a><input class="assistive-text" type="submit" value="submit"></p></form>
</section>
					</div><!-- .wf-container -->
				</div><!-- .wf-container-footer -->
			</div><!-- .wf-wrap -->

		
	</footer><!-- #footer -->



	<a href="#" class="scroll-top"><span class="screen-reader-text">Go to Top</span></a>

</div><!-- #page -->
<link rel='stylesheet' id='animate-css-css'  href='http://ziango.com/wp-content/plugins/js_composer/assets/lib/bower/animate-css/animate.min.css?ver=5.3' type='text/css' media='all' />
<script type='text/javascript' src='http://ziango.com/wp-content/themes/dt-the7/js/main.min.js?ver=5.6.0.1'></script>
<script type='text/javascript' src='http://ziango.com/wp-content/themes/dt-the7/js/post-type.js?ver=1.0.0'></script>
<script type='text/javascript' src='http://ziango.com/wp-includes/js/wp-embed.min.js?ver=4.8.7'></script>
<script type='text/javascript' src='http://ziango.com/wp-content/plugins/js_composer/assets/js/dist/js_composer_front.min.js?ver=5.3'></script>
<script type='text/javascript' src='http://ziango.com/wp-content/plugins/js_composer/assets/lib/waypoints/waypoints.min.js?ver=5.3'></script>
<script type='text/javascript' src='http://ziango.com/wp-content/themes/dt-the7/js/atoms/plugins/validator/jquery.validationEngine.js?ver=2.6.1'></script>
<script type='text/javascript' src='http://ziango.com/wp-content/themes/dt-the7/js/atoms/plugins/validator/languages/jquery.validationEngine-en.js?ver=2.6.1'></script>
<script type='text/javascript' src='http://ziango.com/wp-content/themes/dt-the7/js/dt-contact-form.js?ver=4.8.7'></script>

<div class="pswp" tabindex="-1" role="dialog" aria-hidden="true">
    <div class="pswp__bg"></div>
    <div class="pswp__scroll-wrap">
 
        <div class="pswp__container">
            <div class="pswp__item"></div>
            <div class="pswp__item"></div>
            <div class="pswp__item"></div>
        </div>
 
        <div class="pswp__ui pswp__ui--hidden">
            <div class="pswp__top-bar">
                <div class="pswp__counter"></div>
                <button class="pswp__button pswp__button--close" title="Close (Esc)"></button>
                <button class="pswp__button pswp__button--share" title="Share"></button>
                <button class="pswp__button pswp__button--fs" title="Toggle fullscreen"></button>
                <button class="pswp__button pswp__button--zoom" title="Zoom in/out"></button>
                <div class="pswp__preloader">
                    <div class="pswp__preloader__icn">
                      <div class="pswp__preloader__cut">
                        <div class="pswp__preloader__donut"></div>
                      </div>
                    </div>
                </div>
            </div>
            <div class="pswp__share-modal pswp__share-modal--hidden pswp__single-tap">
                <div class="pswp__share-tooltip"></div> 
            </div>
            <button class="pswp__button pswp__button--arrow--left" title="Previous (arrow left)">
            </button>
            <button class="pswp__button pswp__button--arrow--right" title="Next (arrow right)">
            </button>
            <div class="pswp__caption">
                <div class="pswp__caption__center"></div>
            </div>
        </div>
    </div>
</div>
</body>
</html>
Build info: version: '3.7.1', revision: '8a0099a', time: '2017-11-06T21:07:36.161Z'
System info: host: 'Jochens-MBP.fritz.box', ip: '2001:985:7559:1:74f8:2d:558e:14af%en0', os.name: 'Mac OS X', os.arch: 'x86_64', os.version: '10.13.6', java.version: '1.8.0_181'
Driver info: driver.version: CRemoteWebDriver)

2018-09-17 18:37:39 - [MESSAGE][FAILED] - Unable to open browser with url: '' (Root cause: org.openqa.selenium.WebDriverException: Unable to parse remote response: <!DOCTYPE html>
<!--[if lt IE 10 ]>
<html lang="en-US" class="old-ie no-js">
<![endif]-->
<!--[if !(IE 6) | !(IE 7) | !(IE 8)  ]><!-->
<html lang="en-US" class="no-js">
<!--<![endif]-->
<head>
	<meta charset="UTF-8" />
		<meta name="viewport" content="width=device-width, initial-scale=1, maximum-scale=1, user-scalable=0">
		<link rel="profile" href="http://gmpg.org/xfn/11" />
	<link rel="pingback" href="http://ziango.com/xmlrpc.php" />
	<title>Ziango &#8211; Great casual games for any device</title>
<script type="text/javascript">
function createCookie(a,d,b){if(b){var c=new Date;c.setTime(c.getTime()+864E5*b);b="; expires="+c.toGMTString()}else b="";document.cookie=a+"="+d+b+"; path=/"}function readCookie(a){a+="=";for(var d=document.cookie.split(";"),b=0;b<d.length;b++){for(var c=d[b];" "==c.charAt(0);)c=c.substring(1,c.length);if(0==c.indexOf(a))return c.substring(a.length,c.length)}return null}function eraseCookie(a){createCookie(a,"",-1)}
function areCookiesEnabled(){var a=!1;createCookie("testing","Hello",1);null!=readCookie("testing")&&(a=!0,eraseCookie("testing"));return a}(function(a){var d=readCookie("devicePixelRatio"),b=void 0===a.devicePixelRatio?1:a.devicePixelRatio;areCookiesEnabled()&&null==d&&(createCookie("devicePixelRatio",b,7),1!=b&&a.location.reload(!0))})(window);
</script><link rel='dns-prefetch' href='//fonts.googleapis.com' />
<link rel='dns-prefetch' href='//s.w.org' />
<link rel="alternate" type="application/rss+xml" title="Ziango &raquo; Feed" href="http://ziango.com/feed/" />
<link rel="alternate" type="application/rss+xml" title="Ziango &raquo; Comments Feed" href="http://ziango.com/comments/feed/" />
		<script type="text/javascript">
			window._wpemojiSettings = {"baseUrl":"https:\/\/s.w.org\/images\/core\/emoji\/2.3\/72x72\/","ext":".png","svgUrl":"https:\/\/s.w.org\/images\/core\/emoji\/2.3\/svg\/","svgExt":".svg","source":{"concatemoji":"http:\/\/ziango.com\/wp-includes\/js\/wp-emoji-release.min.js?ver=4.8.7"}};
			!function(a,b,c){function d(a){var b,c,d,e,f=String.fromCharCode;if(!k||!k.fillText)return!1;switch(k.clearRect(0,0,j.width,j.height),k.textBaseline="top",k.font="600 32px Arial",a){case"flag":return k.fillText(f(55356,56826,55356,56819),0,0),b=j.toDataURL(),k.clearRect(0,0,j.width,j.height),k.fillText(f(55356,56826,8203,55356,56819),0,0),c=j.toDataURL(),b!==c&&(k.clearRect(0,0,j.width,j.height),k.fillText(f(55356,57332,56128,56423,56128,56418,56128,56421,56128,56430,56128,56423,56128,56447),0,0),b=j.toDataURL(),k.clearRect(0,0,j.width,j.height),k.fillText(f(55356,57332,8203,56128,56423,8203,56128,56418,8203,56128,56421,8203,56128,56430,8203,56128,56423,8203,56128,56447),0,0),c=j.toDataURL(),b!==c);case"emoji4":return k.fillText(f(55358,56794,8205,9794,65039),0,0),d=j.toDataURL(),k.clearRect(0,0,j.width,j.height),k.fillText(f(55358,56794,8203,9794,65039),0,0),e=j.toDataURL(),d!==e}return!1}function e(a){var c=b.createElement("script");c.src=a,c.defer=c.type="text/javascript",b.getElementsByTagName("head")[0].appendChild(c)}var f,g,h,i,j=b.createElement("canvas"),k=j.getContext&&j.getContext("2d");for(i=Array("flag","emoji4"),c.supports={everything:!0,everythingExceptFlag:!0},h=0;h<i.length;h++)c.supports[i[h]]=d(i[h]),c.supports.everything=c.supports.everything&&c.supports[i[h]],"flag"!==i[h]&&(c.supports.everythingExceptFlag=c.supports.everythingExceptFlag&&c.supports[i[h]]);c.supports.everythingExceptFlag=c.supports.everythingExceptFlag&&!c.supports.flag,c.DOMReady=!1,c.readyCallback=function(){c.DOMReady=!0},c.supports.everything||(g=function(){c.readyCallback()},b.addEventListener?(b.addEventListener("DOMContentLoaded",g,!1),a.addEventListener("load",g,!1)):(a.attachEvent("onload",g),b.attachEvent("onreadystatechange",function(){"complete"===b.readyState&&c.readyCallback()})),f=c.source||{},f.concatemoji?e(f.concatemoji):f.wpemoji&&f.twemoji&&(e(f.twemoji),e(f.wpemoji)))}(window,document,window._wpemojiSettings);
		</script>
		<style type="text/css">
img.wp-smiley,
img.emoji {
	display: inline !important;
	border: none !important;
	box-shadow: none !important;
	height: 1em !important;
	width: 1em !important;
	margin: 0 .07em !important;
	vertical-align: -0.1em !important;
	background: none !important;
	padding: 0 !important;
}
</style>
<link rel='stylesheet' id='acf-vc-integrator-style-css'  href='http://ziango.com/wp-content/plugins/acf-vc-integrator/css/acf-vc-integrator-style.css?ver=4.8.7' type='text/css' media='all' />
<link rel='stylesheet' id='rs-plugin-settings-css'  href='http://ziango.com/wp-content/plugins/revslider/public/assets/css/settings.css?ver=5.4.6' type='text/css' media='all' />
<style id='rs-plugin-settings-inline-css' type='text/css'>
#rs-demo-id {}
</style>
<link rel='stylesheet' id='js_composer_front-css'  href='http://ziango.com/wp-content/plugins/js_composer/assets/css/js_composer.min.css?ver=5.3' type='text/css' media='all' />
<link rel='stylesheet' id='dt-web-fonts-css'  href='//fonts.googleapis.com/css?family=Roboto%3A300%2C400%2C500%2C600%2C700%7COpen+Sans%3A400%2C600%2C700%7CNunito%3A300%2C400%2C600%2C700&#038;ver=4.8.7' type='text/css' media='all' />
<link rel='stylesheet' id='dt-main-css'  href='http://ziango.com/wp-content/themes/dt-the7/css/main.min.css?ver=5.6.0.1' type='text/css' media='all' />
<!--[if lt IE 10]>
<link rel='stylesheet' id='dt-old-ie-css'  href='http://ziango.com/wp-content/themes/dt-the7/css/old-ie.min.css?ver=5.6.0.1' type='text/css' media='all' />
<![endif]-->
<link rel='stylesheet' id='dt-awsome-fonts-css'  href='http://ziango.com/wp-content/themes/dt-the7/fonts/FontAwesome/css/font-awesome.min.css?ver=5.6.0.1' type='text/css' media='all' />
<link rel='stylesheet' id='dt-fontello-css'  href='http://ziango.com/wp-content/themes/dt-the7/fonts/fontello/css/fontello.min.css?ver=5.6.0.1' type='text/css' media='all' />
<link rel='stylesheet' id='dt-arrow-icons-css'  href='http://ziango.com/wp-content/themes/dt-the7/fonts/icomoon-arrows-the7/style.min.css?ver=5.6.0.1' type='text/css' media='all' />
<link rel='stylesheet' id='the7pt-static-css'  href='http://ziango.com/wp-content/themes/dt-the7/css/post-type.css?ver=1.0.0' type='text/css' media='all' />
<link rel='stylesheet' id='dt-custom-old-ie-css'  href='http://ziango.com/wp-content/uploads/the7-css/custom-old-ie.css?ver=b79491390dfc' type='text/css' media='all' />
<link rel='stylesheet' id='dt-custom-css'  href='http://ziango.com/wp-content/uploads/the7-css/custom.css?ver=b79491390dfc' type='text/css' media='all' />
<link rel='stylesheet' id='dt-media-css'  href='http://ziango.com/wp-content/uploads/the7-css/media.css?ver=b79491390dfc' type='text/css' media='all' />
<link rel='stylesheet' id='the7pt.less-css'  href='http://ziango.com/wp-content/uploads/the7-css/post-type-dynamic.css?ver=b79491390dfc' type='text/css' media='all' />
<link rel='stylesheet' id='style-css'  href='http://ziango.com/wp-content/themes/dt-the7-ziango/style.css?ver=5.6.0.1' type='text/css' media='all' />
<link rel='stylesheet' id='bsf-icomoon-material-24x24-css'  href='http://ziango.com/wp-content/uploads/smile_fonts/icomoon-material-24x24/icomoon-material-24x24.css?ver=4.8.7' type='text/css' media='all' />
<link rel='stylesheet' id='bsf-icomoon-icomoonfree-16x16-css'  href='http://ziango.com/wp-content/uploads/smile_fonts/icomoon-icomoonfree-16x16/icomoon-icomoonfree-16x16.css?ver=4.8.7' type='text/css' media='all' />
<link rel='stylesheet' id='ultimate-style-css'  href='http://ziango.com/wp-content/plugins/Ultimate_VC_Addons/assets/min-css/style.min.css?ver=3.16.18' type='text/css' media='all' />
<link rel='stylesheet' id='ultimate-headings-style-css'  href='http://ziango.com/wp-content/plugins/Ultimate_VC_Addons/assets/min-css/headings.min.css?ver=3.16.18' type='text/css' media='all' />
<link rel='stylesheet' id='ult_cllink-css'  href='http://ziango.com/wp-content/plugins/Ultimate_VC_Addons/assets/min-css/creative-link.min.css?ver=3.16.18' type='text/css' media='all' />
<script type='text/javascript' src='http://ziango.com/wp-includes/js/jquery/jquery.js?ver=1.12.4'></script>
<script type='text/javascript' src='http://ziango.com/wp-includes/js/jquery/jquery-migrate.min.js?ver=1.4.1'></script>
<script type='text/javascript' src='http://ziango.com/wp-content/plugins/revslider/public/assets/js/jquery.themepunch.tools.min.js?ver=5.4.6'></script>
<script type='text/javascript' src='http://ziango.com/wp-content/plugins/revslider/public/assets/js/jquery.themepunch.revolution.min.js?ver=5.4.6'></script>
<script type='text/javascript'>
/* <![CDATA[ */
var dtLocal = {"themeUrl":"http:\/\/ziango.com\/wp-content\/themes\/dt-the7","passText":"To view this protected post, enter the password below:","moreButtonText":{"loading":"Loading...","loadMore":"Load more"},"postID":"592","ajaxurl":"http:\/\/ziango.com\/wp-admin\/admin-ajax.php","contactNonce":"0e683f0ed8","contactMessages":{"required":"One or more fields have an error. Please check and try again."},"ajaxNonce":"68daeacde4","pageData":{"type":"page","template":"page","layout":null},"themeSettings":{"smoothScroll":"off","lazyLoading":false,"accentColor":{"mode":"solid","color":"#ff9e17"},"floatingHeader":{"showAfter":94,"showMenu":true,"height":60,"logo":{"showLogo":true,"html":"<img class=\" preload-me\" src=\"http:\/\/ziango.com\/wp-content\/uploads\/2017\/10\/ziango_logo2.png\" srcset=\"http:\/\/ziango.com\/wp-content\/uploads\/2017\/10\/ziango_logo2.png 1839w, http:\/\/ziango.com\/wp-content\/uploads\/2017\/10\/ziango_logo2.png 1839w\" width=\"1839\" height=\"343\"   sizes=\"1839px\" alt=\"Ziango\" \/>","url":"http:\/\/ziango.com\/"}},"mobileHeader":{"firstSwitchPoint":990,"secondSwitchPoint":778},"content":{"textColor":"#787878","headerColor":"#178bc8"},"stripes":{"stripe1":{"textColor":"#787d85","headerColor":"#3b3f4a"},"stripe2":{"textColor":"#8b9199","headerColor":"#ffffff"},"stripe3":{"textColor":"#ffffff","headerColor":"#ffffff"}}},"VCMobileScreenWidth":"768"};
var dtShare = {"shareButtonText":{"facebook":"Share on Facebook","twitter":"Tweet","pinterest":"Pin it","linkedin":"Share on Linkedin","whatsapp":"Share on Whatsapp","google":"Share on Google Plus","download":"Download image"},"overlayOpacity":"85"};
/* ]]> */
</script>
<script type='text/javascript' src='http://ziango.com/wp-content/themes/dt-the7/js/above-the-fold.min.js?ver=5.6.0.1'></script>
<script type='text/javascript' src='http://ziango.com/wp-content/plugins/Ultimate_VC_Addons/assets/min-js/ultimate-params.min.js?ver=3.16.18'></script>
<script type='text/javascript' src='http://ziango.com/wp-content/plugins/Ultimate_VC_Addons/assets/min-js/headings.min.js?ver=3.16.18'></script>
<script type='text/javascript' src='http://ziango.com/wp-content/plugins/Ultimate_VC_Addons/assets/min-js/creative-link.min.js?ver=3.16.18'></script>
<link rel='https://api.w.org/' href='http://ziango.com/wp-json/' />
<link rel="EditURI" type="application/rsd+xml" title="RSD" href="http://ziango.com/xmlrpc.php?rsd" />
<link rel="wlwmanifest" type="application/wlwmanifest+xml" href="http://ziango.com/wp-includes/wlwmanifest.xml" /> 
<meta name="generator" content="WordPress 4.8.7" />
<link rel="canonical" href="http://ziango.com/" />
<link rel='shortlink' href='http://ziango.com/' />
<link rel="alternate" type="application/json+oembed" href="http://ziango.com/wp-json/oembed/1.0/embed?url=http%3A%2F%2Fziango.com%2F" />
<link rel="alternate" type="text/xml+oembed" href="http://ziango.com/wp-json/oembed/1.0/embed?url=http%3A%2F%2Fziango.com%2F&#038;format=xml" />
<meta property="og:site_name" content="Ziango" />
<meta property="og:title" content="Home" />
<meta property="og:url" content="http://ziango.com/" />
<meta property="og:type" content="website" />
<meta name="generator" content="Powered by WPBakery Page Builder - drag and drop page builder for WordPress."/>
<!--[if lte IE 9]><link rel="stylesheet" type="text/css" href="http://ziango.com/wp-content/plugins/js_composer/assets/css/vc_lte_ie9.min.css" media="screen"><![endif]--><meta name="generator" content="Powered by Slider Revolution 5.4.6 - responsive, Mobile-Friendly Slider Plugin for WordPress with comfortable drag and drop interface." />
<!-- icon -->
<link rel="icon" href="http://ziango.com/wp-content/uploads/2017/10/favicon-16x16.png" type="image/png" />
<link rel="shortcut icon" href="http://ziango.com/wp-content/uploads/2017/10/favicon-16x16.png" type="image/png" />
<link rel="apple-touch-icon" href="http://ziango.com/wp-content/uploads/2017/10/apple-touch-icon-60x60.png">
<link rel="apple-touch-icon" sizes="76x76" href="http://ziango.com/wp-content/uploads/2017/10/apple-touch-icon-76x76.png">
<link rel="apple-touch-icon" sizes="120x120" href="http://ziango.com/wp-content/uploads/2017/10/apple-touch-icon-120x120.png">
<link rel="apple-touch-icon" sizes="152x152" href="http://ziango.com/wp-content/uploads/2017/10/apple-touch-icon-152x152.png">
<!-- BEGIN GADWP v5.1.2.5 Universal Analytics - https://deconf.com/google-analytics-dashboard-wordpress/ -->
<script>
(function(i,s,o,g,r,a,m){i['GoogleAnalyticsObject']=r;i[r]=i[r]||function(){
	(i[r].q=i[r].q||[]).push(arguments)},i[r].l=1*new Date();a=s.createElement(o),
	m=s.getElementsByTagName(o)[0];a.async=1;a.src=g;m.parentNode.insertBefore(a,m)
})(window,document,'script','https://www.google-analytics.com/analytics.js','ga');
  ga('create', 'UA-49356820-1', 'auto');
  ga('send', 'pageview');
</script>
<!-- END GADWP Universal Analytics -->
<script type="text/javascript">function setREVStartSize(e){
				try{ var i=jQuery(window).width(),t=9999,r=0,n=0,l=0,f=0,s=0,h=0;					
					if(e.responsiveLevels&&(jQuery.each(e.responsiveLevels,function(e,f){f>i&&(t=r=f,l=e),i>f&&f>r&&(r=f,n=e)}),t>r&&(l=n)),f=e.gridheight[l]||e.gridheight[0]||e.gridheight,s=e.gridwidth[l]||e.gridwidth[0]||e.gridwidth,h=i/s,h=h>1?1:h,f=Math.round(h*f),"fullscreen"==e.sliderLayout){var u=(e.c.width(),jQuery(window).height());if(void 0!=e.fullScreenOffsetContainer){var c=e.fullScreenOffsetContainer.split(",");if (c) jQuery.each(c,function(e,i){u=jQuery(i).length>0?u-jQuery(i).outerHeight(!0):u}),e.fullScreenOffset.split("%").length>1&&void 0!=e.fullScreenOffset&&e.fullScreenOffset.length>0?u-=jQuery(window).height()*parseInt(e.fullScreenOffset,0)/100:void 0!=e.fullScreenOffset&&e.fullScreenOffset.length>0&&(u-=parseInt(e.fullScreenOffset,0))}f=u}else void 0!=e.minHeight&&f<e.minHeight&&(f=e.minHeight);e.c.closest(".rev_slider_wrapper").css({height:f})					
				}catch(d){console.log("Failure at Presize of Slider:"+d)}
			};</script>
<style type="text/css" data-type="vc_custom-css">@media screen and (max-width: 1099px) {
    p {
        font-size: 0.9em;
    }
}

@media screen and (max-width: 999px) {
    h1 {
        font-size: 0.9em;
    }
    
    p {
        font-size: 0.8em;
        line-height: 1.2;
    }
    
    #content .vc_btn3 {
        font-size: 0.8em;
    }
}
</style><style type="text/css" data-type="vc_shortcodes-custom-css">.vc_custom_1508509723144{margin-top: 1em !important;}.vc_custom_1508509760987{margin-top: 1em !important;}</style><noscript><style type="text/css"> .wpb_animate_when_almost_visible { opacity: 1; }</style></noscript>
	<link rel="stylesheet" type="text/css" href="//cdnjs.cloudflare.com/ajax/libs/cookieconsent2/3.0.3/cookieconsent.min.css" />

	<script src="//cdnjs.cloudflare.com/ajax/libs/cookieconsent2/3.0.3/cookieconsent.min.js"></script>
	
<script> // Cookie consent bar
window.addEventListener("load", function(){
window.cookieconsent.initialise({
  "palette": {
    "popup": {
      "background": "#000"
    },
    "button": {
      "background": "#f1d600"
    }
  },
  "theme": "classic",
  "content": {
    "message": "This website uses cookies and other comparable techniques: (1) for analytical purposes, (2) to ensure you get the best possible experience and advertisements on our websites and in our online games.",
    "dismiss": "Yes, I agree",
    "href": "http://ziango.com/privacy-policy/"
  }
})}); 
</script>
	</head>
<body class="home page-template-default page page-id-592 fancy-header-on disabled-hover-icons dt-responsive-on overlay-cursor-on srcset-enabled btn-flat custom-btn-color custom-btn-hover-color outlines-bullets bold-icons phantom-sticky phantom-shadow-decoration phantom-main-logo-on sticky-mobile-header top-header first-switch-logo-left first-switch-menu-right second-switch-logo-left second-switch-menu-right right-mobile-menu layzr-loading-on popup-message-style wpb-js-composer js-comp-ver-5.3 vc_responsive album-minuatures-style-2">
<!-- The7 5.6.0.1 -->

<div id="page">
	<a class="skip-link screen-reader-text" href="#content">Skip to content</a>

<div class="masthead inline-header right full-height dt-parent-menu-clickable" role="banner">

	
	<header class="header-bar">

						<div class="branding">
					<div id="site-title" class="assistive-text">Ziango</div>
					<div id="site-description" class="assistive-text">Great casual games for any device</div>
					<a href="http://ziango.com/"><img class=" preload-me" src="http://ziango.com/wp-content/uploads/2017/10/ziango_logo2.png" srcset="http://ziango.com/wp-content/uploads/2017/10/ziango_logo2.png 1839w, http://ziango.com/wp-content/uploads/2017/10/ziango_logo2.png 1839w" width="1839" height="343"   sizes="1839px" alt="Ziango" /></a>				</div>
		<ul id="primary-menu" class="main-nav underline-decoration from-centre-line outside-item-remove-margin" role="menu"><li class="menu-item menu-item-type-post_type menu-item-object-page menu-item-home current-menu-item page_item page-item-592 current_page_item menu-item-1827 act first"><a href='http://ziango.com/' data-level='1'><span class="menu-item-text"><span class="menu-text">Home</span></span></a></li> <li class="menu-item menu-item-type-post_type menu-item-object-page menu-item-2024"><a href='http://ziango.com/ziango-games/' data-level='1'><span class="menu-item-text"><span class="menu-text">Games</span></span></a></li> <li class="menu-item menu-item-type-post_type menu-item-object-page menu-item-2031"><a href='http://ziango.com/services/' data-level='1'><span class="menu-item-text"><span class="menu-text">Services</span></span></a></li> <li class="menu-item menu-item-type-post_type menu-item-object-page menu-item-2023"><a href='http://ziango.com/company/' data-level='1'><span class="menu-item-text"><span class="menu-text">Company</span></span></a></li> <li class="menu-item menu-item-type-post_type menu-item-object-page menu-item-2639"><a href='http://ziango.com/jobs/' data-level='1'><span class="menu-item-text"><span class="menu-text">Jobs</span></span></a></li> <li class="menu-item menu-item-type-post_type menu-item-object-page menu-item-2703"><a href='http://ziango.com/privacy-policy/' data-level='1'><span class="menu-item-text"><span class="menu-text">Privacy Policy</span></span></a></li> </ul>
		
	</header>

</div><div class='dt-close-mobile-menu-icon'><span></span></div>
<div class='dt-mobile-header'>
	<ul id="mobile-menu" class="mobile-main-nav" role="menu">
		<li class="menu-item menu-item-type-post_type menu-item-object-page menu-item-home current-menu-item page_item page-item-592 current_page_item menu-item-1827 act first"><a href='http://ziango.com/' data-level='1'><span class="menu-item-text"><span class="menu-text">Home</span></span></a></li> <li class="menu-item menu-item-type-post_type menu-item-object-page menu-item-2024"><a href='http://ziango.com/ziango-games/' data-level='1'><span class="menu-item-text"><span class="menu-text">Games</span></span></a></li> <li class="menu-item menu-item-type-post_type menu-item-object-page menu-item-2031"><a href='http://ziango.com/services/' data-level='1'><span class="menu-item-text"><span class="menu-text">Services</span></span></a></li> <li class="menu-item menu-item-type-post_type menu-item-object-page menu-item-2023"><a href='http://ziango.com/company/' data-level='1'><span class="menu-item-text"><span class="menu-text">Company</span></span></a></li> <li class="menu-item menu-item-type-post_type menu-item-object-page menu-item-2639"><a href='http://ziango.com/jobs/' data-level='1'><span class="menu-item-text"><span class="menu-text">Jobs</span></span></a></li> <li class="menu-item menu-item-type-post_type menu-item-object-page menu-item-2703"><a href='http://ziango.com/privacy-policy/' data-level='1'><span class="menu-item-text"><span class="menu-text">Privacy Policy</span></span></a></li> 	</ul>
	<div class='mobile-mini-widgets-in-menu'></div>
</div>
	<header id="fancy-header" class="fancy-header breadcrumbs-off content-left" style="background-color: #ffffff; background-size: cover; background-repeat: no-repeat; background-image: url(http://ziango.com/wp-content/uploads/2014/03/home_banner_2.png); background-position: center center; min-height: 0px; padding-top: 14.4010416%; padding-bottom: 14.4010416%" >
			<div class="wf-wrap">
				<div class="wf-table" style="height: 0px;"><div class="wf-td hgroup"><h1 class="fancy-title entry-title" style="color: #ffffff; font-size: 48px; line-height: 64px; text-transform: none;" ><span>"Creating great casual games</span></h1><h2 class="fancy-subtitle " style="color: #ffffff; font-size: 40px; line-height: 56px; text-transform: none;"><span>for Facebook Instant-games and other HTML5-platforms"</span></h2></div></div>
			</div>
			<span class="fancy-header-overlay" style="background-color: ;"></span>
			</header>
	
	<div id="main" class="sidebar-none sidebar-divider-off" style="padding-bottom:140px;" >

		
		<div class="main-gradient"></div>
		<div class="wf-wrap">
			<div class="wf-container-main">

				
	
		
			<div id="content" class="content" role="main">

			
					
					<div data-vc-full-width="true" data-vc-full-width-init="false" class="vc_row wpb_row vc_row-fluid row-custom-background vc_row-o-content-middle vc_row-flex"><div class="wpb_column vc_column_container vc_col-sm-5 vc_col-md-6"><div class="vc_column-inner "><div class="wpb_wrapper">
	<div  class="wpb_single_image wpb_content_element vc_align_left  wpb_animate_when_almost_visible wpb_slideInLeft slideInLeft">
		
		<figure class="wpb_wrapper vc_figure">
			<div class="vc_single_image-wrapper   vc_box_border_grey"><img width="878" height="1024" src="http://ziango.com/wp-content/uploads/2014/03/games_image-878x1024.png" class="vc_single_image-img attachment-large" alt="" srcset="http://ziango.com/wp-content/uploads/2014/03/games_image-878x1024.png 878w, http://ziango.com/wp-content/uploads/2014/03/games_image-172x200.png 172w, http://ziango.com/wp-content/uploads/2014/03/games_image-257x300.png 257w, http://ziango.com/wp-content/uploads/2014/03/games_image-768x895.png 768w, http://ziango.com/wp-content/uploads/2014/03/games_image.png 1200w" sizes="(max-width: 878px) 100vw, 878px"  data-dt-location="http://ziango.com/sample-page-2/games_image/" /></div>
		</figure>
	</div>
</div></div></div><div class="wpb_column vc_column_container vc_col-sm-7 vc_col-md-6"><div class="vc_column-inner "><div class="wpb_wrapper"><div id="ultimate-heading-45235b9fd853d7934" class="uvc-heading ult-adjust-bottom-margin ultimate-heading-45235b9fd853d7934 uvc-3219 " data-hspacer="no_spacer"  data-halign="left" style="text-align:left"><div class="uvc-heading-spacer no_spacer" style="top"></div><div class="uvc-main-heading ult-responsive"  data-ultimate-target='.uvc-heading.ultimate-heading-45235b9fd853d7934 h1'  data-responsive-json-new='{"font-size":"desktop:46px;","line-height":""}' ><h1 style="font-weight:normal;">Games</h1></div></div>
	<div class="wpb_text_column wpb_content_element " >
		<div class="wpb_wrapper">
			<p><span style="font-weight: 400;">With a focus on engagement and design novelty, we have developed over 25+ games. Both own IP, as for others.</span></p>

		</div>
	</div>
<div class="vc_btn3-container vc_btn3-left vc_custom_1508509723144" >
	<a class="vc_general vc_btn3 vc_btn3-size-md vc_btn3-shape-rounded vc_btn3-style-flat vc_btn3-color-primary" href="./ziango-games/" title="">Read more</a></div>
</div></div></div></div><div class="vc_row-full-width vc_clearfix"></div><div data-vc-full-width="true" data-vc-full-width-init="false" class="vc_row wpb_row vc_row-fluid row-custom-background row-swap-cols vc_row-o-content-middle vc_row-flex"><div class="wpb_column vc_column_container vc_col-sm-5 vc_col-md-6"><div class="vc_column-inner "><div class="wpb_wrapper">
	<div  class="wpb_single_image wpb_content_element vc_align_left  wpb_animate_when_almost_visible wpb_slideInRight slideInRight">
		
		<figure class="wpb_wrapper vc_figure">
			<div class="vc_single_image-wrapper   vc_box_border_grey"><img width="948" height="1024" src="http://ziango.com/wp-content/uploads/2014/03/services_image-948x1024.png" class="vc_single_image-img attachment-large" alt="" srcset="http://ziango.com/wp-content/uploads/2014/03/services_image-948x1024.png 948w, http://ziango.com/wp-content/uploads/2014/03/services_image-185x200.png 185w, http://ziango.com/wp-content/uploads/2014/03/services_image-278x300.png 278w, http://ziango.com/wp-content/uploads/2014/03/services_image-768x829.png 768w, http://ziango.com/wp-content/uploads/2014/03/services_image.png 1200w" sizes="(max-width: 948px) 100vw, 948px"  data-dt-location="http://ziango.com/sample-page-2/services_image/" /></div>
		</figure>
	</div>
</div></div></div><div class="wpb_column vc_column_container vc_col-sm-7 vc_col-md-6"><div class="vc_column-inner "><div class="wpb_wrapper"><div id="ultimate-heading-78445b9fd853db846" class="uvc-heading ult-adjust-bottom-margin ultimate-heading-78445b9fd853db846 uvc-140 " data-hspacer="no_spacer"  data-halign="right" style="text-align:right"><div class="uvc-heading-spacer no_spacer" style="top"></div><div class="uvc-main-heading ult-responsive"  data-ultimate-target='.uvc-heading.ultimate-heading-78445b9fd853db846 h1'  data-responsive-json-new='{"font-size":"desktop:46px;","line-height":""}' ><h1 style="font-weight:normal;">Services</h1></div></div>
	<div class="wpb_text_column wpb_content_element " >
		<div class="wpb_wrapper">
			<p style="text-align: right;"><span style="font-weight: 400;">Have your next hit-game developed by us</span></p>

		</div>
	</div>
<div class="vc_btn3-container vc_btn3-right vc_custom_1508509760987" >
	<a class="vc_general vc_btn3 vc_btn3-size-md vc_btn3-shape-rounded vc_btn3-style-flat vc_btn3-color-primary" href="./services/" title="">Read more</a></div>
</div></div></div></div><div class="vc_row-full-width vc_clearfix"></div>

					
					
					

				
			
			</div><!-- #content -->

			
		

			</div><!-- .wf-container -->
		</div><!-- .wf-wrap -->
	</div><!-- #main -->

	
	<!-- !Footer -->
	<footer id="footer" class="footer solid-bg">

		
			<div class="wf-wrap">
				<div class="wf-container-footer">
					<div class="wf-container">

						<section id="presscore-contact-form-widget-2" class="widget widget_presscore-contact-form-widget wf-cell wf-1"><div class="widget-title">Contact us</div><form class="contact-form dt-form" action="/" method="post">
<input type="hidden" name="widget_id" value="presscore-contact-form-widget-2" /><input type="hidden" name="send_message" value="" /><div class="form-fields"><span class="form-name"><label class="assistive-text">Name *</label><input type="text" class="validate[required]" placeholder="Name *" name="name" value="" aria-required="true">
</span><span class="form-mail"><label class="assistive-text">E-mail *</label><input type="text" class="validate[required,custom[email]]" placeholder="E-mail *" name="email" value="" aria-required="true">
</span></div><span class="form-message"><label class="assistive-text">Message *</label><textarea class="validate[required]" placeholder="Message *" name="message" rows="6" aria-required="true"></textarea>
</span><p><a href="#" class="dt-btn dt-btn-m dt-btn-submit" rel="nofollow"><span>Submit</span></a><input class="assistive-text" type="submit" value="submit"></p></form>
</section>
					</div><!-- .wf-container -->
				</div><!-- .wf-container-footer -->
			</div><!-- .wf-wrap -->

		
	</footer><!-- #footer -->



	<a href="#" class="scroll-top"><span class="screen-reader-text">Go to Top</span></a>

</div><!-- #page -->
<link rel='stylesheet' id='animate-css-css'  href='http://ziango.com/wp-content/plugins/js_composer/assets/lib/bower/animate-css/animate.min.css?ver=5.3' type='text/css' media='all' />
<script type='text/javascript' src='http://ziango.com/wp-content/themes/dt-the7/js/main.min.js?ver=5.6.0.1'></script>
<script type='text/javascript' src='http://ziango.com/wp-content/themes/dt-the7/js/post-type.js?ver=1.0.0'></script>
<script type='text/javascript' src='http://ziango.com/wp-includes/js/wp-embed.min.js?ver=4.8.7'></script>
<script type='text/javascript' src='http://ziango.com/wp-content/plugins/js_composer/assets/js/dist/js_composer_front.min.js?ver=5.3'></script>
<script type='text/javascript' src='http://ziango.com/wp-content/plugins/js_composer/assets/lib/waypoints/waypoints.min.js?ver=5.3'></script>
<script type='text/javascript' src='http://ziango.com/wp-content/themes/dt-the7/js/atoms/plugins/validator/jquery.validationEngine.js?ver=2.6.1'></script>
<script type='text/javascript' src='http://ziango.com/wp-content/themes/dt-the7/js/atoms/plugins/validator/languages/jquery.validationEngine-en.js?ver=2.6.1'></script>
<script type='text/javascript' src='http://ziango.com/wp-content/themes/dt-the7/js/dt-contact-form.js?ver=4.8.7'></script>

<div class="pswp" tabindex="-1" role="dialog" aria-hidden="true">
    <div class="pswp__bg"></div>
    <div class="pswp__scroll-wrap">
 
        <div class="pswp__container">
            <div class="pswp__item"></div>
            <div class="pswp__item"></div>
            <div class="pswp__item"></div>
        </div>
 
        <div class="pswp__ui pswp__ui--hidden">
            <div class="pswp__top-bar">
                <div class="pswp__counter"></div>
                <button class="pswp__button pswp__button--close" title="Close (Esc)"></button>
                <button class="pswp__button pswp__button--share" title="Share"></button>
                <button class="pswp__button pswp__button--fs" title="Toggle fullscreen"></button>
                <button class="pswp__button pswp__button--zoom" title="Zoom in/out"></button>
                <div class="pswp__preloader">
                    <div class="pswp__preloader__icn">
                      <div class="pswp__preloader__cut">
                        <div class="pswp__preloader__donut"></div>
                      </div>
                    </div>
                </div>
            </div>
            <div class="pswp__share-modal pswp__share-modal--hidden pswp__single-tap">
                <div class="pswp__share-tooltip"></div> 
            </div>
            <button class="pswp__button pswp__button--arrow--left" title="Previous (arrow left)">
            </button>
            <button class="pswp__button pswp__button--arrow--right" title="Next (arrow right)">
            </button>
            <div class="pswp__caption">
                <div class="pswp__caption__center"></div>
            </div>
        </div>
    </div>
</div>
</body>
</html>
Build info: version: '3.7.1', revision: '8a0099a', time: '2017-11-06T21:07:36.161Z'
System info: host: 'Jochens-MBP.fritz.box', ip: '2001:985:7559:1:74f8:2d:558e:14af%en0', os.name: 'Mac OS X', os.arch: 'x86_64', os.version: '10.13.6', java.version: '1.8.0_181'
Driver info: driver.version: CRemoteWebDriver)]]></system-out>
         <system-err><![CDATA[2018-09-17 18:37:38 - [TEST_CASE][FAILED] - Test Cases/Opens browser: Test Cases/Opens browser FAILED because (of) (Stack trace: com.kms.katalon.core.exception.StepFailedException: Unable to open browser with url: '' (Root cause: org.openqa.selenium.WebDriverException: Unable to parse remote response: <!DOCTYPE html>
<!--[if lt IE 10 ]>
<html lang="en-US" class="old-ie no-js">
<![endif]-->
<!--[if !(IE 6) | !(IE 7) | !(IE 8)  ]><!-->
<html lang="en-US" class="no-js">
<!--<![endif]-->
<head>
	<meta charset="UTF-8" />
		<meta name="viewport" content="width=device-width, initial-scale=1, maximum-scale=1, user-scalable=0">
		<link rel="profile" href="http://gmpg.org/xfn/11" />
	<link rel="pingback" href="http://ziango.com/xmlrpc.php" />
	<title>Ziango &#8211; Great casual games for any device</title>
<script type="text/javascript">
function createCookie(a,d,b){if(b){var c=new Date;c.setTime(c.getTime()+864E5*b);b="; expires="+c.toGMTString()}else b="";document.cookie=a+"="+d+b+"; path=/"}function readCookie(a){a+="=";for(var d=document.cookie.split(";"),b=0;b<d.length;b++){for(var c=d[b];" "==c.charAt(0);)c=c.substring(1,c.length);if(0==c.indexOf(a))return c.substring(a.length,c.length)}return null}function eraseCookie(a){createCookie(a,"",-1)}
function areCookiesEnabled(){var a=!1;createCookie("testing","Hello",1);null!=readCookie("testing")&&(a=!0,eraseCookie("testing"));return a}(function(a){var d=readCookie("devicePixelRatio"),b=void 0===a.devicePixelRatio?1:a.devicePixelRatio;areCookiesEnabled()&&null==d&&(createCookie("devicePixelRatio",b,7),1!=b&&a.location.reload(!0))})(window);
</script><link rel='dns-prefetch' href='//fonts.googleapis.com' />
<link rel='dns-prefetch' href='//s.w.org' />
<link rel="alternate" type="application/rss+xml" title="Ziango &raquo; Feed" href="http://ziango.com/feed/" />
<link rel="alternate" type="application/rss+xml" title="Ziango &raquo; Comments Feed" href="http://ziango.com/comments/feed/" />
		<script type="text/javascript">
			window._wpemojiSettings = {"baseUrl":"https:\/\/s.w.org\/images\/core\/emoji\/2.3\/72x72\/","ext":".png","svgUrl":"https:\/\/s.w.org\/images\/core\/emoji\/2.3\/svg\/","svgExt":".svg","source":{"concatemoji":"http:\/\/ziango.com\/wp-includes\/js\/wp-emoji-release.min.js?ver=4.8.7"}};
			!function(a,b,c){function d(a){var b,c,d,e,f=String.fromCharCode;if(!k||!k.fillText)return!1;switch(k.clearRect(0,0,j.width,j.height),k.textBaseline="top",k.font="600 32px Arial",a){case"flag":return k.fillText(f(55356,56826,55356,56819),0,0),b=j.toDataURL(),k.clearRect(0,0,j.width,j.height),k.fillText(f(55356,56826,8203,55356,56819),0,0),c=j.toDataURL(),b!==c&&(k.clearRect(0,0,j.width,j.height),k.fillText(f(55356,57332,56128,56423,56128,56418,56128,56421,56128,56430,56128,56423,56128,56447),0,0),b=j.toDataURL(),k.clearRect(0,0,j.width,j.height),k.fillText(f(55356,57332,8203,56128,56423,8203,56128,56418,8203,56128,56421,8203,56128,56430,8203,56128,56423,8203,56128,56447),0,0),c=j.toDataURL(),b!==c);case"emoji4":return k.fillText(f(55358,56794,8205,9794,65039),0,0),d=j.toDataURL(),k.clearRect(0,0,j.width,j.height),k.fillText(f(55358,56794,8203,9794,65039),0,0),e=j.toDataURL(),d!==e}return!1}function e(a){var c=b.createElement("script");c.src=a,c.defer=c.type="text/javascript",b.getElementsByTagName("head")[0].appendChild(c)}var f,g,h,i,j=b.createElement("canvas"),k=j.getContext&&j.getContext("2d");for(i=Array("flag","emoji4"),c.supports={everything:!0,everythingExceptFlag:!0},h=0;h<i.length;h++)c.supports[i[h]]=d(i[h]),c.supports.everything=c.supports.everything&&c.supports[i[h]],"flag"!==i[h]&&(c.supports.everythingExceptFlag=c.supports.everythingExceptFlag&&c.supports[i[h]]);c.supports.everythingExceptFlag=c.supports.everythingExceptFlag&&!c.supports.flag,c.DOMReady=!1,c.readyCallback=function(){c.DOMReady=!0},c.supports.everything||(g=function(){c.readyCallback()},b.addEventListener?(b.addEventListener("DOMContentLoaded",g,!1),a.addEventListener("load",g,!1)):(a.attachEvent("onload",g),b.attachEvent("onreadystatechange",function(){"complete"===b.readyState&&c.readyCallback()})),f=c.source||{},f.concatemoji?e(f.concatemoji):f.wpemoji&&f.twemoji&&(e(f.twemoji),e(f.wpemoji)))}(window,document,window._wpemojiSettings);
		</script>
		<style type="text/css">
img.wp-smiley,
img.emoji {
	display: inline !important;
	border: none !important;
	box-shadow: none !important;
	height: 1em !important;
	width: 1em !important;
	margin: 0 .07em !important;
	vertical-align: -0.1em !important;
	background: none !important;
	padding: 0 !important;
}
</style>
<link rel='stylesheet' id='acf-vc-integrator-style-css'  href='http://ziango.com/wp-content/plugins/acf-vc-integrator/css/acf-vc-integrator-style.css?ver=4.8.7' type='text/css' media='all' />
<link rel='stylesheet' id='rs-plugin-settings-css'  href='http://ziango.com/wp-content/plugins/revslider/public/assets/css/settings.css?ver=5.4.6' type='text/css' media='all' />
<style id='rs-plugin-settings-inline-css' type='text/css'>
#rs-demo-id {}
</style>
<link rel='stylesheet' id='js_composer_front-css'  href='http://ziango.com/wp-content/plugins/js_composer/assets/css/js_composer.min.css?ver=5.3' type='text/css' media='all' />
<link rel='stylesheet' id='dt-web-fonts-css'  href='//fonts.googleapis.com/css?family=Roboto%3A300%2C400%2C500%2C600%2C700%7COpen+Sans%3A400%2C600%2C700%7CNunito%3A300%2C400%2C600%2C700&#038;ver=4.8.7' type='text/css' media='all' />
<link rel='stylesheet' id='dt-main-css'  href='http://ziango.com/wp-content/themes/dt-the7/css/main.min.css?ver=5.6.0.1' type='text/css' media='all' />
<!--[if lt IE 10]>
<link rel='stylesheet' id='dt-old-ie-css'  href='http://ziango.com/wp-content/themes/dt-the7/css/old-ie.min.css?ver=5.6.0.1' type='text/css' media='all' />
<![endif]-->
<link rel='stylesheet' id='dt-awsome-fonts-css'  href='http://ziango.com/wp-content/themes/dt-the7/fonts/FontAwesome/css/font-awesome.min.css?ver=5.6.0.1' type='text/css' media='all' />
<link rel='stylesheet' id='dt-fontello-css'  href='http://ziango.com/wp-content/themes/dt-the7/fonts/fontello/css/fontello.min.css?ver=5.6.0.1' type='text/css' media='all' />
<link rel='stylesheet' id='dt-arrow-icons-css'  href='http://ziango.com/wp-content/themes/dt-the7/fonts/icomoon-arrows-the7/style.min.css?ver=5.6.0.1' type='text/css' media='all' />
<link rel='stylesheet' id='the7pt-static-css'  href='http://ziango.com/wp-content/themes/dt-the7/css/post-type.css?ver=1.0.0' type='text/css' media='all' />
<link rel='stylesheet' id='dt-custom-old-ie-css'  href='http://ziango.com/wp-content/uploads/the7-css/custom-old-ie.css?ver=b79491390dfc' type='text/css' media='all' />
<link rel='stylesheet' id='dt-custom-css'  href='http://ziango.com/wp-content/uploads/the7-css/custom.css?ver=b79491390dfc' type='text/css' media='all' />
<link rel='stylesheet' id='dt-media-css'  href='http://ziango.com/wp-content/uploads/the7-css/media.css?ver=b79491390dfc' type='text/css' media='all' />
<link rel='stylesheet' id='the7pt.less-css'  href='http://ziango.com/wp-content/uploads/the7-css/post-type-dynamic.css?ver=b79491390dfc' type='text/css' media='all' />
<link rel='stylesheet' id='style-css'  href='http://ziango.com/wp-content/themes/dt-the7-ziango/style.css?ver=5.6.0.1' type='text/css' media='all' />
<link rel='stylesheet' id='bsf-icomoon-material-24x24-css'  href='http://ziango.com/wp-content/uploads/smile_fonts/icomoon-material-24x24/icomoon-material-24x24.css?ver=4.8.7' type='text/css' media='all' />
<link rel='stylesheet' id='bsf-icomoon-icomoonfree-16x16-css'  href='http://ziango.com/wp-content/uploads/smile_fonts/icomoon-icomoonfree-16x16/icomoon-icomoonfree-16x16.css?ver=4.8.7' type='text/css' media='all' />
<link rel='stylesheet' id='ultimate-style-css'  href='http://ziango.com/wp-content/plugins/Ultimate_VC_Addons/assets/min-css/style.min.css?ver=3.16.18' type='text/css' media='all' />
<link rel='stylesheet' id='ultimate-headings-style-css'  href='http://ziango.com/wp-content/plugins/Ultimate_VC_Addons/assets/min-css/headings.min.css?ver=3.16.18' type='text/css' media='all' />
<link rel='stylesheet' id='ult_cllink-css'  href='http://ziango.com/wp-content/plugins/Ultimate_VC_Addons/assets/min-css/creative-link.min.css?ver=3.16.18' type='text/css' media='all' />
<script type='text/javascript' src='http://ziango.com/wp-includes/js/jquery/jquery.js?ver=1.12.4'></script>
<script type='text/javascript' src='http://ziango.com/wp-includes/js/jquery/jquery-migrate.min.js?ver=1.4.1'></script>
<script type='text/javascript' src='http://ziango.com/wp-content/plugins/revslider/public/assets/js/jquery.themepunch.tools.min.js?ver=5.4.6'></script>
<script type='text/javascript' src='http://ziango.com/wp-content/plugins/revslider/public/assets/js/jquery.themepunch.revolution.min.js?ver=5.4.6'></script>
<script type='text/javascript'>
/* <![CDATA[ */
var dtLocal = {"themeUrl":"http:\/\/ziango.com\/wp-content\/themes\/dt-the7","passText":"To view this protected post, enter the password below:","moreButtonText":{"loading":"Loading...","loadMore":"Load more"},"postID":"592","ajaxurl":"http:\/\/ziango.com\/wp-admin\/admin-ajax.php","contactNonce":"0e683f0ed8","contactMessages":{"required":"One or more fields have an error. Please check and try again."},"ajaxNonce":"68daeacde4","pageData":{"type":"page","template":"page","layout":null},"themeSettings":{"smoothScroll":"off","lazyLoading":false,"accentColor":{"mode":"solid","color":"#ff9e17"},"floatingHeader":{"showAfter":94,"showMenu":true,"height":60,"logo":{"showLogo":true,"html":"<img class=\" preload-me\" src=\"http:\/\/ziango.com\/wp-content\/uploads\/2017\/10\/ziango_logo2.png\" srcset=\"http:\/\/ziango.com\/wp-content\/uploads\/2017\/10\/ziango_logo2.png 1839w, http:\/\/ziango.com\/wp-content\/uploads\/2017\/10\/ziango_logo2.png 1839w\" width=\"1839\" height=\"343\"   sizes=\"1839px\" alt=\"Ziango\" \/>","url":"http:\/\/ziango.com\/"}},"mobileHeader":{"firstSwitchPoint":990,"secondSwitchPoint":778},"content":{"textColor":"#787878","headerColor":"#178bc8"},"stripes":{"stripe1":{"textColor":"#787d85","headerColor":"#3b3f4a"},"stripe2":{"textColor":"#8b9199","headerColor":"#ffffff"},"stripe3":{"textColor":"#ffffff","headerColor":"#ffffff"}}},"VCMobileScreenWidth":"768"};
var dtShare = {"shareButtonText":{"facebook":"Share on Facebook","twitter":"Tweet","pinterest":"Pin it","linkedin":"Share on Linkedin","whatsapp":"Share on Whatsapp","google":"Share on Google Plus","download":"Download image"},"overlayOpacity":"85"};
/* ]]> */
</script>
<script type='text/javascript' src='http://ziango.com/wp-content/themes/dt-the7/js/above-the-fold.min.js?ver=5.6.0.1'></script>
<script type='text/javascript' src='http://ziango.com/wp-content/plugins/Ultimate_VC_Addons/assets/min-js/ultimate-params.min.js?ver=3.16.18'></script>
<script type='text/javascript' src='http://ziango.com/wp-content/plugins/Ultimate_VC_Addons/assets/min-js/headings.min.js?ver=3.16.18'></script>
<script type='text/javascript' src='http://ziango.com/wp-content/plugins/Ultimate_VC_Addons/assets/min-js/creative-link.min.js?ver=3.16.18'></script>
<link rel='https://api.w.org/' href='http://ziango.com/wp-json/' />
<link rel="EditURI" type="application/rsd+xml" title="RSD" href="http://ziango.com/xmlrpc.php?rsd" />
<link rel="wlwmanifest" type="application/wlwmanifest+xml" href="http://ziango.com/wp-includes/wlwmanifest.xml" /> 
<meta name="generator" content="WordPress 4.8.7" />
<link rel="canonical" href="http://ziango.com/" />
<link rel='shortlink' href='http://ziango.com/' />
<link rel="alternate" type="application/json+oembed" href="http://ziango.com/wp-json/oembed/1.0/embed?url=http%3A%2F%2Fziango.com%2F" />
<link rel="alternate" type="text/xml+oembed" href="http://ziango.com/wp-json/oembed/1.0/embed?url=http%3A%2F%2Fziango.com%2F&#038;format=xml" />
<meta property="og:site_name" content="Ziango" />
<meta property="og:title" content="Home" />
<meta property="og:url" content="http://ziango.com/" />
<meta property="og:type" content="website" />
<meta name="generator" content="Powered by WPBakery Page Builder - drag and drop page builder for WordPress."/>
<!--[if lte IE 9]><link rel="stylesheet" type="text/css" href="http://ziango.com/wp-content/plugins/js_composer/assets/css/vc_lte_ie9.min.css" media="screen"><![endif]--><meta name="generator" content="Powered by Slider Revolution 5.4.6 - responsive, Mobile-Friendly Slider Plugin for WordPress with comfortable drag and drop interface." />
<!-- icon -->
<link rel="icon" href="http://ziango.com/wp-content/uploads/2017/10/favicon-16x16.png" type="image/png" />
<link rel="shortcut icon" href="http://ziango.com/wp-content/uploads/2017/10/favicon-16x16.png" type="image/png" />
<link rel="apple-touch-icon" href="http://ziango.com/wp-content/uploads/2017/10/apple-touch-icon-60x60.png">
<link rel="apple-touch-icon" sizes="76x76" href="http://ziango.com/wp-content/uploads/2017/10/apple-touch-icon-76x76.png">
<link rel="apple-touch-icon" sizes="120x120" href="http://ziango.com/wp-content/uploads/2017/10/apple-touch-icon-120x120.png">
<link rel="apple-touch-icon" sizes="152x152" href="http://ziango.com/wp-content/uploads/2017/10/apple-touch-icon-152x152.png">
<!-- BEGIN GADWP v5.1.2.5 Universal Analytics - https://deconf.com/google-analytics-dashboard-wordpress/ -->
<script>
(function(i,s,o,g,r,a,m){i['GoogleAnalyticsObject']=r;i[r]=i[r]||function(){
	(i[r].q=i[r].q||[]).push(arguments)},i[r].l=1*new Date();a=s.createElement(o),
	m=s.getElementsByTagName(o)[0];a.async=1;a.src=g;m.parentNode.insertBefore(a,m)
})(window,document,'script','https://www.google-analytics.com/analytics.js','ga');
  ga('create', 'UA-49356820-1', 'auto');
  ga('send', 'pageview');
</script>
<!-- END GADWP Universal Analytics -->
<script type="text/javascript">function setREVStartSize(e){
				try{ var i=jQuery(window).width(),t=9999,r=0,n=0,l=0,f=0,s=0,h=0;					
					if(e.responsiveLevels&&(jQuery.each(e.responsiveLevels,function(e,f){f>i&&(t=r=f,l=e),i>f&&f>r&&(r=f,n=e)}),t>r&&(l=n)),f=e.gridheight[l]||e.gridheight[0]||e.gridheight,s=e.gridwidth[l]||e.gridwidth[0]||e.gridwidth,h=i/s,h=h>1?1:h,f=Math.round(h*f),"fullscreen"==e.sliderLayout){var u=(e.c.width(),jQuery(window).height());if(void 0!=e.fullScreenOffsetContainer){var c=e.fullScreenOffsetContainer.split(",");if (c) jQuery.each(c,function(e,i){u=jQuery(i).length>0?u-jQuery(i).outerHeight(!0):u}),e.fullScreenOffset.split("%").length>1&&void 0!=e.fullScreenOffset&&e.fullScreenOffset.length>0?u-=jQuery(window).height()*parseInt(e.fullScreenOffset,0)/100:void 0!=e.fullScreenOffset&&e.fullScreenOffset.length>0&&(u-=parseInt(e.fullScreenOffset,0))}f=u}else void 0!=e.minHeight&&f<e.minHeight&&(f=e.minHeight);e.c.closest(".rev_slider_wrapper").css({height:f})					
				}catch(d){console.log("Failure at Presize of Slider:"+d)}
			};</script>
<style type="text/css" data-type="vc_custom-css">@media screen and (max-width: 1099px) {
    p {
        font-size: 0.9em;
    }
}

@media screen and (max-width: 999px) {
    h1 {
        font-size: 0.9em;
    }
    
    p {
        font-size: 0.8em;
        line-height: 1.2;
    }
    
    #content .vc_btn3 {
        font-size: 0.8em;
    }
}
</style><style type="text/css" data-type="vc_shortcodes-custom-css">.vc_custom_1508509723144{margin-top: 1em !important;}.vc_custom_1508509760987{margin-top: 1em !important;}</style><noscript><style type="text/css"> .wpb_animate_when_almost_visible { opacity: 1; }</style></noscript>
	<link rel="stylesheet" type="text/css" href="//cdnjs.cloudflare.com/ajax/libs/cookieconsent2/3.0.3/cookieconsent.min.css" />

	<script src="//cdnjs.cloudflare.com/ajax/libs/cookieconsent2/3.0.3/cookieconsent.min.js"></script>
	
<script> // Cookie consent bar
window.addEventListener("load", function(){
window.cookieconsent.initialise({
  "palette": {
    "popup": {
      "background": "#000"
    },
    "button": {
      "background": "#f1d600"
    }
  },
  "theme": "classic",
  "content": {
    "message": "This website uses cookies and other comparable techniques: (1) for analytical purposes, (2) to ensure you get the best possible experience and advertisements on our websites and in our online games.",
    "dismiss": "Yes, I agree",
    "href": "http://ziango.com/privacy-policy/"
  }
})}); 
</script>
	</head>
<body class="home page-template-default page page-id-592 fancy-header-on disabled-hover-icons dt-responsive-on overlay-cursor-on srcset-enabled btn-flat custom-btn-color custom-btn-hover-color outlines-bullets bold-icons phantom-sticky phantom-shadow-decoration phantom-main-logo-on sticky-mobile-header top-header first-switch-logo-left first-switch-menu-right second-switch-logo-left second-switch-menu-right right-mobile-menu layzr-loading-on popup-message-style wpb-js-composer js-comp-ver-5.3 vc_responsive album-minuatures-style-2">
<!-- The7 5.6.0.1 -->

<div id="page">
	<a class="skip-link screen-reader-text" href="#content">Skip to content</a>

<div class="masthead inline-header right full-height dt-parent-menu-clickable" role="banner">

	
	<header class="header-bar">

						<div class="branding">
					<div id="site-title" class="assistive-text">Ziango</div>
					<div id="site-description" class="assistive-text">Great casual games for any device</div>
					<a href="http://ziango.com/"><img class=" preload-me" src="http://ziango.com/wp-content/uploads/2017/10/ziango_logo2.png" srcset="http://ziango.com/wp-content/uploads/2017/10/ziango_logo2.png 1839w, http://ziango.com/wp-content/uploads/2017/10/ziango_logo2.png 1839w" width="1839" height="343"   sizes="1839px" alt="Ziango" /></a>				</div>
		<ul id="primary-menu" class="main-nav underline-decoration from-centre-line outside-item-remove-margin" role="menu"><li class="menu-item menu-item-type-post_type menu-item-object-page menu-item-home current-menu-item page_item page-item-592 current_page_item menu-item-1827 act first"><a href='http://ziango.com/' data-level='1'><span class="menu-item-text"><span class="menu-text">Home</span></span></a></li> <li class="menu-item menu-item-type-post_type menu-item-object-page menu-item-2024"><a href='http://ziango.com/ziango-games/' data-level='1'><span class="menu-item-text"><span class="menu-text">Games</span></span></a></li> <li class="menu-item menu-item-type-post_type menu-item-object-page menu-item-2031"><a href='http://ziango.com/services/' data-level='1'><span class="menu-item-text"><span class="menu-text">Services</span></span></a></li> <li class="menu-item menu-item-type-post_type menu-item-object-page menu-item-2023"><a href='http://ziango.com/company/' data-level='1'><span class="menu-item-text"><span class="menu-text">Company</span></span></a></li> <li class="menu-item menu-item-type-post_type menu-item-object-page menu-item-2639"><a href='http://ziango.com/jobs/' data-level='1'><span class="menu-item-text"><span class="menu-text">Jobs</span></span></a></li> <li class="menu-item menu-item-type-post_type menu-item-object-page menu-item-2703"><a href='http://ziango.com/privacy-policy/' data-level='1'><span class="menu-item-text"><span class="menu-text">Privacy Policy</span></span></a></li> </ul>
		
	</header>

</div><div class='dt-close-mobile-menu-icon'><span></span></div>
<div class='dt-mobile-header'>
	<ul id="mobile-menu" class="mobile-main-nav" role="menu">
		<li class="menu-item menu-item-type-post_type menu-item-object-page menu-item-home current-menu-item page_item page-item-592 current_page_item menu-item-1827 act first"><a href='http://ziango.com/' data-level='1'><span class="menu-item-text"><span class="menu-text">Home</span></span></a></li> <li class="menu-item menu-item-type-post_type menu-item-object-page menu-item-2024"><a href='http://ziango.com/ziango-games/' data-level='1'><span class="menu-item-text"><span class="menu-text">Games</span></span></a></li> <li class="menu-item menu-item-type-post_type menu-item-object-page menu-item-2031"><a href='http://ziango.com/services/' data-level='1'><span class="menu-item-text"><span class="menu-text">Services</span></span></a></li> <li class="menu-item menu-item-type-post_type menu-item-object-page menu-item-2023"><a href='http://ziango.com/company/' data-level='1'><span class="menu-item-text"><span class="menu-text">Company</span></span></a></li> <li class="menu-item menu-item-type-post_type menu-item-object-page menu-item-2639"><a href='http://ziango.com/jobs/' data-level='1'><span class="menu-item-text"><span class="menu-text">Jobs</span></span></a></li> <li class="menu-item menu-item-type-post_type menu-item-object-page menu-item-2703"><a href='http://ziango.com/privacy-policy/' data-level='1'><span class="menu-item-text"><span class="menu-text">Privacy Policy</span></span></a></li> 	</ul>
	<div class='mobile-mini-widgets-in-menu'></div>
</div>
	<header id="fancy-header" class="fancy-header breadcrumbs-off content-left" style="background-color: #ffffff; background-size: cover; background-repeat: no-repeat; background-image: url(http://ziango.com/wp-content/uploads/2014/03/home_banner_2.png); background-position: center center; min-height: 0px; padding-top: 14.4010416%; padding-bottom: 14.4010416%" >
			<div class="wf-wrap">
				<div class="wf-table" style="height: 0px;"><div class="wf-td hgroup"><h1 class="fancy-title entry-title" style="color: #ffffff; font-size: 48px; line-height: 64px; text-transform: none;" ><span>"Creating great casual games</span></h1><h2 class="fancy-subtitle " style="color: #ffffff; font-size: 40px; line-height: 56px; text-transform: none;"><span>for Facebook Instant-games and other HTML5-platforms"</span></h2></div></div>
			</div>
			<span class="fancy-header-overlay" style="background-color: ;"></span>
			</header>
	
	<div id="main" class="sidebar-none sidebar-divider-off" style="padding-bottom:140px;" >

		
		<div class="main-gradient"></div>
		<div class="wf-wrap">
			<div class="wf-container-main">

				
	
		
			<div id="content" class="content" role="main">

			
					
					<div data-vc-full-width="true" data-vc-full-width-init="false" class="vc_row wpb_row vc_row-fluid row-custom-background vc_row-o-content-middle vc_row-flex"><div class="wpb_column vc_column_container vc_col-sm-5 vc_col-md-6"><div class="vc_column-inner "><div class="wpb_wrapper">
	<div  class="wpb_single_image wpb_content_element vc_align_left  wpb_animate_when_almost_visible wpb_slideInLeft slideInLeft">
		
		<figure class="wpb_wrapper vc_figure">
			<div class="vc_single_image-wrapper   vc_box_border_grey"><img width="878" height="1024" src="http://ziango.com/wp-content/uploads/2014/03/games_image-878x1024.png" class="vc_single_image-img attachment-large" alt="" srcset="http://ziango.com/wp-content/uploads/2014/03/games_image-878x1024.png 878w, http://ziango.com/wp-content/uploads/2014/03/games_image-172x200.png 172w, http://ziango.com/wp-content/uploads/2014/03/games_image-257x300.png 257w, http://ziango.com/wp-content/uploads/2014/03/games_image-768x895.png 768w, http://ziango.com/wp-content/uploads/2014/03/games_image.png 1200w" sizes="(max-width: 878px) 100vw, 878px"  data-dt-location="http://ziango.com/sample-page-2/games_image/" /></div>
		</figure>
	</div>
</div></div></div><div class="wpb_column vc_column_container vc_col-sm-7 vc_col-md-6"><div class="vc_column-inner "><div class="wpb_wrapper"><div id="ultimate-heading-45235b9fd853d7934" class="uvc-heading ult-adjust-bottom-margin ultimate-heading-45235b9fd853d7934 uvc-3219 " data-hspacer="no_spacer"  data-halign="left" style="text-align:left"><div class="uvc-heading-spacer no_spacer" style="top"></div><div class="uvc-main-heading ult-responsive"  data-ultimate-target='.uvc-heading.ultimate-heading-45235b9fd853d7934 h1'  data-responsive-json-new='{"font-size":"desktop:46px;","line-height":""}' ><h1 style="font-weight:normal;">Games</h1></div></div>
	<div class="wpb_text_column wpb_content_element " >
		<div class="wpb_wrapper">
			<p><span style="font-weight: 400;">With a focus on engagement and design novelty, we have developed over 25+ games. Both own IP, as for others.</span></p>

		</div>
	</div>
<div class="vc_btn3-container vc_btn3-left vc_custom_1508509723144" >
	<a class="vc_general vc_btn3 vc_btn3-size-md vc_btn3-shape-rounded vc_btn3-style-flat vc_btn3-color-primary" href="./ziango-games/" title="">Read more</a></div>
</div></div></div></div><div class="vc_row-full-width vc_clearfix"></div><div data-vc-full-width="true" data-vc-full-width-init="false" class="vc_row wpb_row vc_row-fluid row-custom-background row-swap-cols vc_row-o-content-middle vc_row-flex"><div class="wpb_column vc_column_container vc_col-sm-5 vc_col-md-6"><div class="vc_column-inner "><div class="wpb_wrapper">
	<div  class="wpb_single_image wpb_content_element vc_align_left  wpb_animate_when_almost_visible wpb_slideInRight slideInRight">
		
		<figure class="wpb_wrapper vc_figure">
			<div class="vc_single_image-wrapper   vc_box_border_grey"><img width="948" height="1024" src="http://ziango.com/wp-content/uploads/2014/03/services_image-948x1024.png" class="vc_single_image-img attachment-large" alt="" srcset="http://ziango.com/wp-content/uploads/2014/03/services_image-948x1024.png 948w, http://ziango.com/wp-content/uploads/2014/03/services_image-185x200.png 185w, http://ziango.com/wp-content/uploads/2014/03/services_image-278x300.png 278w, http://ziango.com/wp-content/uploads/2014/03/services_image-768x829.png 768w, http://ziango.com/wp-content/uploads/2014/03/services_image.png 1200w" sizes="(max-width: 948px) 100vw, 948px"  data-dt-location="http://ziango.com/sample-page-2/services_image/" /></div>
		</figure>
	</div>
</div></div></div><div class="wpb_column vc_column_container vc_col-sm-7 vc_col-md-6"><div class="vc_column-inner "><div class="wpb_wrapper"><div id="ultimate-heading-78445b9fd853db846" class="uvc-heading ult-adjust-bottom-margin ultimate-heading-78445b9fd853db846 uvc-140 " data-hspacer="no_spacer"  data-halign="right" style="text-align:right"><div class="uvc-heading-spacer no_spacer" style="top"></div><div class="uvc-main-heading ult-responsive"  data-ultimate-target='.uvc-heading.ultimate-heading-78445b9fd853db846 h1'  data-responsive-json-new='{"font-size":"desktop:46px;","line-height":""}' ><h1 style="font-weight:normal;">Services</h1></div></div>
	<div class="wpb_text_column wpb_content_element " >
		<div class="wpb_wrapper">
			<p style="text-align: right;"><span style="font-weight: 400;">Have your next hit-game developed by us</span></p>

		</div>
	</div>
<div class="vc_btn3-container vc_btn3-right vc_custom_1508509760987" >
	<a class="vc_general vc_btn3 vc_btn3-size-md vc_btn3-shape-rounded vc_btn3-style-flat vc_btn3-color-primary" href="./services/" title="">Read more</a></div>
</div></div></div></div><div class="vc_row-full-width vc_clearfix"></div>

					
					
					

				
			
			</div><!-- #content -->

			
		

			</div><!-- .wf-container -->
		</div><!-- .wf-wrap -->
	</div><!-- #main -->

	
	<!-- !Footer -->
	<footer id="footer" class="footer solid-bg">

		
			<div class="wf-wrap">
				<div class="wf-container-footer">
					<div class="wf-container">

						<section id="presscore-contact-form-widget-2" class="widget widget_presscore-contact-form-widget wf-cell wf-1"><div class="widget-title">Contact us</div><form class="contact-form dt-form" action="/" method="post">
<input type="hidden" name="widget_id" value="presscore-contact-form-widget-2" /><input type="hidden" name="send_message" value="" /><div class="form-fields"><span class="form-name"><label class="assistive-text">Name *</label><input type="text" class="validate[required]" placeholder="Name *" name="name" value="" aria-required="true">
</span><span class="form-mail"><label class="assistive-text">E-mail *</label><input type="text" class="validate[required,custom[email]]" placeholder="E-mail *" name="email" value="" aria-required="true">
</span></div><span class="form-message"><label class="assistive-text">Message *</label><textarea class="validate[required]" placeholder="Message *" name="message" rows="6" aria-required="true"></textarea>
</span><p><a href="#" class="dt-btn dt-btn-m dt-btn-submit" rel="nofollow"><span>Submit</span></a><input class="assistive-text" type="submit" value="submit"></p></form>
</section>
					</div><!-- .wf-container -->
				</div><!-- .wf-container-footer -->
			</div><!-- .wf-wrap -->

		
	</footer><!-- #footer -->



	<a href="#" class="scroll-top"><span class="screen-reader-text">Go to Top</span></a>

</div><!-- #page -->
<link rel='stylesheet' id='animate-css-css'  href='http://ziango.com/wp-content/plugins/js_composer/assets/lib/bower/animate-css/animate.min.css?ver=5.3' type='text/css' media='all' />
<script type='text/javascript' src='http://ziango.com/wp-content/themes/dt-the7/js/main.min.js?ver=5.6.0.1'></script>
<script type='text/javascript' src='http://ziango.com/wp-content/themes/dt-the7/js/post-type.js?ver=1.0.0'></script>
<script type='text/javascript' src='http://ziango.com/wp-includes/js/wp-embed.min.js?ver=4.8.7'></script>
<script type='text/javascript' src='http://ziango.com/wp-content/plugins/js_composer/assets/js/dist/js_composer_front.min.js?ver=5.3'></script>
<script type='text/javascript' src='http://ziango.com/wp-content/plugins/js_composer/assets/lib/waypoints/waypoints.min.js?ver=5.3'></script>
<script type='text/javascript' src='http://ziango.com/wp-content/themes/dt-the7/js/atoms/plugins/validator/jquery.validationEngine.js?ver=2.6.1'></script>
<script type='text/javascript' src='http://ziango.com/wp-content/themes/dt-the7/js/atoms/plugins/validator/languages/jquery.validationEngine-en.js?ver=2.6.1'></script>
<script type='text/javascript' src='http://ziango.com/wp-content/themes/dt-the7/js/dt-contact-form.js?ver=4.8.7'></script>

<div class="pswp" tabindex="-1" role="dialog" aria-hidden="true">
    <div class="pswp__bg"></div>
    <div class="pswp__scroll-wrap">
 
        <div class="pswp__container">
            <div class="pswp__item"></div>
            <div class="pswp__item"></div>
            <div class="pswp__item"></div>
        </div>
 
        <div class="pswp__ui pswp__ui--hidden">
            <div class="pswp__top-bar">
                <div class="pswp__counter"></div>
                <button class="pswp__button pswp__button--close" title="Close (Esc)"></button>
                <button class="pswp__button pswp__button--share" title="Share"></button>
                <button class="pswp__button pswp__button--fs" title="Toggle fullscreen"></button>
                <button class="pswp__button pswp__button--zoom" title="Zoom in/out"></button>
                <div class="pswp__preloader">
                    <div class="pswp__preloader__icn">
                      <div class="pswp__preloader__cut">
                        <div class="pswp__preloader__donut"></div>
                      </div>
                    </div>
                </div>
            </div>
            <div class="pswp__share-modal pswp__share-modal--hidden pswp__single-tap">
                <div class="pswp__share-tooltip"></div> 
            </div>
            <button class="pswp__button pswp__button--arrow--left" title="Previous (arrow left)">
            </button>
            <button class="pswp__button pswp__button--arrow--right" title="Next (arrow right)">
            </button>
            <div class="pswp__caption">
                <div class="pswp__caption__center"></div>
            </div>
        </div>
    </div>
</div>
</body>
</html>
Build info: version: '3.7.1', revision: '8a0099a', time: '2017-11-06T21:07:36.161Z'
System info: host: 'Jochens-MBP.fritz.box', ip: '2001:985:7559:1:74f8:2d:558e:14af%en0', os.name: 'Mac OS X', os.arch: 'x86_64', os.version: '10.13.6', java.version: '1.8.0_181'
Driver info: driver.version: CRemoteWebDriver)
	at com.kms.katalon.core.keyword.internal.KeywordMain.stepFailed(KeywordMain.groovy:36)
	at com.kms.katalon.core.webui.keyword.internal.WebUIKeywordMain.stepFailed(WebUIKeywordMain.groovy:65)
	at com.kms.katalon.core.webui.keyword.internal.WebUIKeywordMain.runKeyword(WebUIKeywordMain.groovy:27)
	at com.kms.katalon.core.webui.keyword.builtin.OpenBrowserKeyword.openBrowser(OpenBrowserKeyword.groovy:81)
	at com.kms.katalon.core.webui.keyword.builtin.OpenBrowserKeyword.execute(OpenBrowserKeyword.groovy:67)
	at com.kms.katalon.core.keyword.internal.KeywordExecutor.executeKeywordForPlatform(KeywordExecutor.groovy:53)
	at com.kms.katalon.core.webui.keyword.WebUiBuiltInKeywords.openBrowser(WebUiBuiltInKeywords.groovy:60)
	at com.kms.katalon.core.webui.keyword.WebUiBuiltInKeywords$openBrowser.call(Unknown Source)
	at org.codehaus.groovy.runtime.callsite.CallSiteArray.defaultCall(CallSiteArray.java:48)
	at org.codehaus.groovy.runtime.callsite.AbstractCallSite.call(AbstractCallSite.java:113)
	at org.codehaus.groovy.runtime.callsite.AbstractCallSite.call(AbstractCallSite.java:125)
	at Script1537198796161.run(Script1537198796161.groovy:16)
	at com.kms.katalon.core.main.ScriptEngine.run(ScriptEngine.java:183)
	at com.kms.katalon.core.main.ScriptEngine.runScriptAsRawText(ScriptEngine.java:108)
	at com.kms.katalon.core.main.TestCaseExecutor.runScript(TestCaseExecutor.java:294)
	at com.kms.katalon.core.main.TestCaseExecutor.doExecute(TestCaseExecutor.java:285)
	at com.kms.katalon.core.main.TestCaseExecutor.processExecutionPhase(TestCaseExecutor.java:264)
	at com.kms.katalon.core.main.TestCaseExecutor.accessMainPhase(TestCaseExecutor.java:256)
	at com.kms.katalon.core.main.TestCaseExecutor.execute(TestCaseExecutor.java:200)
	at com.kms.katalon.core.main.TestSuiteExecutor.accessTestCaseMainPhase(TestSuiteExecutor.java:129)
	at com.kms.katalon.core.main.TestSuiteExecutor.accessTestSuiteMainPhase(TestSuiteExecutor.java:112)
	at com.kms.katalon.core.main.TestSuiteExecutor.execute(TestSuiteExecutor.java:81)
	at com.kms.katalon.core.main.TestCaseMain.startTestSuite(TestCaseMain.java:142)
	at com.kms.katalon.core.main.TestCaseMain$startTestSuite$0.call(Unknown Source)
	at org.codehaus.groovy.runtime.callsite.CallSiteArray.defaultCall(CallSiteArray.java:48)
	at org.codehaus.groovy.runtime.callsite.AbstractCallSite.call(AbstractCallSite.java:113)
	at org.codehaus.groovy.runtime.callsite.AbstractCallSite.call(AbstractCallSite.java:141)
	at TempTestSuite1537202256239.run(TempTestSuite1537202256239.groovy:36)
	at groovy.lang.GroovyShell.runScriptOrMainOrTestOrRunnable(GroovyShell.java:263)
	at groovy.lang.GroovyShell.run(GroovyShell.java:518)
	at groovy.lang.GroovyShell.run(GroovyShell.java:507)
	at groovy.ui.GroovyMain.processOnce(GroovyMain.java:653)
	at groovy.ui.GroovyMain.run(GroovyMain.java:384)
	at groovy.ui.GroovyMain.process(GroovyMain.java:370)
	at groovy.ui.GroovyMain.processArgs(GroovyMain.java:129)
	at groovy.ui.GroovyMain.main(GroovyMain.java:109)
	at sun.reflect.NativeMethodAccessorImpl.invoke0(Native Method)
	at sun.reflect.NativeMethodAccessorImpl.invoke(NativeMethodAccessorImpl.java:62)
	at sun.reflect.DelegatingMethodAccessorImpl.invoke(DelegatingMethodAccessorImpl.java:43)
	at java.lang.reflect.Method.invoke(Method.java:498)
	at org.codehaus.groovy.tools.GroovyStarter.rootLoader(GroovyStarter.java:109)
	at org.codehaus.groovy.tools.GroovyStarter.main(GroovyStarter.java:131)
)]]></system-err>
      </testcase>
      <testcase name="Test Cases/Adds new todo and removes it again" classname="Test Cases/Adds new todo and removes it again" status="FAILED">
         <failure type="FAILED" message="(Stack trace: com.kms.katalon.core.exception.StepFailedException: Unable to navigate to 'http://localhost:3000/' (Root cause: com.kms.katalon.core.webui.exception.BrowserNotOpenedException: Browser is not opened
Build info: version: '3.7.1', revision: '8a0099a', time: '2017-11-06T21:07:36.161Z'
System info: host: 'Jochens-MBP.fritz.box', ip: '2001:985:7559:1:74f8:2d:558e:14af%en0', os.name: 'Mac OS X', os.arch: 'x86_64', os.version: '10.13.6', java.version: '1.8.0_181'
Driver info: driver.version: unknown)
	at com.kms.katalon.core.keyword.internal.KeywordMain.stepFailed(KeywordMain.groovy:36)
	at com.kms.katalon.core.webui.keyword.internal.WebUIKeywordMain.stepFailed(WebUIKeywordMain.groovy:65)
	at com.kms.katalon.core.webui.keyword.internal.WebUIKeywordMain.runKeyword(WebUIKeywordMain.groovy:27)
	at com.kms.katalon.core.webui.keyword.builtin.NavigateToUrlKeyword.navigateToUrl(NavigateToUrlKeyword.groovy:83)
	at com.kms.katalon.core.webui.keyword.builtin.NavigateToUrlKeyword.execute(NavigateToUrlKeyword.groovy:67)
	at com.kms.katalon.core.keyword.internal.KeywordExecutor.executeKeywordForPlatform(KeywordExecutor.groovy:53)
	at com.kms.katalon.core.webui.keyword.WebUiBuiltInKeywords.navigateToUrl(WebUiBuiltInKeywords.groovy:183)
	at com.kms.katalon.core.webui.keyword.WebUiBuiltInKeywords$navigateToUrl$0.call(Unknown Source)
	at org.codehaus.groovy.runtime.callsite.CallSiteArray.defaultCall(CallSiteArray.java:48)
	at org.codehaus.groovy.runtime.callsite.AbstractCallSite.call(AbstractCallSite.java:113)
	at org.codehaus.groovy.runtime.callsite.AbstractCallSite.call(AbstractCallSite.java:125)
	at Script1537179103627.run(Script1537179103627.groovy:16)
	at com.kms.katalon.core.main.ScriptEngine.run(ScriptEngine.java:183)
	at com.kms.katalon.core.main.ScriptEngine.runScriptAsRawText(ScriptEngine.java:108)
	at com.kms.katalon.core.main.TestCaseExecutor.runScript(TestCaseExecutor.java:294)
	at com.kms.katalon.core.main.TestCaseExecutor.doExecute(TestCaseExecutor.java:285)
	at com.kms.katalon.core.main.TestCaseExecutor.processExecutionPhase(TestCaseExecutor.java:264)
	at com.kms.katalon.core.main.TestCaseExecutor.accessMainPhase(TestCaseExecutor.java:256)
	at com.kms.katalon.core.main.TestCaseExecutor.execute(TestCaseExecutor.java:200)
	at com.kms.katalon.core.main.TestSuiteExecutor.accessTestCaseMainPhase(TestSuiteExecutor.java:129)
	at com.kms.katalon.core.main.TestSuiteExecutor.accessTestSuiteMainPhase(TestSuiteExecutor.java:112)
	at com.kms.katalon.core.main.TestSuiteExecutor.execute(TestSuiteExecutor.java:81)
	at com.kms.katalon.core.main.TestCaseMain.startTestSuite(TestCaseMain.java:142)
	at com.kms.katalon.core.main.TestCaseMain$startTestSuite$0.call(Unknown Source)
	at org.codehaus.groovy.runtime.callsite.CallSiteArray.defaultCall(CallSiteArray.java:48)
	at org.codehaus.groovy.runtime.callsite.AbstractCallSite.call(AbstractCallSite.java:113)
	at org.codehaus.groovy.runtime.callsite.AbstractCallSite.call(AbstractCallSite.java:141)
	at TempTestSuite1537202256239.run(TempTestSuite1537202256239.groovy:36)
	at groovy.lang.GroovyShell.runScriptOrMainOrTestOrRunnable(GroovyShell.java:263)
	at groovy.lang.GroovyShell.run(GroovyShell.java:518)
	at groovy.lang.GroovyShell.run(GroovyShell.java:507)
	at groovy.ui.GroovyMain.processOnce(GroovyMain.java:653)
	at groovy.ui.GroovyMain.run(GroovyMain.java:384)
	at groovy.ui.GroovyMain.process(GroovyMain.java:370)
	at groovy.ui.GroovyMain.processArgs(GroovyMain.java:129)
	at groovy.ui.GroovyMain.main(GroovyMain.java:109)
	at sun.reflect.NativeMethodAccessorImpl.invoke0(Native Method)
	at sun.reflect.NativeMethodAccessorImpl.invoke(NativeMethodAccessorImpl.java:62)
	at sun.reflect.DelegatingMethodAccessorImpl.invoke(DelegatingMethodAccessorImpl.java:43)
	at java.lang.reflect.Method.invoke(Method.java:498)
	at org.codehaus.groovy.tools.GroovyStarter.rootLoader(GroovyStarter.java:109)
	at org.codehaus.groovy.tools.GroovyStarter.main(GroovyStarter.java:131)
)"/>
         <system-out><![CDATA[2018-09-17 18:37:40 - [TEST_CASE][FAILED] - Test Cases/Adds new todo and removes it again: Test Cases/Adds new todo and removes it again FAILED because (of) (Stack trace: com.kms.katalon.core.exception.StepFailedException: Unable to navigate to 'http://localhost:3000/' (Root cause: com.kms.katalon.core.webui.exception.BrowserNotOpenedException: Browser is not opened
Build info: version: '3.7.1', revision: '8a0099a', time: '2017-11-06T21:07:36.161Z'
System info: host: 'Jochens-MBP.fritz.box', ip: '2001:985:7559:1:74f8:2d:558e:14af%en0', os.name: 'Mac OS X', os.arch: 'x86_64', os.version: '10.13.6', java.version: '1.8.0_181'
Driver info: driver.version: unknown)
	at com.kms.katalon.core.keyword.internal.KeywordMain.stepFailed(KeywordMain.groovy:36)
	at com.kms.katalon.core.webui.keyword.internal.WebUIKeywordMain.stepFailed(WebUIKeywordMain.groovy:65)
	at com.kms.katalon.core.webui.keyword.internal.WebUIKeywordMain.runKeyword(WebUIKeywordMain.groovy:27)
	at com.kms.katalon.core.webui.keyword.builtin.NavigateToUrlKeyword.navigateToUrl(NavigateToUrlKeyword.groovy:83)
	at com.kms.katalon.core.webui.keyword.builtin.NavigateToUrlKeyword.execute(NavigateToUrlKeyword.groovy:67)
	at com.kms.katalon.core.keyword.internal.KeywordExecutor.executeKeywordForPlatform(KeywordExecutor.groovy:53)
	at com.kms.katalon.core.webui.keyword.WebUiBuiltInKeywords.navigateToUrl(WebUiBuiltInKeywords.groovy:183)
	at com.kms.katalon.core.webui.keyword.WebUiBuiltInKeywords$navigateToUrl$0.call(Unknown Source)
	at org.codehaus.groovy.runtime.callsite.CallSiteArray.defaultCall(CallSiteArray.java:48)
	at org.codehaus.groovy.runtime.callsite.AbstractCallSite.call(AbstractCallSite.java:113)
	at org.codehaus.groovy.runtime.callsite.AbstractCallSite.call(AbstractCallSite.java:125)
	at Script1537179103627.run(Script1537179103627.groovy:16)
	at com.kms.katalon.core.main.ScriptEngine.run(ScriptEngine.java:183)
	at com.kms.katalon.core.main.ScriptEngine.runScriptAsRawText(ScriptEngine.java:108)
	at com.kms.katalon.core.main.TestCaseExecutor.runScript(TestCaseExecutor.java:294)
	at com.kms.katalon.core.main.TestCaseExecutor.doExecute(TestCaseExecutor.java:285)
	at com.kms.katalon.core.main.TestCaseExecutor.processExecutionPhase(TestCaseExecutor.java:264)
	at com.kms.katalon.core.main.TestCaseExecutor.accessMainPhase(TestCaseExecutor.java:256)
	at com.kms.katalon.core.main.TestCaseExecutor.execute(TestCaseExecutor.java:200)
	at com.kms.katalon.core.main.TestSuiteExecutor.accessTestCaseMainPhase(TestSuiteExecutor.java:129)
	at com.kms.katalon.core.main.TestSuiteExecutor.accessTestSuiteMainPhase(TestSuiteExecutor.java:112)
	at com.kms.katalon.core.main.TestSuiteExecutor.execute(TestSuiteExecutor.java:81)
	at com.kms.katalon.core.main.TestCaseMain.startTestSuite(TestCaseMain.java:142)
	at com.kms.katalon.core.main.TestCaseMain$startTestSuite$0.call(Unknown Source)
	at org.codehaus.groovy.runtime.callsite.CallSiteArray.defaultCall(CallSiteArray.java:48)
	at org.codehaus.groovy.runtime.callsite.AbstractCallSite.call(AbstractCallSite.java:113)
	at org.codehaus.groovy.runtime.callsite.AbstractCallSite.call(AbstractCallSite.java:141)
	at TempTestSuite1537202256239.run(TempTestSuite1537202256239.groovy:36)
	at groovy.lang.GroovyShell.runScriptOrMainOrTestOrRunnable(GroovyShell.java:263)
	at groovy.lang.GroovyShell.run(GroovyShell.java:518)
	at groovy.lang.GroovyShell.run(GroovyShell.java:507)
	at groovy.ui.GroovyMain.processOnce(GroovyMain.java:653)
	at groovy.ui.GroovyMain.run(GroovyMain.java:384)
	at groovy.ui.GroovyMain.process(GroovyMain.java:370)
	at groovy.ui.GroovyMain.processArgs(GroovyMain.java:129)
	at groovy.ui.GroovyMain.main(GroovyMain.java:109)
	at sun.reflect.NativeMethodAccessorImpl.invoke0(Native Method)
	at sun.reflect.NativeMethodAccessorImpl.invoke(NativeMethodAccessorImpl.java:62)
	at sun.reflect.DelegatingMethodAccessorImpl.invoke(DelegatingMethodAccessorImpl.java:43)
	at java.lang.reflect.Method.invoke(Method.java:498)
	at org.codehaus.groovy.tools.GroovyStarter.rootLoader(GroovyStarter.java:109)
	at org.codehaus.groovy.tools.GroovyStarter.main(GroovyStarter.java:131)
)

2018-09-17 18:37:40 - [TEST_STEP][FAILED] - navigateToUrl: Unable to navigate to 'http://localhost:3000/' (Root cause: com.kms.katalon.core.webui.exception.BrowserNotOpenedException: Browser is not opened
Build info: version: '3.7.1', revision: '8a0099a', time: '2017-11-06T21:07:36.161Z'
System info: host: 'Jochens-MBP.fritz.box', ip: '2001:985:7559:1:74f8:2d:558e:14af%en0', os.name: 'Mac OS X', os.arch: 'x86_64', os.version: '10.13.6', java.version: '1.8.0_181'
Driver info: driver.version: unknown)

2018-09-17 18:37:40 - [MESSAGE][WARNING] - Cannot take screenshot

2018-09-17 18:37:40 - [MESSAGE][FAILED] - Unable to navigate to 'http://localhost:3000/' (Root cause: com.kms.katalon.core.webui.exception.BrowserNotOpenedException: Browser is not opened
Build info: version: '3.7.1', revision: '8a0099a', time: '2017-11-06T21:07:36.161Z'
System info: host: 'Jochens-MBP.fritz.box', ip: '2001:985:7559:1:74f8:2d:558e:14af%en0', os.name: 'Mac OS X', os.arch: 'x86_64', os.version: '10.13.6', java.version: '1.8.0_181'
Driver info: driver.version: unknown)]]></system-out>
         <system-err><![CDATA[2018-09-17 18:37:40 - [TEST_CASE][FAILED] - Test Cases/Adds new todo and removes it again: Test Cases/Adds new todo and removes it again FAILED because (of) (Stack trace: com.kms.katalon.core.exception.StepFailedException: Unable to navigate to 'http://localhost:3000/' (Root cause: com.kms.katalon.core.webui.exception.BrowserNotOpenedException: Browser is not opened
Build info: version: '3.7.1', revision: '8a0099a', time: '2017-11-06T21:07:36.161Z'
System info: host: 'Jochens-MBP.fritz.box', ip: '2001:985:7559:1:74f8:2d:558e:14af%en0', os.name: 'Mac OS X', os.arch: 'x86_64', os.version: '10.13.6', java.version: '1.8.0_181'
Driver info: driver.version: unknown)
	at com.kms.katalon.core.keyword.internal.KeywordMain.stepFailed(KeywordMain.groovy:36)
	at com.kms.katalon.core.webui.keyword.internal.WebUIKeywordMain.stepFailed(WebUIKeywordMain.groovy:65)
	at com.kms.katalon.core.webui.keyword.internal.WebUIKeywordMain.runKeyword(WebUIKeywordMain.groovy:27)
	at com.kms.katalon.core.webui.keyword.builtin.NavigateToUrlKeyword.navigateToUrl(NavigateToUrlKeyword.groovy:83)
	at com.kms.katalon.core.webui.keyword.builtin.NavigateToUrlKeyword.execute(NavigateToUrlKeyword.groovy:67)
	at com.kms.katalon.core.keyword.internal.KeywordExecutor.executeKeywordForPlatform(KeywordExecutor.groovy:53)
	at com.kms.katalon.core.webui.keyword.WebUiBuiltInKeywords.navigateToUrl(WebUiBuiltInKeywords.groovy:183)
	at com.kms.katalon.core.webui.keyword.WebUiBuiltInKeywords$navigateToUrl$0.call(Unknown Source)
	at org.codehaus.groovy.runtime.callsite.CallSiteArray.defaultCall(CallSiteArray.java:48)
	at org.codehaus.groovy.runtime.callsite.AbstractCallSite.call(AbstractCallSite.java:113)
	at org.codehaus.groovy.runtime.callsite.AbstractCallSite.call(AbstractCallSite.java:125)
	at Script1537179103627.run(Script1537179103627.groovy:16)
	at com.kms.katalon.core.main.ScriptEngine.run(ScriptEngine.java:183)
	at com.kms.katalon.core.main.ScriptEngine.runScriptAsRawText(ScriptEngine.java:108)
	at com.kms.katalon.core.main.TestCaseExecutor.runScript(TestCaseExecutor.java:294)
	at com.kms.katalon.core.main.TestCaseExecutor.doExecute(TestCaseExecutor.java:285)
	at com.kms.katalon.core.main.TestCaseExecutor.processExecutionPhase(TestCaseExecutor.java:264)
	at com.kms.katalon.core.main.TestCaseExecutor.accessMainPhase(TestCaseExecutor.java:256)
	at com.kms.katalon.core.main.TestCaseExecutor.execute(TestCaseExecutor.java:200)
	at com.kms.katalon.core.main.TestSuiteExecutor.accessTestCaseMainPhase(TestSuiteExecutor.java:129)
	at com.kms.katalon.core.main.TestSuiteExecutor.accessTestSuiteMainPhase(TestSuiteExecutor.java:112)
	at com.kms.katalon.core.main.TestSuiteExecutor.execute(TestSuiteExecutor.java:81)
	at com.kms.katalon.core.main.TestCaseMain.startTestSuite(TestCaseMain.java:142)
	at com.kms.katalon.core.main.TestCaseMain$startTestSuite$0.call(Unknown Source)
	at org.codehaus.groovy.runtime.callsite.CallSiteArray.defaultCall(CallSiteArray.java:48)
	at org.codehaus.groovy.runtime.callsite.AbstractCallSite.call(AbstractCallSite.java:113)
	at org.codehaus.groovy.runtime.callsite.AbstractCallSite.call(AbstractCallSite.java:141)
	at TempTestSuite1537202256239.run(TempTestSuite1537202256239.groovy:36)
	at groovy.lang.GroovyShell.runScriptOrMainOrTestOrRunnable(GroovyShell.java:263)
	at groovy.lang.GroovyShell.run(GroovyShell.java:518)
	at groovy.lang.GroovyShell.run(GroovyShell.java:507)
	at groovy.ui.GroovyMain.processOnce(GroovyMain.java:653)
	at groovy.ui.GroovyMain.run(GroovyMain.java:384)
	at groovy.ui.GroovyMain.process(GroovyMain.java:370)
	at groovy.ui.GroovyMain.processArgs(GroovyMain.java:129)
	at groovy.ui.GroovyMain.main(GroovyMain.java:109)
	at sun.reflect.NativeMethodAccessorImpl.invoke0(Native Method)
	at sun.reflect.NativeMethodAccessorImpl.invoke(NativeMethodAccessorImpl.java:62)
	at sun.reflect.DelegatingMethodAccessorImpl.invoke(DelegatingMethodAccessorImpl.java:43)
	at java.lang.reflect.Method.invoke(Method.java:498)
	at org.codehaus.groovy.tools.GroovyStarter.rootLoader(GroovyStarter.java:109)
	at org.codehaus.groovy.tools.GroovyStarter.main(GroovyStarter.java:131)
)]]></system-err>
      </testcase>
      <testcase name="Test Cases/Goes to embedded page and starts youtube" classname="Test Cases/Goes to embedded page and starts youtube" status="FAILED">
         <failure type="FAILED" message="(Stack trace: com.kms.katalon.core.exception.StepFailedException: Unable to navigate to 'http://localhost:3000/embedded' (Root cause: com.kms.katalon.core.webui.exception.BrowserNotOpenedException: Browser is not opened
Build info: version: '3.7.1', revision: '8a0099a', time: '2017-11-06T21:07:36.161Z'
System info: host: 'Jochens-MBP.fritz.box', ip: '2001:985:7559:1:74f8:2d:558e:14af%en0', os.name: 'Mac OS X', os.arch: 'x86_64', os.version: '10.13.6', java.version: '1.8.0_181'
Driver info: driver.version: unknown)
	at com.kms.katalon.core.keyword.internal.KeywordMain.stepFailed(KeywordMain.groovy:36)
	at com.kms.katalon.core.webui.keyword.internal.WebUIKeywordMain.stepFailed(WebUIKeywordMain.groovy:65)
	at com.kms.katalon.core.webui.keyword.internal.WebUIKeywordMain.runKeyword(WebUIKeywordMain.groovy:27)
	at com.kms.katalon.core.webui.keyword.builtin.NavigateToUrlKeyword.navigateToUrl(NavigateToUrlKeyword.groovy:83)
	at com.kms.katalon.core.webui.keyword.builtin.NavigateToUrlKeyword.execute(NavigateToUrlKeyword.groovy:67)
	at com.kms.katalon.core.keyword.internal.KeywordExecutor.executeKeywordForPlatform(KeywordExecutor.groovy:53)
	at com.kms.katalon.core.webui.keyword.WebUiBuiltInKeywords.navigateToUrl(WebUiBuiltInKeywords.groovy:183)
	at com.kms.katalon.core.webui.keyword.WebUiBuiltInKeywords$navigateToUrl$0.call(Unknown Source)
	at org.codehaus.groovy.runtime.callsite.CallSiteArray.defaultCall(CallSiteArray.java:48)
	at org.codehaus.groovy.runtime.callsite.AbstractCallSite.call(AbstractCallSite.java:113)
	at org.codehaus.groovy.runtime.callsite.AbstractCallSite.call(AbstractCallSite.java:125)
	at Script1537179120282.run(Script1537179120282.groovy:16)
	at com.kms.katalon.core.main.ScriptEngine.run(ScriptEngine.java:183)
	at com.kms.katalon.core.main.ScriptEngine.runScriptAsRawText(ScriptEngine.java:108)
	at com.kms.katalon.core.main.TestCaseExecutor.runScript(TestCaseExecutor.java:294)
	at com.kms.katalon.core.main.TestCaseExecutor.doExecute(TestCaseExecutor.java:285)
	at com.kms.katalon.core.main.TestCaseExecutor.processExecutionPhase(TestCaseExecutor.java:264)
	at com.kms.katalon.core.main.TestCaseExecutor.accessMainPhase(TestCaseExecutor.java:256)
	at com.kms.katalon.core.main.TestCaseExecutor.execute(TestCaseExecutor.java:200)
	at com.kms.katalon.core.main.TestSuiteExecutor.accessTestCaseMainPhase(TestSuiteExecutor.java:129)
	at com.kms.katalon.core.main.TestSuiteExecutor.accessTestSuiteMainPhase(TestSuiteExecutor.java:112)
	at com.kms.katalon.core.main.TestSuiteExecutor.execute(TestSuiteExecutor.java:81)
	at com.kms.katalon.core.main.TestCaseMain.startTestSuite(TestCaseMain.java:142)
	at com.kms.katalon.core.main.TestCaseMain$startTestSuite$0.call(Unknown Source)
	at org.codehaus.groovy.runtime.callsite.CallSiteArray.defaultCall(CallSiteArray.java:48)
	at org.codehaus.groovy.runtime.callsite.AbstractCallSite.call(AbstractCallSite.java:113)
	at org.codehaus.groovy.runtime.callsite.AbstractCallSite.call(AbstractCallSite.java:141)
	at TempTestSuite1537202256239.run(TempTestSuite1537202256239.groovy:36)
	at groovy.lang.GroovyShell.runScriptOrMainOrTestOrRunnable(GroovyShell.java:263)
	at groovy.lang.GroovyShell.run(GroovyShell.java:518)
	at groovy.lang.GroovyShell.run(GroovyShell.java:507)
	at groovy.ui.GroovyMain.processOnce(GroovyMain.java:653)
	at groovy.ui.GroovyMain.run(GroovyMain.java:384)
	at groovy.ui.GroovyMain.process(GroovyMain.java:370)
	at groovy.ui.GroovyMain.processArgs(GroovyMain.java:129)
	at groovy.ui.GroovyMain.main(GroovyMain.java:109)
	at sun.reflect.NativeMethodAccessorImpl.invoke0(Native Method)
	at sun.reflect.NativeMethodAccessorImpl.invoke(NativeMethodAccessorImpl.java:62)
	at sun.reflect.DelegatingMethodAccessorImpl.invoke(DelegatingMethodAccessorImpl.java:43)
	at java.lang.reflect.Method.invoke(Method.java:498)
	at org.codehaus.groovy.tools.GroovyStarter.rootLoader(GroovyStarter.java:109)
	at org.codehaus.groovy.tools.GroovyStarter.main(GroovyStarter.java:131)
)"/>
         <system-out><![CDATA[2018-09-17 18:37:40 - [TEST_CASE][FAILED] - Test Cases/Goes to embedded page and starts youtube: Test Cases/Goes to embedded page and starts youtube FAILED because (of) (Stack trace: com.kms.katalon.core.exception.StepFailedException: Unable to navigate to 'http://localhost:3000/embedded' (Root cause: com.kms.katalon.core.webui.exception.BrowserNotOpenedException: Browser is not opened
Build info: version: '3.7.1', revision: '8a0099a', time: '2017-11-06T21:07:36.161Z'
System info: host: 'Jochens-MBP.fritz.box', ip: '2001:985:7559:1:74f8:2d:558e:14af%en0', os.name: 'Mac OS X', os.arch: 'x86_64', os.version: '10.13.6', java.version: '1.8.0_181'
Driver info: driver.version: unknown)
	at com.kms.katalon.core.keyword.internal.KeywordMain.stepFailed(KeywordMain.groovy:36)
	at com.kms.katalon.core.webui.keyword.internal.WebUIKeywordMain.stepFailed(WebUIKeywordMain.groovy:65)
	at com.kms.katalon.core.webui.keyword.internal.WebUIKeywordMain.runKeyword(WebUIKeywordMain.groovy:27)
	at com.kms.katalon.core.webui.keyword.builtin.NavigateToUrlKeyword.navigateToUrl(NavigateToUrlKeyword.groovy:83)
	at com.kms.katalon.core.webui.keyword.builtin.NavigateToUrlKeyword.execute(NavigateToUrlKeyword.groovy:67)
	at com.kms.katalon.core.keyword.internal.KeywordExecutor.executeKeywordForPlatform(KeywordExecutor.groovy:53)
	at com.kms.katalon.core.webui.keyword.WebUiBuiltInKeywords.navigateToUrl(WebUiBuiltInKeywords.groovy:183)
	at com.kms.katalon.core.webui.keyword.WebUiBuiltInKeywords$navigateToUrl$0.call(Unknown Source)
	at org.codehaus.groovy.runtime.callsite.CallSiteArray.defaultCall(CallSiteArray.java:48)
	at org.codehaus.groovy.runtime.callsite.AbstractCallSite.call(AbstractCallSite.java:113)
	at org.codehaus.groovy.runtime.callsite.AbstractCallSite.call(AbstractCallSite.java:125)
	at Script1537179120282.run(Script1537179120282.groovy:16)
	at com.kms.katalon.core.main.ScriptEngine.run(ScriptEngine.java:183)
	at com.kms.katalon.core.main.ScriptEngine.runScriptAsRawText(ScriptEngine.java:108)
	at com.kms.katalon.core.main.TestCaseExecutor.runScript(TestCaseExecutor.java:294)
	at com.kms.katalon.core.main.TestCaseExecutor.doExecute(TestCaseExecutor.java:285)
	at com.kms.katalon.core.main.TestCaseExecutor.processExecutionPhase(TestCaseExecutor.java:264)
	at com.kms.katalon.core.main.TestCaseExecutor.accessMainPhase(TestCaseExecutor.java:256)
	at com.kms.katalon.core.main.TestCaseExecutor.execute(TestCaseExecutor.java:200)
	at com.kms.katalon.core.main.TestSuiteExecutor.accessTestCaseMainPhase(TestSuiteExecutor.java:129)
	at com.kms.katalon.core.main.TestSuiteExecutor.accessTestSuiteMainPhase(TestSuiteExecutor.java:112)
	at com.kms.katalon.core.main.TestSuiteExecutor.execute(TestSuiteExecutor.java:81)
	at com.kms.katalon.core.main.TestCaseMain.startTestSuite(TestCaseMain.java:142)
	at com.kms.katalon.core.main.TestCaseMain$startTestSuite$0.call(Unknown Source)
	at org.codehaus.groovy.runtime.callsite.CallSiteArray.defaultCall(CallSiteArray.java:48)
	at org.codehaus.groovy.runtime.callsite.AbstractCallSite.call(AbstractCallSite.java:113)
	at org.codehaus.groovy.runtime.callsite.AbstractCallSite.call(AbstractCallSite.java:141)
	at TempTestSuite1537202256239.run(TempTestSuite1537202256239.groovy:36)
	at groovy.lang.GroovyShell.runScriptOrMainOrTestOrRunnable(GroovyShell.java:263)
	at groovy.lang.GroovyShell.run(GroovyShell.java:518)
	at groovy.lang.GroovyShell.run(GroovyShell.java:507)
	at groovy.ui.GroovyMain.processOnce(GroovyMain.java:653)
	at groovy.ui.GroovyMain.run(GroovyMain.java:384)
	at groovy.ui.GroovyMain.process(GroovyMain.java:370)
	at groovy.ui.GroovyMain.processArgs(GroovyMain.java:129)
	at groovy.ui.GroovyMain.main(GroovyMain.java:109)
	at sun.reflect.NativeMethodAccessorImpl.invoke0(Native Method)
	at sun.reflect.NativeMethodAccessorImpl.invoke(NativeMethodAccessorImpl.java:62)
	at sun.reflect.DelegatingMethodAccessorImpl.invoke(DelegatingMethodAccessorImpl.java:43)
	at java.lang.reflect.Method.invoke(Method.java:498)
	at org.codehaus.groovy.tools.GroovyStarter.rootLoader(GroovyStarter.java:109)
	at org.codehaus.groovy.tools.GroovyStarter.main(GroovyStarter.java:131)
)

2018-09-17 18:37:40 - [TEST_STEP][FAILED] - navigateToUrl: Unable to navigate to 'http://localhost:3000/embedded' (Root cause: com.kms.katalon.core.webui.exception.BrowserNotOpenedException: Browser is not opened
Build info: version: '3.7.1', revision: '8a0099a', time: '2017-11-06T21:07:36.161Z'
System info: host: 'Jochens-MBP.fritz.box', ip: '2001:985:7559:1:74f8:2d:558e:14af%en0', os.name: 'Mac OS X', os.arch: 'x86_64', os.version: '10.13.6', java.version: '1.8.0_181'
Driver info: driver.version: unknown)

2018-09-17 18:37:40 - [MESSAGE][WARNING] - Cannot take screenshot

2018-09-17 18:37:40 - [MESSAGE][FAILED] - Unable to navigate to 'http://localhost:3000/embedded' (Root cause: com.kms.katalon.core.webui.exception.BrowserNotOpenedException: Browser is not opened
Build info: version: '3.7.1', revision: '8a0099a', time: '2017-11-06T21:07:36.161Z'
System info: host: 'Jochens-MBP.fritz.box', ip: '2001:985:7559:1:74f8:2d:558e:14af%en0', os.name: 'Mac OS X', os.arch: 'x86_64', os.version: '10.13.6', java.version: '1.8.0_181'
Driver info: driver.version: unknown)]]></system-out>
         <system-err><![CDATA[2018-09-17 18:37:40 - [TEST_CASE][FAILED] - Test Cases/Goes to embedded page and starts youtube: Test Cases/Goes to embedded page and starts youtube FAILED because (of) (Stack trace: com.kms.katalon.core.exception.StepFailedException: Unable to navigate to 'http://localhost:3000/embedded' (Root cause: com.kms.katalon.core.webui.exception.BrowserNotOpenedException: Browser is not opened
Build info: version: '3.7.1', revision: '8a0099a', time: '2017-11-06T21:07:36.161Z'
System info: host: 'Jochens-MBP.fritz.box', ip: '2001:985:7559:1:74f8:2d:558e:14af%en0', os.name: 'Mac OS X', os.arch: 'x86_64', os.version: '10.13.6', java.version: '1.8.0_181'
Driver info: driver.version: unknown)
	at com.kms.katalon.core.keyword.internal.KeywordMain.stepFailed(KeywordMain.groovy:36)
	at com.kms.katalon.core.webui.keyword.internal.WebUIKeywordMain.stepFailed(WebUIKeywordMain.groovy:65)
	at com.kms.katalon.core.webui.keyword.internal.WebUIKeywordMain.runKeyword(WebUIKeywordMain.groovy:27)
	at com.kms.katalon.core.webui.keyword.builtin.NavigateToUrlKeyword.navigateToUrl(NavigateToUrlKeyword.groovy:83)
	at com.kms.katalon.core.webui.keyword.builtin.NavigateToUrlKeyword.execute(NavigateToUrlKeyword.groovy:67)
	at com.kms.katalon.core.keyword.internal.KeywordExecutor.executeKeywordForPlatform(KeywordExecutor.groovy:53)
	at com.kms.katalon.core.webui.keyword.WebUiBuiltInKeywords.navigateToUrl(WebUiBuiltInKeywords.groovy:183)
	at com.kms.katalon.core.webui.keyword.WebUiBuiltInKeywords$navigateToUrl$0.call(Unknown Source)
	at org.codehaus.groovy.runtime.callsite.CallSiteArray.defaultCall(CallSiteArray.java:48)
	at org.codehaus.groovy.runtime.callsite.AbstractCallSite.call(AbstractCallSite.java:113)
	at org.codehaus.groovy.runtime.callsite.AbstractCallSite.call(AbstractCallSite.java:125)
	at Script1537179120282.run(Script1537179120282.groovy:16)
	at com.kms.katalon.core.main.ScriptEngine.run(ScriptEngine.java:183)
	at com.kms.katalon.core.main.ScriptEngine.runScriptAsRawText(ScriptEngine.java:108)
	at com.kms.katalon.core.main.TestCaseExecutor.runScript(TestCaseExecutor.java:294)
	at com.kms.katalon.core.main.TestCaseExecutor.doExecute(TestCaseExecutor.java:285)
	at com.kms.katalon.core.main.TestCaseExecutor.processExecutionPhase(TestCaseExecutor.java:264)
	at com.kms.katalon.core.main.TestCaseExecutor.accessMainPhase(TestCaseExecutor.java:256)
	at com.kms.katalon.core.main.TestCaseExecutor.execute(TestCaseExecutor.java:200)
	at com.kms.katalon.core.main.TestSuiteExecutor.accessTestCaseMainPhase(TestSuiteExecutor.java:129)
	at com.kms.katalon.core.main.TestSuiteExecutor.accessTestSuiteMainPhase(TestSuiteExecutor.java:112)
	at com.kms.katalon.core.main.TestSuiteExecutor.execute(TestSuiteExecutor.java:81)
	at com.kms.katalon.core.main.TestCaseMain.startTestSuite(TestCaseMain.java:142)
	at com.kms.katalon.core.main.TestCaseMain$startTestSuite$0.call(Unknown Source)
	at org.codehaus.groovy.runtime.callsite.CallSiteArray.defaultCall(CallSiteArray.java:48)
	at org.codehaus.groovy.runtime.callsite.AbstractCallSite.call(AbstractCallSite.java:113)
	at org.codehaus.groovy.runtime.callsite.AbstractCallSite.call(AbstractCallSite.java:141)
	at TempTestSuite1537202256239.run(TempTestSuite1537202256239.groovy:36)
	at groovy.lang.GroovyShell.runScriptOrMainOrTestOrRunnable(GroovyShell.java:263)
	at groovy.lang.GroovyShell.run(GroovyShell.java:518)
	at groovy.lang.GroovyShell.run(GroovyShell.java:507)
	at groovy.ui.GroovyMain.processOnce(GroovyMain.java:653)
	at groovy.ui.GroovyMain.run(GroovyMain.java:384)
	at groovy.ui.GroovyMain.process(GroovyMain.java:370)
	at groovy.ui.GroovyMain.processArgs(GroovyMain.java:129)
	at groovy.ui.GroovyMain.main(GroovyMain.java:109)
	at sun.reflect.NativeMethodAccessorImpl.invoke0(Native Method)
	at sun.reflect.NativeMethodAccessorImpl.invoke(NativeMethodAccessorImpl.java:62)
	at sun.reflect.DelegatingMethodAccessorImpl.invoke(DelegatingMethodAccessorImpl.java:43)
	at java.lang.reflect.Method.invoke(Method.java:498)
	at org.codehaus.groovy.tools.GroovyStarter.rootLoader(GroovyStarter.java:109)
	at org.codehaus.groovy.tools.GroovyStarter.main(GroovyStarter.java:131)
)]]></system-err>
      </testcase>
      <testcase name="Test Cases/Goes to canvas page and clicks the rectangles" classname="Test Cases/Goes to canvas page and clicks the rectangles" status="FAILED">
         <failure type="FAILED" message="(Stack trace: com.kms.katalon.core.exception.StepFailedException: Unable to navigate to 'http://localhost:3000/canvas' (Root cause: com.kms.katalon.core.webui.exception.BrowserNotOpenedException: Browser is not opened
Build info: version: '3.7.1', revision: '8a0099a', time: '2017-11-06T21:07:36.161Z'
System info: host: 'Jochens-MBP.fritz.box', ip: '2001:985:7559:1:74f8:2d:558e:14af%en0', os.name: 'Mac OS X', os.arch: 'x86_64', os.version: '10.13.6', java.version: '1.8.0_181'
Driver info: driver.version: unknown)
	at com.kms.katalon.core.keyword.internal.KeywordMain.stepFailed(KeywordMain.groovy:36)
	at com.kms.katalon.core.webui.keyword.internal.WebUIKeywordMain.stepFailed(WebUIKeywordMain.groovy:65)
	at com.kms.katalon.core.webui.keyword.internal.WebUIKeywordMain.runKeyword(WebUIKeywordMain.groovy:27)
	at com.kms.katalon.core.webui.keyword.builtin.NavigateToUrlKeyword.navigateToUrl(NavigateToUrlKeyword.groovy:83)
	at com.kms.katalon.core.webui.keyword.builtin.NavigateToUrlKeyword.execute(NavigateToUrlKeyword.groovy:67)
	at com.kms.katalon.core.keyword.internal.KeywordExecutor.executeKeywordForPlatform(KeywordExecutor.groovy:53)
	at com.kms.katalon.core.webui.keyword.WebUiBuiltInKeywords.navigateToUrl(WebUiBuiltInKeywords.groovy:183)
	at com.kms.katalon.core.webui.keyword.WebUiBuiltInKeywords$navigateToUrl$0.call(Unknown Source)
	at org.codehaus.groovy.runtime.callsite.CallSiteArray.defaultCall(CallSiteArray.java:48)
	at org.codehaus.groovy.runtime.callsite.AbstractCallSite.call(AbstractCallSite.java:113)
	at org.codehaus.groovy.runtime.callsite.AbstractCallSite.call(AbstractCallSite.java:125)
	at Script1537198304559.run(Script1537198304559.groovy:16)
	at com.kms.katalon.core.main.ScriptEngine.run(ScriptEngine.java:183)
	at com.kms.katalon.core.main.ScriptEngine.runScriptAsRawText(ScriptEngine.java:108)
	at com.kms.katalon.core.main.TestCaseExecutor.runScript(TestCaseExecutor.java:294)
	at com.kms.katalon.core.main.TestCaseExecutor.doExecute(TestCaseExecutor.java:285)
	at com.kms.katalon.core.main.TestCaseExecutor.processExecutionPhase(TestCaseExecutor.java:264)
	at com.kms.katalon.core.main.TestCaseExecutor.accessMainPhase(TestCaseExecutor.java:256)
	at com.kms.katalon.core.main.TestCaseExecutor.execute(TestCaseExecutor.java:200)
	at com.kms.katalon.core.main.TestSuiteExecutor.accessTestCaseMainPhase(TestSuiteExecutor.java:129)
	at com.kms.katalon.core.main.TestSuiteExecutor.accessTestSuiteMainPhase(TestSuiteExecutor.java:112)
	at com.kms.katalon.core.main.TestSuiteExecutor.execute(TestSuiteExecutor.java:81)
	at com.kms.katalon.core.main.TestCaseMain.startTestSuite(TestCaseMain.java:142)
	at com.kms.katalon.core.main.TestCaseMain$startTestSuite$0.call(Unknown Source)
	at org.codehaus.groovy.runtime.callsite.CallSiteArray.defaultCall(CallSiteArray.java:48)
	at org.codehaus.groovy.runtime.callsite.AbstractCallSite.call(AbstractCallSite.java:113)
	at org.codehaus.groovy.runtime.callsite.AbstractCallSite.call(AbstractCallSite.java:141)
	at TempTestSuite1537202256239.run(TempTestSuite1537202256239.groovy:36)
	at groovy.lang.GroovyShell.runScriptOrMainOrTestOrRunnable(GroovyShell.java:263)
	at groovy.lang.GroovyShell.run(GroovyShell.java:518)
	at groovy.lang.GroovyShell.run(GroovyShell.java:507)
	at groovy.ui.GroovyMain.processOnce(GroovyMain.java:653)
	at groovy.ui.GroovyMain.run(GroovyMain.java:384)
	at groovy.ui.GroovyMain.process(GroovyMain.java:370)
	at groovy.ui.GroovyMain.processArgs(GroovyMain.java:129)
	at groovy.ui.GroovyMain.main(GroovyMain.java:109)
	at sun.reflect.NativeMethodAccessorImpl.invoke0(Native Method)
	at sun.reflect.NativeMethodAccessorImpl.invoke(NativeMethodAccessorImpl.java:62)
	at sun.reflect.DelegatingMethodAccessorImpl.invoke(DelegatingMethodAccessorImpl.java:43)
	at java.lang.reflect.Method.invoke(Method.java:498)
	at org.codehaus.groovy.tools.GroovyStarter.rootLoader(GroovyStarter.java:109)
	at org.codehaus.groovy.tools.GroovyStarter.main(GroovyStarter.java:131)
)"/>
         <system-out><![CDATA[2018-09-17 18:37:40 - [TEST_CASE][FAILED] - Test Cases/Goes to canvas page and clicks the rectangles: Test Cases/Goes to canvas page and clicks the rectangles FAILED because (of) (Stack trace: com.kms.katalon.core.exception.StepFailedException: Unable to navigate to 'http://localhost:3000/canvas' (Root cause: com.kms.katalon.core.webui.exception.BrowserNotOpenedException: Browser is not opened
Build info: version: '3.7.1', revision: '8a0099a', time: '2017-11-06T21:07:36.161Z'
System info: host: 'Jochens-MBP.fritz.box', ip: '2001:985:7559:1:74f8:2d:558e:14af%en0', os.name: 'Mac OS X', os.arch: 'x86_64', os.version: '10.13.6', java.version: '1.8.0_181'
Driver info: driver.version: unknown)
	at com.kms.katalon.core.keyword.internal.KeywordMain.stepFailed(KeywordMain.groovy:36)
	at com.kms.katalon.core.webui.keyword.internal.WebUIKeywordMain.stepFailed(WebUIKeywordMain.groovy:65)
	at com.kms.katalon.core.webui.keyword.internal.WebUIKeywordMain.runKeyword(WebUIKeywordMain.groovy:27)
	at com.kms.katalon.core.webui.keyword.builtin.NavigateToUrlKeyword.navigateToUrl(NavigateToUrlKeyword.groovy:83)
	at com.kms.katalon.core.webui.keyword.builtin.NavigateToUrlKeyword.execute(NavigateToUrlKeyword.groovy:67)
	at com.kms.katalon.core.keyword.internal.KeywordExecutor.executeKeywordForPlatform(KeywordExecutor.groovy:53)
	at com.kms.katalon.core.webui.keyword.WebUiBuiltInKeywords.navigateToUrl(WebUiBuiltInKeywords.groovy:183)
	at com.kms.katalon.core.webui.keyword.WebUiBuiltInKeywords$navigateToUrl$0.call(Unknown Source)
	at org.codehaus.groovy.runtime.callsite.CallSiteArray.defaultCall(CallSiteArray.java:48)
	at org.codehaus.groovy.runtime.callsite.AbstractCallSite.call(AbstractCallSite.java:113)
	at org.codehaus.groovy.runtime.callsite.AbstractCallSite.call(AbstractCallSite.java:125)
	at Script1537198304559.run(Script1537198304559.groovy:16)
	at com.kms.katalon.core.main.ScriptEngine.run(ScriptEngine.java:183)
	at com.kms.katalon.core.main.ScriptEngine.runScriptAsRawText(ScriptEngine.java:108)
	at com.kms.katalon.core.main.TestCaseExecutor.runScript(TestCaseExecutor.java:294)
	at com.kms.katalon.core.main.TestCaseExecutor.doExecute(TestCaseExecutor.java:285)
	at com.kms.katalon.core.main.TestCaseExecutor.processExecutionPhase(TestCaseExecutor.java:264)
	at com.kms.katalon.core.main.TestCaseExecutor.accessMainPhase(TestCaseExecutor.java:256)
	at com.kms.katalon.core.main.TestCaseExecutor.execute(TestCaseExecutor.java:200)
	at com.kms.katalon.core.main.TestSuiteExecutor.accessTestCaseMainPhase(TestSuiteExecutor.java:129)
	at com.kms.katalon.core.main.TestSuiteExecutor.accessTestSuiteMainPhase(TestSuiteExecutor.java:112)
	at com.kms.katalon.core.main.TestSuiteExecutor.execute(TestSuiteExecutor.java:81)
	at com.kms.katalon.core.main.TestCaseMain.startTestSuite(TestCaseMain.java:142)
	at com.kms.katalon.core.main.TestCaseMain$startTestSuite$0.call(Unknown Source)
	at org.codehaus.groovy.runtime.callsite.CallSiteArray.defaultCall(CallSiteArray.java:48)
	at org.codehaus.groovy.runtime.callsite.AbstractCallSite.call(AbstractCallSite.java:113)
	at org.codehaus.groovy.runtime.callsite.AbstractCallSite.call(AbstractCallSite.java:141)
	at TempTestSuite1537202256239.run(TempTestSuite1537202256239.groovy:36)
	at groovy.lang.GroovyShell.runScriptOrMainOrTestOrRunnable(GroovyShell.java:263)
	at groovy.lang.GroovyShell.run(GroovyShell.java:518)
	at groovy.lang.GroovyShell.run(GroovyShell.java:507)
	at groovy.ui.GroovyMain.processOnce(GroovyMain.java:653)
	at groovy.ui.GroovyMain.run(GroovyMain.java:384)
	at groovy.ui.GroovyMain.process(GroovyMain.java:370)
	at groovy.ui.GroovyMain.processArgs(GroovyMain.java:129)
	at groovy.ui.GroovyMain.main(GroovyMain.java:109)
	at sun.reflect.NativeMethodAccessorImpl.invoke0(Native Method)
	at sun.reflect.NativeMethodAccessorImpl.invoke(NativeMethodAccessorImpl.java:62)
	at sun.reflect.DelegatingMethodAccessorImpl.invoke(DelegatingMethodAccessorImpl.java:43)
	at java.lang.reflect.Method.invoke(Method.java:498)
	at org.codehaus.groovy.tools.GroovyStarter.rootLoader(GroovyStarter.java:109)
	at org.codehaus.groovy.tools.GroovyStarter.main(GroovyStarter.java:131)
)

2018-09-17 18:37:40 - [TEST_STEP][FAILED] - navigateToUrl: Unable to navigate to 'http://localhost:3000/canvas' (Root cause: com.kms.katalon.core.webui.exception.BrowserNotOpenedException: Browser is not opened
Build info: version: '3.7.1', revision: '8a0099a', time: '2017-11-06T21:07:36.161Z'
System info: host: 'Jochens-MBP.fritz.box', ip: '2001:985:7559:1:74f8:2d:558e:14af%en0', os.name: 'Mac OS X', os.arch: 'x86_64', os.version: '10.13.6', java.version: '1.8.0_181'
Driver info: driver.version: unknown)

2018-09-17 18:37:40 - [MESSAGE][WARNING] - Cannot take screenshot

2018-09-17 18:37:40 - [MESSAGE][FAILED] - Unable to navigate to 'http://localhost:3000/canvas' (Root cause: com.kms.katalon.core.webui.exception.BrowserNotOpenedException: Browser is not opened
Build info: version: '3.7.1', revision: '8a0099a', time: '2017-11-06T21:07:36.161Z'
System info: host: 'Jochens-MBP.fritz.box', ip: '2001:985:7559:1:74f8:2d:558e:14af%en0', os.name: 'Mac OS X', os.arch: 'x86_64', os.version: '10.13.6', java.version: '1.8.0_181'
Driver info: driver.version: unknown)]]></system-out>
         <system-err><![CDATA[2018-09-17 18:37:40 - [TEST_CASE][FAILED] - Test Cases/Goes to canvas page and clicks the rectangles: Test Cases/Goes to canvas page and clicks the rectangles FAILED because (of) (Stack trace: com.kms.katalon.core.exception.StepFailedException: Unable to navigate to 'http://localhost:3000/canvas' (Root cause: com.kms.katalon.core.webui.exception.BrowserNotOpenedException: Browser is not opened
Build info: version: '3.7.1', revision: '8a0099a', time: '2017-11-06T21:07:36.161Z'
System info: host: 'Jochens-MBP.fritz.box', ip: '2001:985:7559:1:74f8:2d:558e:14af%en0', os.name: 'Mac OS X', os.arch: 'x86_64', os.version: '10.13.6', java.version: '1.8.0_181'
Driver info: driver.version: unknown)
	at com.kms.katalon.core.keyword.internal.KeywordMain.stepFailed(KeywordMain.groovy:36)
	at com.kms.katalon.core.webui.keyword.internal.WebUIKeywordMain.stepFailed(WebUIKeywordMain.groovy:65)
	at com.kms.katalon.core.webui.keyword.internal.WebUIKeywordMain.runKeyword(WebUIKeywordMain.groovy:27)
	at com.kms.katalon.core.webui.keyword.builtin.NavigateToUrlKeyword.navigateToUrl(NavigateToUrlKeyword.groovy:83)
	at com.kms.katalon.core.webui.keyword.builtin.NavigateToUrlKeyword.execute(NavigateToUrlKeyword.groovy:67)
	at com.kms.katalon.core.keyword.internal.KeywordExecutor.executeKeywordForPlatform(KeywordExecutor.groovy:53)
	at com.kms.katalon.core.webui.keyword.WebUiBuiltInKeywords.navigateToUrl(WebUiBuiltInKeywords.groovy:183)
	at com.kms.katalon.core.webui.keyword.WebUiBuiltInKeywords$navigateToUrl$0.call(Unknown Source)
	at org.codehaus.groovy.runtime.callsite.CallSiteArray.defaultCall(CallSiteArray.java:48)
	at org.codehaus.groovy.runtime.callsite.AbstractCallSite.call(AbstractCallSite.java:113)
	at org.codehaus.groovy.runtime.callsite.AbstractCallSite.call(AbstractCallSite.java:125)
	at Script1537198304559.run(Script1537198304559.groovy:16)
	at com.kms.katalon.core.main.ScriptEngine.run(ScriptEngine.java:183)
	at com.kms.katalon.core.main.ScriptEngine.runScriptAsRawText(ScriptEngine.java:108)
	at com.kms.katalon.core.main.TestCaseExecutor.runScript(TestCaseExecutor.java:294)
	at com.kms.katalon.core.main.TestCaseExecutor.doExecute(TestCaseExecutor.java:285)
	at com.kms.katalon.core.main.TestCaseExecutor.processExecutionPhase(TestCaseExecutor.java:264)
	at com.kms.katalon.core.main.TestCaseExecutor.accessMainPhase(TestCaseExecutor.java:256)
	at com.kms.katalon.core.main.TestCaseExecutor.execute(TestCaseExecutor.java:200)
	at com.kms.katalon.core.main.TestSuiteExecutor.accessTestCaseMainPhase(TestSuiteExecutor.java:129)
	at com.kms.katalon.core.main.TestSuiteExecutor.accessTestSuiteMainPhase(TestSuiteExecutor.java:112)
	at com.kms.katalon.core.main.TestSuiteExecutor.execute(TestSuiteExecutor.java:81)
	at com.kms.katalon.core.main.TestCaseMain.startTestSuite(TestCaseMain.java:142)
	at com.kms.katalon.core.main.TestCaseMain$startTestSuite$0.call(Unknown Source)
	at org.codehaus.groovy.runtime.callsite.CallSiteArray.defaultCall(CallSiteArray.java:48)
	at org.codehaus.groovy.runtime.callsite.AbstractCallSite.call(AbstractCallSite.java:113)
	at org.codehaus.groovy.runtime.callsite.AbstractCallSite.call(AbstractCallSite.java:141)
	at TempTestSuite1537202256239.run(TempTestSuite1537202256239.groovy:36)
	at groovy.lang.GroovyShell.runScriptOrMainOrTestOrRunnable(GroovyShell.java:263)
	at groovy.lang.GroovyShell.run(GroovyShell.java:518)
	at groovy.lang.GroovyShell.run(GroovyShell.java:507)
	at groovy.ui.GroovyMain.processOnce(GroovyMain.java:653)
	at groovy.ui.GroovyMain.run(GroovyMain.java:384)
	at groovy.ui.GroovyMain.process(GroovyMain.java:370)
	at groovy.ui.GroovyMain.processArgs(GroovyMain.java:129)
	at groovy.ui.GroovyMain.main(GroovyMain.java:109)
	at sun.reflect.NativeMethodAccessorImpl.invoke0(Native Method)
	at sun.reflect.NativeMethodAccessorImpl.invoke(NativeMethodAccessorImpl.java:62)
	at sun.reflect.DelegatingMethodAccessorImpl.invoke(DelegatingMethodAccessorImpl.java:43)
	at java.lang.reflect.Method.invoke(Method.java:498)
	at org.codehaus.groovy.tools.GroovyStarter.rootLoader(GroovyStarter.java:109)
	at org.codehaus.groovy.tools.GroovyStarter.main(GroovyStarter.java:131)
)]]></system-err>
      </testcase>
      <testcase name="Test Cases/Close browser" classname="Test Cases/Close browser" status="PASSED">
         <system-out><![CDATA[2018-09-17 18:37:40 - [TEST_CASE][PASSED] - Test Cases/Close browser: Test Cases/Close browser

2018-09-17 18:37:40 - [TEST_STEP][PASSED] - closeBrowser: Browser is closed

2018-09-17 18:37:40 - [MESSAGE][PASSED] - Browser is closed]]></system-out>
         <system-err><![CDATA[]]></system-err>
      </testcase>
      <system-out><![CDATA[2018-09-17 18:37:37 - [TEST_SUITE][FAILED] - Poc test suite: Test Cases/Opens browser FAILED because (of) (Stack trace: com.kms.katalon.core.exception.StepFailedException: Unable to open browser with url: '' (Root cause: org.openqa.selenium.WebDriverException: Unable to parse remote response: <!DOCTYPE html>
<!--[if lt IE 10 ]>
<html lang="en-US" class="old-ie no-js">
<![endif]-->
<!--[if !(IE 6) | !(IE 7) | !(IE 8)  ]><!-->
<html lang="en-US" class="no-js">
<!--<![endif]-->
<head>
	<meta charset="UTF-8" />
		<meta name="viewport" content="width=device-width, initial-scale=1, maximum-scale=1, user-scalable=0">
		<link rel="profile" href="http://gmpg.org/xfn/11" />
	<link rel="pingback" href="http://ziango.com/xmlrpc.php" />
	<title>Ziango &#8211; Great casual games for any device</title>
<script type="text/javascript">
function createCookie(a,d,b){if(b){var c=new Date;c.setTime(c.getTime()+864E5*b);b="; expires="+c.toGMTString()}else b="";document.cookie=a+"="+d+b+"; path=/"}function readCookie(a){a+="=";for(var d=document.cookie.split(";"),b=0;b<d.length;b++){for(var c=d[b];" "==c.charAt(0);)c=c.substring(1,c.length);if(0==c.indexOf(a))return c.substring(a.length,c.length)}return null}function eraseCookie(a){createCookie(a,"",-1)}
function areCookiesEnabled(){var a=!1;createCookie("testing","Hello",1);null!=readCookie("testing")&&(a=!0,eraseCookie("testing"));return a}(function(a){var d=readCookie("devicePixelRatio"),b=void 0===a.devicePixelRatio?1:a.devicePixelRatio;areCookiesEnabled()&&null==d&&(createCookie("devicePixelRatio",b,7),1!=b&&a.location.reload(!0))})(window);
</script><link rel='dns-prefetch' href='//fonts.googleapis.com' />
<link rel='dns-prefetch' href='//s.w.org' />
<link rel="alternate" type="application/rss+xml" title="Ziango &raquo; Feed" href="http://ziango.com/feed/" />
<link rel="alternate" type="application/rss+xml" title="Ziango &raquo; Comments Feed" href="http://ziango.com/comments/feed/" />
		<script type="text/javascript">
			window._wpemojiSettings = {"baseUrl":"https:\/\/s.w.org\/images\/core\/emoji\/2.3\/72x72\/","ext":".png","svgUrl":"https:\/\/s.w.org\/images\/core\/emoji\/2.3\/svg\/","svgExt":".svg","source":{"concatemoji":"http:\/\/ziango.com\/wp-includes\/js\/wp-emoji-release.min.js?ver=4.8.7"}};
			!function(a,b,c){function d(a){var b,c,d,e,f=String.fromCharCode;if(!k||!k.fillText)return!1;switch(k.clearRect(0,0,j.width,j.height),k.textBaseline="top",k.font="600 32px Arial",a){case"flag":return k.fillText(f(55356,56826,55356,56819),0,0),b=j.toDataURL(),k.clearRect(0,0,j.width,j.height),k.fillText(f(55356,56826,8203,55356,56819),0,0),c=j.toDataURL(),b!==c&&(k.clearRect(0,0,j.width,j.height),k.fillText(f(55356,57332,56128,56423,56128,56418,56128,56421,56128,56430,56128,56423,56128,56447),0,0),b=j.toDataURL(),k.clearRect(0,0,j.width,j.height),k.fillText(f(55356,57332,8203,56128,56423,8203,56128,56418,8203,56128,56421,8203,56128,56430,8203,56128,56423,8203,56128,56447),0,0),c=j.toDataURL(),b!==c);case"emoji4":return k.fillText(f(55358,56794,8205,9794,65039),0,0),d=j.toDataURL(),k.clearRect(0,0,j.width,j.height),k.fillText(f(55358,56794,8203,9794,65039),0,0),e=j.toDataURL(),d!==e}return!1}function e(a){var c=b.createElement("script");c.src=a,c.defer=c.type="text/javascript",b.getElementsByTagName("head")[0].appendChild(c)}var f,g,h,i,j=b.createElement("canvas"),k=j.getContext&&j.getContext("2d");for(i=Array("flag","emoji4"),c.supports={everything:!0,everythingExceptFlag:!0},h=0;h<i.length;h++)c.supports[i[h]]=d(i[h]),c.supports.everything=c.supports.everything&&c.supports[i[h]],"flag"!==i[h]&&(c.supports.everythingExceptFlag=c.supports.everythingExceptFlag&&c.supports[i[h]]);c.supports.everythingExceptFlag=c.supports.everythingExceptFlag&&!c.supports.flag,c.DOMReady=!1,c.readyCallback=function(){c.DOMReady=!0},c.supports.everything||(g=function(){c.readyCallback()},b.addEventListener?(b.addEventListener("DOMContentLoaded",g,!1),a.addEventListener("load",g,!1)):(a.attachEvent("onload",g),b.attachEvent("onreadystatechange",function(){"complete"===b.readyState&&c.readyCallback()})),f=c.source||{},f.concatemoji?e(f.concatemoji):f.wpemoji&&f.twemoji&&(e(f.twemoji),e(f.wpemoji)))}(window,document,window._wpemojiSettings);
		</script>
		<style type="text/css">
img.wp-smiley,
img.emoji {
	display: inline !important;
	border: none !important;
	box-shadow: none !important;
	height: 1em !important;
	width: 1em !important;
	margin: 0 .07em !important;
	vertical-align: -0.1em !important;
	background: none !important;
	padding: 0 !important;
}
</style>
<link rel='stylesheet' id='acf-vc-integrator-style-css'  href='http://ziango.com/wp-content/plugins/acf-vc-integrator/css/acf-vc-integrator-style.css?ver=4.8.7' type='text/css' media='all' />
<link rel='stylesheet' id='rs-plugin-settings-css'  href='http://ziango.com/wp-content/plugins/revslider/public/assets/css/settings.css?ver=5.4.6' type='text/css' media='all' />
<style id='rs-plugin-settings-inline-css' type='text/css'>
#rs-demo-id {}
</style>
<link rel='stylesheet' id='js_composer_front-css'  href='http://ziango.com/wp-content/plugins/js_composer/assets/css/js_composer.min.css?ver=5.3' type='text/css' media='all' />
<link rel='stylesheet' id='dt-web-fonts-css'  href='//fonts.googleapis.com/css?family=Roboto%3A300%2C400%2C500%2C600%2C700%7COpen+Sans%3A400%2C600%2C700%7CNunito%3A300%2C400%2C600%2C700&#038;ver=4.8.7' type='text/css' media='all' />
<link rel='stylesheet' id='dt-main-css'  href='http://ziango.com/wp-content/themes/dt-the7/css/main.min.css?ver=5.6.0.1' type='text/css' media='all' />
<!--[if lt IE 10]>
<link rel='stylesheet' id='dt-old-ie-css'  href='http://ziango.com/wp-content/themes/dt-the7/css/old-ie.min.css?ver=5.6.0.1' type='text/css' media='all' />
<![endif]-->
<link rel='stylesheet' id='dt-awsome-fonts-css'  href='http://ziango.com/wp-content/themes/dt-the7/fonts/FontAwesome/css/font-awesome.min.css?ver=5.6.0.1' type='text/css' media='all' />
<link rel='stylesheet' id='dt-fontello-css'  href='http://ziango.com/wp-content/themes/dt-the7/fonts/fontello/css/fontello.min.css?ver=5.6.0.1' type='text/css' media='all' />
<link rel='stylesheet' id='dt-arrow-icons-css'  href='http://ziango.com/wp-content/themes/dt-the7/fonts/icomoon-arrows-the7/style.min.css?ver=5.6.0.1' type='text/css' media='all' />
<link rel='stylesheet' id='the7pt-static-css'  href='http://ziango.com/wp-content/themes/dt-the7/css/post-type.css?ver=1.0.0' type='text/css' media='all' />
<link rel='stylesheet' id='dt-custom-old-ie-css'  href='http://ziango.com/wp-content/uploads/the7-css/custom-old-ie.css?ver=b79491390dfc' type='text/css' media='all' />
<link rel='stylesheet' id='dt-custom-css'  href='http://ziango.com/wp-content/uploads/the7-css/custom.css?ver=b79491390dfc' type='text/css' media='all' />
<link rel='stylesheet' id='dt-media-css'  href='http://ziango.com/wp-content/uploads/the7-css/media.css?ver=b79491390dfc' type='text/css' media='all' />
<link rel='stylesheet' id='the7pt.less-css'  href='http://ziango.com/wp-content/uploads/the7-css/post-type-dynamic.css?ver=b79491390dfc' type='text/css' media='all' />
<link rel='stylesheet' id='style-css'  href='http://ziango.com/wp-content/themes/dt-the7-ziango/style.css?ver=5.6.0.1' type='text/css' media='all' />
<link rel='stylesheet' id='bsf-icomoon-material-24x24-css'  href='http://ziango.com/wp-content/uploads/smile_fonts/icomoon-material-24x24/icomoon-material-24x24.css?ver=4.8.7' type='text/css' media='all' />
<link rel='stylesheet' id='bsf-icomoon-icomoonfree-16x16-css'  href='http://ziango.com/wp-content/uploads/smile_fonts/icomoon-icomoonfree-16x16/icomoon-icomoonfree-16x16.css?ver=4.8.7' type='text/css' media='all' />
<link rel='stylesheet' id='ultimate-style-css'  href='http://ziango.com/wp-content/plugins/Ultimate_VC_Addons/assets/min-css/style.min.css?ver=3.16.18' type='text/css' media='all' />
<link rel='stylesheet' id='ultimate-headings-style-css'  href='http://ziango.com/wp-content/plugins/Ultimate_VC_Addons/assets/min-css/headings.min.css?ver=3.16.18' type='text/css' media='all' />
<link rel='stylesheet' id='ult_cllink-css'  href='http://ziango.com/wp-content/plugins/Ultimate_VC_Addons/assets/min-css/creative-link.min.css?ver=3.16.18' type='text/css' media='all' />
<script type='text/javascript' src='http://ziango.com/wp-includes/js/jquery/jquery.js?ver=1.12.4'></script>
<script type='text/javascript' src='http://ziango.com/wp-includes/js/jquery/jquery-migrate.min.js?ver=1.4.1'></script>
<script type='text/javascript' src='http://ziango.com/wp-content/plugins/revslider/public/assets/js/jquery.themepunch.tools.min.js?ver=5.4.6'></script>
<script type='text/javascript' src='http://ziango.com/wp-content/plugins/revslider/public/assets/js/jquery.themepunch.revolution.min.js?ver=5.4.6'></script>
<script type='text/javascript'>
/* <![CDATA[ */
var dtLocal = {"themeUrl":"http:\/\/ziango.com\/wp-content\/themes\/dt-the7","passText":"To view this protected post, enter the password below:","moreButtonText":{"loading":"Loading...","loadMore":"Load more"},"postID":"592","ajaxurl":"http:\/\/ziango.com\/wp-admin\/admin-ajax.php","contactNonce":"0e683f0ed8","contactMessages":{"required":"One or more fields have an error. Please check and try again."},"ajaxNonce":"68daeacde4","pageData":{"type":"page","template":"page","layout":null},"themeSettings":{"smoothScroll":"off","lazyLoading":false,"accentColor":{"mode":"solid","color":"#ff9e17"},"floatingHeader":{"showAfter":94,"showMenu":true,"height":60,"logo":{"showLogo":true,"html":"<img class=\" preload-me\" src=\"http:\/\/ziango.com\/wp-content\/uploads\/2017\/10\/ziango_logo2.png\" srcset=\"http:\/\/ziango.com\/wp-content\/uploads\/2017\/10\/ziango_logo2.png 1839w, http:\/\/ziango.com\/wp-content\/uploads\/2017\/10\/ziango_logo2.png 1839w\" width=\"1839\" height=\"343\"   sizes=\"1839px\" alt=\"Ziango\" \/>","url":"http:\/\/ziango.com\/"}},"mobileHeader":{"firstSwitchPoint":990,"secondSwitchPoint":778},"content":{"textColor":"#787878","headerColor":"#178bc8"},"stripes":{"stripe1":{"textColor":"#787d85","headerColor":"#3b3f4a"},"stripe2":{"textColor":"#8b9199","headerColor":"#ffffff"},"stripe3":{"textColor":"#ffffff","headerColor":"#ffffff"}}},"VCMobileScreenWidth":"768"};
var dtShare = {"shareButtonText":{"facebook":"Share on Facebook","twitter":"Tweet","pinterest":"Pin it","linkedin":"Share on Linkedin","whatsapp":"Share on Whatsapp","google":"Share on Google Plus","download":"Download image"},"overlayOpacity":"85"};
/* ]]> */
</script>
<script type='text/javascript' src='http://ziango.com/wp-content/themes/dt-the7/js/above-the-fold.min.js?ver=5.6.0.1'></script>
<script type='text/javascript' src='http://ziango.com/wp-content/plugins/Ultimate_VC_Addons/assets/min-js/ultimate-params.min.js?ver=3.16.18'></script>
<script type='text/javascript' src='http://ziango.com/wp-content/plugins/Ultimate_VC_Addons/assets/min-js/headings.min.js?ver=3.16.18'></script>
<script type='text/javascript' src='http://ziango.com/wp-content/plugins/Ultimate_VC_Addons/assets/min-js/creative-link.min.js?ver=3.16.18'></script>
<link rel='https://api.w.org/' href='http://ziango.com/wp-json/' />
<link rel="EditURI" type="application/rsd+xml" title="RSD" href="http://ziango.com/xmlrpc.php?rsd" />
<link rel="wlwmanifest" type="application/wlwmanifest+xml" href="http://ziango.com/wp-includes/wlwmanifest.xml" /> 
<meta name="generator" content="WordPress 4.8.7" />
<link rel="canonical" href="http://ziango.com/" />
<link rel='shortlink' href='http://ziango.com/' />
<link rel="alternate" type="application/json+oembed" href="http://ziango.com/wp-json/oembed/1.0/embed?url=http%3A%2F%2Fziango.com%2F" />
<link rel="alternate" type="text/xml+oembed" href="http://ziango.com/wp-json/oembed/1.0/embed?url=http%3A%2F%2Fziango.com%2F&#038;format=xml" />
<meta property="og:site_name" content="Ziango" />
<meta property="og:title" content="Home" />
<meta property="og:url" content="http://ziango.com/" />
<meta property="og:type" content="website" />
<meta name="generator" content="Powered by WPBakery Page Builder - drag and drop page builder for WordPress."/>
<!--[if lte IE 9]><link rel="stylesheet" type="text/css" href="http://ziango.com/wp-content/plugins/js_composer/assets/css/vc_lte_ie9.min.css" media="screen"><![endif]--><meta name="generator" content="Powered by Slider Revolution 5.4.6 - responsive, Mobile-Friendly Slider Plugin for WordPress with comfortable drag and drop interface." />
<!-- icon -->
<link rel="icon" href="http://ziango.com/wp-content/uploads/2017/10/favicon-16x16.png" type="image/png" />
<link rel="shortcut icon" href="http://ziango.com/wp-content/uploads/2017/10/favicon-16x16.png" type="image/png" />
<link rel="apple-touch-icon" href="http://ziango.com/wp-content/uploads/2017/10/apple-touch-icon-60x60.png">
<link rel="apple-touch-icon" sizes="76x76" href="http://ziango.com/wp-content/uploads/2017/10/apple-touch-icon-76x76.png">
<link rel="apple-touch-icon" sizes="120x120" href="http://ziango.com/wp-content/uploads/2017/10/apple-touch-icon-120x120.png">
<link rel="apple-touch-icon" sizes="152x152" href="http://ziango.com/wp-content/uploads/2017/10/apple-touch-icon-152x152.png">
<!-- BEGIN GADWP v5.1.2.5 Universal Analytics - https://deconf.com/google-analytics-dashboard-wordpress/ -->
<script>
(function(i,s,o,g,r,a,m){i['GoogleAnalyticsObject']=r;i[r]=i[r]||function(){
	(i[r].q=i[r].q||[]).push(arguments)},i[r].l=1*new Date();a=s.createElement(o),
	m=s.getElementsByTagName(o)[0];a.async=1;a.src=g;m.parentNode.insertBefore(a,m)
})(window,document,'script','https://www.google-analytics.com/analytics.js','ga');
  ga('create', 'UA-49356820-1', 'auto');
  ga('send', 'pageview');
</script>
<!-- END GADWP Universal Analytics -->
<script type="text/javascript">function setREVStartSize(e){
				try{ var i=jQuery(window).width(),t=9999,r=0,n=0,l=0,f=0,s=0,h=0;					
					if(e.responsiveLevels&&(jQuery.each(e.responsiveLevels,function(e,f){f>i&&(t=r=f,l=e),i>f&&f>r&&(r=f,n=e)}),t>r&&(l=n)),f=e.gridheight[l]||e.gridheight[0]||e.gridheight,s=e.gridwidth[l]||e.gridwidth[0]||e.gridwidth,h=i/s,h=h>1?1:h,f=Math.round(h*f),"fullscreen"==e.sliderLayout){var u=(e.c.width(),jQuery(window).height());if(void 0!=e.fullScreenOffsetContainer){var c=e.fullScreenOffsetContainer.split(",");if (c) jQuery.each(c,function(e,i){u=jQuery(i).length>0?u-jQuery(i).outerHeight(!0):u}),e.fullScreenOffset.split("%").length>1&&void 0!=e.fullScreenOffset&&e.fullScreenOffset.length>0?u-=jQuery(window).height()*parseInt(e.fullScreenOffset,0)/100:void 0!=e.fullScreenOffset&&e.fullScreenOffset.length>0&&(u-=parseInt(e.fullScreenOffset,0))}f=u}else void 0!=e.minHeight&&f<e.minHeight&&(f=e.minHeight);e.c.closest(".rev_slider_wrapper").css({height:f})					
				}catch(d){console.log("Failure at Presize of Slider:"+d)}
			};</script>
<style type="text/css" data-type="vc_custom-css">@media screen and (max-width: 1099px) {
    p {
        font-size: 0.9em;
    }
}

@media screen and (max-width: 999px) {
    h1 {
        font-size: 0.9em;
    }
    
    p {
        font-size: 0.8em;
        line-height: 1.2;
    }
    
    #content .vc_btn3 {
        font-size: 0.8em;
    }
}
</style><style type="text/css" data-type="vc_shortcodes-custom-css">.vc_custom_1508509723144{margin-top: 1em !important;}.vc_custom_1508509760987{margin-top: 1em !important;}</style><noscript><style type="text/css"> .wpb_animate_when_almost_visible { opacity: 1; }</style></noscript>
	<link rel="stylesheet" type="text/css" href="//cdnjs.cloudflare.com/ajax/libs/cookieconsent2/3.0.3/cookieconsent.min.css" />

	<script src="//cdnjs.cloudflare.com/ajax/libs/cookieconsent2/3.0.3/cookieconsent.min.js"></script>
	
<script> // Cookie consent bar
window.addEventListener("load", function(){
window.cookieconsent.initialise({
  "palette": {
    "popup": {
      "background": "#000"
    },
    "button": {
      "background": "#f1d600"
    }
  },
  "theme": "classic",
  "content": {
    "message": "This website uses cookies and other comparable techniques: (1) for analytical purposes, (2) to ensure you get the best possible experience and advertisements on our websites and in our online games.",
    "dismiss": "Yes, I agree",
    "href": "http://ziango.com/privacy-policy/"
  }
})}); 
</script>
	</head>
<body class="home page-template-default page page-id-592 fancy-header-on disabled-hover-icons dt-responsive-on overlay-cursor-on srcset-enabled btn-flat custom-btn-color custom-btn-hover-color outlines-bullets bold-icons phantom-sticky phantom-shadow-decoration phantom-main-logo-on sticky-mobile-header top-header first-switch-logo-left first-switch-menu-right second-switch-logo-left second-switch-menu-right right-mobile-menu layzr-loading-on popup-message-style wpb-js-composer js-comp-ver-5.3 vc_responsive album-minuatures-style-2">
<!-- The7 5.6.0.1 -->

<div id="page">
	<a class="skip-link screen-reader-text" href="#content">Skip to content</a>

<div class="masthead inline-header right full-height dt-parent-menu-clickable" role="banner">

	
	<header class="header-bar">

						<div class="branding">
					<div id="site-title" class="assistive-text">Ziango</div>
					<div id="site-description" class="assistive-text">Great casual games for any device</div>
					<a href="http://ziango.com/"><img class=" preload-me" src="http://ziango.com/wp-content/uploads/2017/10/ziango_logo2.png" srcset="http://ziango.com/wp-content/uploads/2017/10/ziango_logo2.png 1839w, http://ziango.com/wp-content/uploads/2017/10/ziango_logo2.png 1839w" width="1839" height="343"   sizes="1839px" alt="Ziango" /></a>				</div>
		<ul id="primary-menu" class="main-nav underline-decoration from-centre-line outside-item-remove-margin" role="menu"><li class="menu-item menu-item-type-post_type menu-item-object-page menu-item-home current-menu-item page_item page-item-592 current_page_item menu-item-1827 act first"><a href='http://ziango.com/' data-level='1'><span class="menu-item-text"><span class="menu-text">Home</span></span></a></li> <li class="menu-item menu-item-type-post_type menu-item-object-page menu-item-2024"><a href='http://ziango.com/ziango-games/' data-level='1'><span class="menu-item-text"><span class="menu-text">Games</span></span></a></li> <li class="menu-item menu-item-type-post_type menu-item-object-page menu-item-2031"><a href='http://ziango.com/services/' data-level='1'><span class="menu-item-text"><span class="menu-text">Services</span></span></a></li> <li class="menu-item menu-item-type-post_type menu-item-object-page menu-item-2023"><a href='http://ziango.com/company/' data-level='1'><span class="menu-item-text"><span class="menu-text">Company</span></span></a></li> <li class="menu-item menu-item-type-post_type menu-item-object-page menu-item-2639"><a href='http://ziango.com/jobs/' data-level='1'><span class="menu-item-text"><span class="menu-text">Jobs</span></span></a></li> <li class="menu-item menu-item-type-post_type menu-item-object-page menu-item-2703"><a href='http://ziango.com/privacy-policy/' data-level='1'><span class="menu-item-text"><span class="menu-text">Privacy Policy</span></span></a></li> </ul>
		
	</header>

</div><div class='dt-close-mobile-menu-icon'><span></span></div>
<div class='dt-mobile-header'>
	<ul id="mobile-menu" class="mobile-main-nav" role="menu">
		<li class="menu-item menu-item-type-post_type menu-item-object-page menu-item-home current-menu-item page_item page-item-592 current_page_item menu-item-1827 act first"><a href='http://ziango.com/' data-level='1'><span class="menu-item-text"><span class="menu-text">Home</span></span></a></li> <li class="menu-item menu-item-type-post_type menu-item-object-page menu-item-2024"><a href='http://ziango.com/ziango-games/' data-level='1'><span class="menu-item-text"><span class="menu-text">Games</span></span></a></li> <li class="menu-item menu-item-type-post_type menu-item-object-page menu-item-2031"><a href='http://ziango.com/services/' data-level='1'><span class="menu-item-text"><span class="menu-text">Services</span></span></a></li> <li class="menu-item menu-item-type-post_type menu-item-object-page menu-item-2023"><a href='http://ziango.com/company/' data-level='1'><span class="menu-item-text"><span class="menu-text">Company</span></span></a></li> <li class="menu-item menu-item-type-post_type menu-item-object-page menu-item-2639"><a href='http://ziango.com/jobs/' data-level='1'><span class="menu-item-text"><span class="menu-text">Jobs</span></span></a></li> <li class="menu-item menu-item-type-post_type menu-item-object-page menu-item-2703"><a href='http://ziango.com/privacy-policy/' data-level='1'><span class="menu-item-text"><span class="menu-text">Privacy Policy</span></span></a></li> 	</ul>
	<div class='mobile-mini-widgets-in-menu'></div>
</div>
	<header id="fancy-header" class="fancy-header breadcrumbs-off content-left" style="background-color: #ffffff; background-size: cover; background-repeat: no-repeat; background-image: url(http://ziango.com/wp-content/uploads/2014/03/home_banner_2.png); background-position: center center; min-height: 0px; padding-top: 14.4010416%; padding-bottom: 14.4010416%" >
			<div class="wf-wrap">
				<div class="wf-table" style="height: 0px;"><div class="wf-td hgroup"><h1 class="fancy-title entry-title" style="color: #ffffff; font-size: 48px; line-height: 64px; text-transform: none;" ><span>"Creating great casual games</span></h1><h2 class="fancy-subtitle " style="color: #ffffff; font-size: 40px; line-height: 56px; text-transform: none;"><span>for Facebook Instant-games and other HTML5-platforms"</span></h2></div></div>
			</div>
			<span class="fancy-header-overlay" style="background-color: ;"></span>
			</header>
	
	<div id="main" class="sidebar-none sidebar-divider-off" style="padding-bottom:140px;" >

		
		<div class="main-gradient"></div>
		<div class="wf-wrap">
			<div class="wf-container-main">

				
	
		
			<div id="content" class="content" role="main">

			
					
					<div data-vc-full-width="true" data-vc-full-width-init="false" class="vc_row wpb_row vc_row-fluid row-custom-background vc_row-o-content-middle vc_row-flex"><div class="wpb_column vc_column_container vc_col-sm-5 vc_col-md-6"><div class="vc_column-inner "><div class="wpb_wrapper">
	<div  class="wpb_single_image wpb_content_element vc_align_left  wpb_animate_when_almost_visible wpb_slideInLeft slideInLeft">
		
		<figure class="wpb_wrapper vc_figure">
			<div class="vc_single_image-wrapper   vc_box_border_grey"><img width="878" height="1024" src="http://ziango.com/wp-content/uploads/2014/03/games_image-878x1024.png" class="vc_single_image-img attachment-large" alt="" srcset="http://ziango.com/wp-content/uploads/2014/03/games_image-878x1024.png 878w, http://ziango.com/wp-content/uploads/2014/03/games_image-172x200.png 172w, http://ziango.com/wp-content/uploads/2014/03/games_image-257x300.png 257w, http://ziango.com/wp-content/uploads/2014/03/games_image-768x895.png 768w, http://ziango.com/wp-content/uploads/2014/03/games_image.png 1200w" sizes="(max-width: 878px) 100vw, 878px"  data-dt-location="http://ziango.com/sample-page-2/games_image/" /></div>
		</figure>
	</div>
</div></div></div><div class="wpb_column vc_column_container vc_col-sm-7 vc_col-md-6"><div class="vc_column-inner "><div class="wpb_wrapper"><div id="ultimate-heading-45235b9fd853d7934" class="uvc-heading ult-adjust-bottom-margin ultimate-heading-45235b9fd853d7934 uvc-3219 " data-hspacer="no_spacer"  data-halign="left" style="text-align:left"><div class="uvc-heading-spacer no_spacer" style="top"></div><div class="uvc-main-heading ult-responsive"  data-ultimate-target='.uvc-heading.ultimate-heading-45235b9fd853d7934 h1'  data-responsive-json-new='{"font-size":"desktop:46px;","line-height":""}' ><h1 style="font-weight:normal;">Games</h1></div></div>
	<div class="wpb_text_column wpb_content_element " >
		<div class="wpb_wrapper">
			<p><span style="font-weight: 400;">With a focus on engagement and design novelty, we have developed over 25+ games. Both own IP, as for others.</span></p>

		</div>
	</div>
<div class="vc_btn3-container vc_btn3-left vc_custom_1508509723144" >
	<a class="vc_general vc_btn3 vc_btn3-size-md vc_btn3-shape-rounded vc_btn3-style-flat vc_btn3-color-primary" href="./ziango-games/" title="">Read more</a></div>
</div></div></div></div><div class="vc_row-full-width vc_clearfix"></div><div data-vc-full-width="true" data-vc-full-width-init="false" class="vc_row wpb_row vc_row-fluid row-custom-background row-swap-cols vc_row-o-content-middle vc_row-flex"><div class="wpb_column vc_column_container vc_col-sm-5 vc_col-md-6"><div class="vc_column-inner "><div class="wpb_wrapper">
	<div  class="wpb_single_image wpb_content_element vc_align_left  wpb_animate_when_almost_visible wpb_slideInRight slideInRight">
		
		<figure class="wpb_wrapper vc_figure">
			<div class="vc_single_image-wrapper   vc_box_border_grey"><img width="948" height="1024" src="http://ziango.com/wp-content/uploads/2014/03/services_image-948x1024.png" class="vc_single_image-img attachment-large" alt="" srcset="http://ziango.com/wp-content/uploads/2014/03/services_image-948x1024.png 948w, http://ziango.com/wp-content/uploads/2014/03/services_image-185x200.png 185w, http://ziango.com/wp-content/uploads/2014/03/services_image-278x300.png 278w, http://ziango.com/wp-content/uploads/2014/03/services_image-768x829.png 768w, http://ziango.com/wp-content/uploads/2014/03/services_image.png 1200w" sizes="(max-width: 948px) 100vw, 948px"  data-dt-location="http://ziango.com/sample-page-2/services_image/" /></div>
		</figure>
	</div>
</div></div></div><div class="wpb_column vc_column_container vc_col-sm-7 vc_col-md-6"><div class="vc_column-inner "><div class="wpb_wrapper"><div id="ultimate-heading-78445b9fd853db846" class="uvc-heading ult-adjust-bottom-margin ultimate-heading-78445b9fd853db846 uvc-140 " data-hspacer="no_spacer"  data-halign="right" style="text-align:right"><div class="uvc-heading-spacer no_spacer" style="top"></div><div class="uvc-main-heading ult-responsive"  data-ultimate-target='.uvc-heading.ultimate-heading-78445b9fd853db846 h1'  data-responsive-json-new='{"font-size":"desktop:46px;","line-height":""}' ><h1 style="font-weight:normal;">Services</h1></div></div>
	<div class="wpb_text_column wpb_content_element " >
		<div class="wpb_wrapper">
			<p style="text-align: right;"><span style="font-weight: 400;">Have your next hit-game developed by us</span></p>

		</div>
	</div>
<div class="vc_btn3-container vc_btn3-right vc_custom_1508509760987" >
	<a class="vc_general vc_btn3 vc_btn3-size-md vc_btn3-shape-rounded vc_btn3-style-flat vc_btn3-color-primary" href="./services/" title="">Read more</a></div>
</div></div></div></div><div class="vc_row-full-width vc_clearfix"></div>

					
					
					

				
			
			</div><!-- #content -->

			
		

			</div><!-- .wf-container -->
		</div><!-- .wf-wrap -->
	</div><!-- #main -->

	
	<!-- !Footer -->
	<footer id="footer" class="footer solid-bg">

		
			<div class="wf-wrap">
				<div class="wf-container-footer">
					<div class="wf-container">

						<section id="presscore-contact-form-widget-2" class="widget widget_presscore-contact-form-widget wf-cell wf-1"><div class="widget-title">Contact us</div><form class="contact-form dt-form" action="/" method="post">
<input type="hidden" name="widget_id" value="presscore-contact-form-widget-2" /><input type="hidden" name="send_message" value="" /><div class="form-fields"><span class="form-name"><label class="assistive-text">Name *</label><input type="text" class="validate[required]" placeholder="Name *" name="name" value="" aria-required="true">
</span><span class="form-mail"><label class="assistive-text">E-mail *</label><input type="text" class="validate[required,custom[email]]" placeholder="E-mail *" name="email" value="" aria-required="true">
</span></div><span class="form-message"><label class="assistive-text">Message *</label><textarea class="validate[required]" placeholder="Message *" name="message" rows="6" aria-required="true"></textarea>
</span><p><a href="#" class="dt-btn dt-btn-m dt-btn-submit" rel="nofollow"><span>Submit</span></a><input class="assistive-text" type="submit" value="submit"></p></form>
</section>
					</div><!-- .wf-container -->
				</div><!-- .wf-container-footer -->
			</div><!-- .wf-wrap -->

		
	</footer><!-- #footer -->



	<a href="#" class="scroll-top"><span class="screen-reader-text">Go to Top</span></a>

</div><!-- #page -->
<link rel='stylesheet' id='animate-css-css'  href='http://ziango.com/wp-content/plugins/js_composer/assets/lib/bower/animate-css/animate.min.css?ver=5.3' type='text/css' media='all' />
<script type='text/javascript' src='http://ziango.com/wp-content/themes/dt-the7/js/main.min.js?ver=5.6.0.1'></script>
<script type='text/javascript' src='http://ziango.com/wp-content/themes/dt-the7/js/post-type.js?ver=1.0.0'></script>
<script type='text/javascript' src='http://ziango.com/wp-includes/js/wp-embed.min.js?ver=4.8.7'></script>
<script type='text/javascript' src='http://ziango.com/wp-content/plugins/js_composer/assets/js/dist/js_composer_front.min.js?ver=5.3'></script>
<script type='text/javascript' src='http://ziango.com/wp-content/plugins/js_composer/assets/lib/waypoints/waypoints.min.js?ver=5.3'></script>
<script type='text/javascript' src='http://ziango.com/wp-content/themes/dt-the7/js/atoms/plugins/validator/jquery.validationEngine.js?ver=2.6.1'></script>
<script type='text/javascript' src='http://ziango.com/wp-content/themes/dt-the7/js/atoms/plugins/validator/languages/jquery.validationEngine-en.js?ver=2.6.1'></script>
<script type='text/javascript' src='http://ziango.com/wp-content/themes/dt-the7/js/dt-contact-form.js?ver=4.8.7'></script>

<div class="pswp" tabindex="-1" role="dialog" aria-hidden="true">
    <div class="pswp__bg"></div>
    <div class="pswp__scroll-wrap">
 
        <div class="pswp__container">
            <div class="pswp__item"></div>
            <div class="pswp__item"></div>
            <div class="pswp__item"></div>
        </div>
 
        <div class="pswp__ui pswp__ui--hidden">
            <div class="pswp__top-bar">
                <div class="pswp__counter"></div>
                <button class="pswp__button pswp__button--close" title="Close (Esc)"></button>
                <button class="pswp__button pswp__button--share" title="Share"></button>
                <button class="pswp__button pswp__button--fs" title="Toggle fullscreen"></button>
                <button class="pswp__button pswp__button--zoom" title="Zoom in/out"></button>
                <div class="pswp__preloader">
                    <div class="pswp__preloader__icn">
                      <div class="pswp__preloader__cut">
                        <div class="pswp__preloader__donut"></div>
                      </div>
                    </div>
                </div>
            </div>
            <div class="pswp__share-modal pswp__share-modal--hidden pswp__single-tap">
                <div class="pswp__share-tooltip"></div> 
            </div>
            <button class="pswp__button pswp__button--arrow--left" title="Previous (arrow left)">
            </button>
            <button class="pswp__button pswp__button--arrow--right" title="Next (arrow right)">
            </button>
            <div class="pswp__caption">
                <div class="pswp__caption__center"></div>
            </div>
        </div>
    </div>
</div>
</body>
</html>
Build info: version: '3.7.1', revision: '8a0099a', time: '2017-11-06T21:07:36.161Z'
System info: host: 'Jochens-MBP.fritz.box', ip: '2001:985:7559:1:74f8:2d:558e:14af%en0', os.name: 'Mac OS X', os.arch: 'x86_64', os.version: '10.13.6', java.version: '1.8.0_181'
Driver info: driver.version: CRemoteWebDriver)
	at com.kms.katalon.core.keyword.internal.KeywordMain.stepFailed(KeywordMain.groovy:36)
	at com.kms.katalon.core.webui.keyword.internal.WebUIKeywordMain.stepFailed(WebUIKeywordMain.groovy:65)
	at com.kms.katalon.core.webui.keyword.internal.WebUIKeywordMain.runKeyword(WebUIKeywordMain.groovy:27)
	at com.kms.katalon.core.webui.keyword.builtin.OpenBrowserKeyword.openBrowser(OpenBrowserKeyword.groovy:81)
	at com.kms.katalon.core.webui.keyword.builtin.OpenBrowserKeyword.execute(OpenBrowserKeyword.groovy:67)
	at com.kms.katalon.core.keyword.internal.KeywordExecutor.executeKeywordForPlatform(KeywordExecutor.groovy:53)
	at com.kms.katalon.core.webui.keyword.WebUiBuiltInKeywords.openBrowser(WebUiBuiltInKeywords.groovy:60)
	at com.kms.katalon.core.webui.keyword.WebUiBuiltInKeywords$openBrowser.call(Unknown Source)
	at org.codehaus.groovy.runtime.callsite.CallSiteArray.defaultCall(CallSiteArray.java:48)
	at org.codehaus.groovy.runtime.callsite.AbstractCallSite.call(AbstractCallSite.java:113)
	at org.codehaus.groovy.runtime.callsite.AbstractCallSite.call(AbstractCallSite.java:125)
	at Script1537198796161.run(Script1537198796161.groovy:16)
	at com.kms.katalon.core.main.ScriptEngine.run(ScriptEngine.java:183)
	at com.kms.katalon.core.main.ScriptEngine.runScriptAsRawText(ScriptEngine.java:108)
	at com.kms.katalon.core.main.TestCaseExecutor.runScript(TestCaseExecutor.java:294)
	at com.kms.katalon.core.main.TestCaseExecutor.doExecute(TestCaseExecutor.java:285)
	at com.kms.katalon.core.main.TestCaseExecutor.processExecutionPhase(TestCaseExecutor.java:264)
	at com.kms.katalon.core.main.TestCaseExecutor.accessMainPhase(TestCaseExecutor.java:256)
	at com.kms.katalon.core.main.TestCaseExecutor.execute(TestCaseExecutor.java:200)
	at com.kms.katalon.core.main.TestSuiteExecutor.accessTestCaseMainPhase(TestSuiteExecutor.java:129)
	at com.kms.katalon.core.main.TestSuiteExecutor.accessTestSuiteMainPhase(TestSuiteExecutor.java:112)
	at com.kms.katalon.core.main.TestSuiteExecutor.execute(TestSuiteExecutor.java:81)
	at com.kms.katalon.core.main.TestCaseMain.startTestSuite(TestCaseMain.java:142)
	at com.kms.katalon.core.main.TestCaseMain$startTestSuite$0.call(Unknown Source)
	at org.codehaus.groovy.runtime.callsite.CallSiteArray.defaultCall(CallSiteArray.java:48)
	at org.codehaus.groovy.runtime.callsite.AbstractCallSite.call(AbstractCallSite.java:113)
	at org.codehaus.groovy.runtime.callsite.AbstractCallSite.call(AbstractCallSite.java:141)
	at TempTestSuite1537202256239.run(TempTestSuite1537202256239.groovy:36)
	at groovy.lang.GroovyShell.runScriptOrMainOrTestOrRunnable(GroovyShell.java:263)
	at groovy.lang.GroovyShell.run(GroovyShell.java:518)
	at groovy.lang.GroovyShell.run(GroovyShell.java:507)
	at groovy.ui.GroovyMain.processOnce(GroovyMain.java:653)
	at groovy.ui.GroovyMain.run(GroovyMain.java:384)
	at groovy.ui.GroovyMain.process(GroovyMain.java:370)
	at groovy.ui.GroovyMain.processArgs(GroovyMain.java:129)
	at groovy.ui.GroovyMain.main(GroovyMain.java:109)
	at sun.reflect.NativeMethodAccessorImpl.invoke0(Native Method)
	at sun.reflect.NativeMethodAccessorImpl.invoke(NativeMethodAccessorImpl.java:62)
	at sun.reflect.DelegatingMethodAccessorImpl.invoke(DelegatingMethodAccessorImpl.java:43)
	at java.lang.reflect.Method.invoke(Method.java:498)
	at org.codehaus.groovy.tools.GroovyStarter.rootLoader(GroovyStarter.java:109)
	at org.codehaus.groovy.tools.GroovyStarter.main(GroovyStarter.java:131)
)]]></system-out>
      <system-err><![CDATA[2018-09-17 18:37:37 - [TEST_SUITE][FAILED] - Poc test suite: Test Cases/Opens browser FAILED because (of) (Stack trace: com.kms.katalon.core.exception.StepFailedException: Unable to open browser with url: '' (Root cause: org.openqa.selenium.WebDriverException: Unable to parse remote response: <!DOCTYPE html>
<!--[if lt IE 10 ]>
<html lang="en-US" class="old-ie no-js">
<![endif]-->
<!--[if !(IE 6) | !(IE 7) | !(IE 8)  ]><!-->
<html lang="en-US" class="no-js">
<!--<![endif]-->
<head>
	<meta charset="UTF-8" />
		<meta name="viewport" content="width=device-width, initial-scale=1, maximum-scale=1, user-scalable=0">
		<link rel="profile" href="http://gmpg.org/xfn/11" />
	<link rel="pingback" href="http://ziango.com/xmlrpc.php" />
	<title>Ziango &#8211; Great casual games for any device</title>
<script type="text/javascript">
function createCookie(a,d,b){if(b){var c=new Date;c.setTime(c.getTime()+864E5*b);b="; expires="+c.toGMTString()}else b="";document.cookie=a+"="+d+b+"; path=/"}function readCookie(a){a+="=";for(var d=document.cookie.split(";"),b=0;b<d.length;b++){for(var c=d[b];" "==c.charAt(0);)c=c.substring(1,c.length);if(0==c.indexOf(a))return c.substring(a.length,c.length)}return null}function eraseCookie(a){createCookie(a,"",-1)}
function areCookiesEnabled(){var a=!1;createCookie("testing","Hello",1);null!=readCookie("testing")&&(a=!0,eraseCookie("testing"));return a}(function(a){var d=readCookie("devicePixelRatio"),b=void 0===a.devicePixelRatio?1:a.devicePixelRatio;areCookiesEnabled()&&null==d&&(createCookie("devicePixelRatio",b,7),1!=b&&a.location.reload(!0))})(window);
</script><link rel='dns-prefetch' href='//fonts.googleapis.com' />
<link rel='dns-prefetch' href='//s.w.org' />
<link rel="alternate" type="application/rss+xml" title="Ziango &raquo; Feed" href="http://ziango.com/feed/" />
<link rel="alternate" type="application/rss+xml" title="Ziango &raquo; Comments Feed" href="http://ziango.com/comments/feed/" />
		<script type="text/javascript">
			window._wpemojiSettings = {"baseUrl":"https:\/\/s.w.org\/images\/core\/emoji\/2.3\/72x72\/","ext":".png","svgUrl":"https:\/\/s.w.org\/images\/core\/emoji\/2.3\/svg\/","svgExt":".svg","source":{"concatemoji":"http:\/\/ziango.com\/wp-includes\/js\/wp-emoji-release.min.js?ver=4.8.7"}};
			!function(a,b,c){function d(a){var b,c,d,e,f=String.fromCharCode;if(!k||!k.fillText)return!1;switch(k.clearRect(0,0,j.width,j.height),k.textBaseline="top",k.font="600 32px Arial",a){case"flag":return k.fillText(f(55356,56826,55356,56819),0,0),b=j.toDataURL(),k.clearRect(0,0,j.width,j.height),k.fillText(f(55356,56826,8203,55356,56819),0,0),c=j.toDataURL(),b!==c&&(k.clearRect(0,0,j.width,j.height),k.fillText(f(55356,57332,56128,56423,56128,56418,56128,56421,56128,56430,56128,56423,56128,56447),0,0),b=j.toDataURL(),k.clearRect(0,0,j.width,j.height),k.fillText(f(55356,57332,8203,56128,56423,8203,56128,56418,8203,56128,56421,8203,56128,56430,8203,56128,56423,8203,56128,56447),0,0),c=j.toDataURL(),b!==c);case"emoji4":return k.fillText(f(55358,56794,8205,9794,65039),0,0),d=j.toDataURL(),k.clearRect(0,0,j.width,j.height),k.fillText(f(55358,56794,8203,9794,65039),0,0),e=j.toDataURL(),d!==e}return!1}function e(a){var c=b.createElement("script");c.src=a,c.defer=c.type="text/javascript",b.getElementsByTagName("head")[0].appendChild(c)}var f,g,h,i,j=b.createElement("canvas"),k=j.getContext&&j.getContext("2d");for(i=Array("flag","emoji4"),c.supports={everything:!0,everythingExceptFlag:!0},h=0;h<i.length;h++)c.supports[i[h]]=d(i[h]),c.supports.everything=c.supports.everything&&c.supports[i[h]],"flag"!==i[h]&&(c.supports.everythingExceptFlag=c.supports.everythingExceptFlag&&c.supports[i[h]]);c.supports.everythingExceptFlag=c.supports.everythingExceptFlag&&!c.supports.flag,c.DOMReady=!1,c.readyCallback=function(){c.DOMReady=!0},c.supports.everything||(g=function(){c.readyCallback()},b.addEventListener?(b.addEventListener("DOMContentLoaded",g,!1),a.addEventListener("load",g,!1)):(a.attachEvent("onload",g),b.attachEvent("onreadystatechange",function(){"complete"===b.readyState&&c.readyCallback()})),f=c.source||{},f.concatemoji?e(f.concatemoji):f.wpemoji&&f.twemoji&&(e(f.twemoji),e(f.wpemoji)))}(window,document,window._wpemojiSettings);
		</script>
		<style type="text/css">
img.wp-smiley,
img.emoji {
	display: inline !important;
	border: none !important;
	box-shadow: none !important;
	height: 1em !important;
	width: 1em !important;
	margin: 0 .07em !important;
	vertical-align: -0.1em !important;
	background: none !important;
	padding: 0 !important;
}
</style>
<link rel='stylesheet' id='acf-vc-integrator-style-css'  href='http://ziango.com/wp-content/plugins/acf-vc-integrator/css/acf-vc-integrator-style.css?ver=4.8.7' type='text/css' media='all' />
<link rel='stylesheet' id='rs-plugin-settings-css'  href='http://ziango.com/wp-content/plugins/revslider/public/assets/css/settings.css?ver=5.4.6' type='text/css' media='all' />
<style id='rs-plugin-settings-inline-css' type='text/css'>
#rs-demo-id {}
</style>
<link rel='stylesheet' id='js_composer_front-css'  href='http://ziango.com/wp-content/plugins/js_composer/assets/css/js_composer.min.css?ver=5.3' type='text/css' media='all' />
<link rel='stylesheet' id='dt-web-fonts-css'  href='//fonts.googleapis.com/css?family=Roboto%3A300%2C400%2C500%2C600%2C700%7COpen+Sans%3A400%2C600%2C700%7CNunito%3A300%2C400%2C600%2C700&#038;ver=4.8.7' type='text/css' media='all' />
<link rel='stylesheet' id='dt-main-css'  href='http://ziango.com/wp-content/themes/dt-the7/css/main.min.css?ver=5.6.0.1' type='text/css' media='all' />
<!--[if lt IE 10]>
<link rel='stylesheet' id='dt-old-ie-css'  href='http://ziango.com/wp-content/themes/dt-the7/css/old-ie.min.css?ver=5.6.0.1' type='text/css' media='all' />
<![endif]-->
<link rel='stylesheet' id='dt-awsome-fonts-css'  href='http://ziango.com/wp-content/themes/dt-the7/fonts/FontAwesome/css/font-awesome.min.css?ver=5.6.0.1' type='text/css' media='all' />
<link rel='stylesheet' id='dt-fontello-css'  href='http://ziango.com/wp-content/themes/dt-the7/fonts/fontello/css/fontello.min.css?ver=5.6.0.1' type='text/css' media='all' />
<link rel='stylesheet' id='dt-arrow-icons-css'  href='http://ziango.com/wp-content/themes/dt-the7/fonts/icomoon-arrows-the7/style.min.css?ver=5.6.0.1' type='text/css' media='all' />
<link rel='stylesheet' id='the7pt-static-css'  href='http://ziango.com/wp-content/themes/dt-the7/css/post-type.css?ver=1.0.0' type='text/css' media='all' />
<link rel='stylesheet' id='dt-custom-old-ie-css'  href='http://ziango.com/wp-content/uploads/the7-css/custom-old-ie.css?ver=b79491390dfc' type='text/css' media='all' />
<link rel='stylesheet' id='dt-custom-css'  href='http://ziango.com/wp-content/uploads/the7-css/custom.css?ver=b79491390dfc' type='text/css' media='all' />
<link rel='stylesheet' id='dt-media-css'  href='http://ziango.com/wp-content/uploads/the7-css/media.css?ver=b79491390dfc' type='text/css' media='all' />
<link rel='stylesheet' id='the7pt.less-css'  href='http://ziango.com/wp-content/uploads/the7-css/post-type-dynamic.css?ver=b79491390dfc' type='text/css' media='all' />
<link rel='stylesheet' id='style-css'  href='http://ziango.com/wp-content/themes/dt-the7-ziango/style.css?ver=5.6.0.1' type='text/css' media='all' />
<link rel='stylesheet' id='bsf-icomoon-material-24x24-css'  href='http://ziango.com/wp-content/uploads/smile_fonts/icomoon-material-24x24/icomoon-material-24x24.css?ver=4.8.7' type='text/css' media='all' />
<link rel='stylesheet' id='bsf-icomoon-icomoonfree-16x16-css'  href='http://ziango.com/wp-content/uploads/smile_fonts/icomoon-icomoonfree-16x16/icomoon-icomoonfree-16x16.css?ver=4.8.7' type='text/css' media='all' />
<link rel='stylesheet' id='ultimate-style-css'  href='http://ziango.com/wp-content/plugins/Ultimate_VC_Addons/assets/min-css/style.min.css?ver=3.16.18' type='text/css' media='all' />
<link rel='stylesheet' id='ultimate-headings-style-css'  href='http://ziango.com/wp-content/plugins/Ultimate_VC_Addons/assets/min-css/headings.min.css?ver=3.16.18' type='text/css' media='all' />
<link rel='stylesheet' id='ult_cllink-css'  href='http://ziango.com/wp-content/plugins/Ultimate_VC_Addons/assets/min-css/creative-link.min.css?ver=3.16.18' type='text/css' media='all' />
<script type='text/javascript' src='http://ziango.com/wp-includes/js/jquery/jquery.js?ver=1.12.4'></script>
<script type='text/javascript' src='http://ziango.com/wp-includes/js/jquery/jquery-migrate.min.js?ver=1.4.1'></script>
<script type='text/javascript' src='http://ziango.com/wp-content/plugins/revslider/public/assets/js/jquery.themepunch.tools.min.js?ver=5.4.6'></script>
<script type='text/javascript' src='http://ziango.com/wp-content/plugins/revslider/public/assets/js/jquery.themepunch.revolution.min.js?ver=5.4.6'></script>
<script type='text/javascript'>
/* <![CDATA[ */
var dtLocal = {"themeUrl":"http:\/\/ziango.com\/wp-content\/themes\/dt-the7","passText":"To view this protected post, enter the password below:","moreButtonText":{"loading":"Loading...","loadMore":"Load more"},"postID":"592","ajaxurl":"http:\/\/ziango.com\/wp-admin\/admin-ajax.php","contactNonce":"0e683f0ed8","contactMessages":{"required":"One or more fields have an error. Please check and try again."},"ajaxNonce":"68daeacde4","pageData":{"type":"page","template":"page","layout":null},"themeSettings":{"smoothScroll":"off","lazyLoading":false,"accentColor":{"mode":"solid","color":"#ff9e17"},"floatingHeader":{"showAfter":94,"showMenu":true,"height":60,"logo":{"showLogo":true,"html":"<img class=\" preload-me\" src=\"http:\/\/ziango.com\/wp-content\/uploads\/2017\/10\/ziango_logo2.png\" srcset=\"http:\/\/ziango.com\/wp-content\/uploads\/2017\/10\/ziango_logo2.png 1839w, http:\/\/ziango.com\/wp-content\/uploads\/2017\/10\/ziango_logo2.png 1839w\" width=\"1839\" height=\"343\"   sizes=\"1839px\" alt=\"Ziango\" \/>","url":"http:\/\/ziango.com\/"}},"mobileHeader":{"firstSwitchPoint":990,"secondSwitchPoint":778},"content":{"textColor":"#787878","headerColor":"#178bc8"},"stripes":{"stripe1":{"textColor":"#787d85","headerColor":"#3b3f4a"},"stripe2":{"textColor":"#8b9199","headerColor":"#ffffff"},"stripe3":{"textColor":"#ffffff","headerColor":"#ffffff"}}},"VCMobileScreenWidth":"768"};
var dtShare = {"shareButtonText":{"facebook":"Share on Facebook","twitter":"Tweet","pinterest":"Pin it","linkedin":"Share on Linkedin","whatsapp":"Share on Whatsapp","google":"Share on Google Plus","download":"Download image"},"overlayOpacity":"85"};
/* ]]> */
</script>
<script type='text/javascript' src='http://ziango.com/wp-content/themes/dt-the7/js/above-the-fold.min.js?ver=5.6.0.1'></script>
<script type='text/javascript' src='http://ziango.com/wp-content/plugins/Ultimate_VC_Addons/assets/min-js/ultimate-params.min.js?ver=3.16.18'></script>
<script type='text/javascript' src='http://ziango.com/wp-content/plugins/Ultimate_VC_Addons/assets/min-js/headings.min.js?ver=3.16.18'></script>
<script type='text/javascript' src='http://ziango.com/wp-content/plugins/Ultimate_VC_Addons/assets/min-js/creative-link.min.js?ver=3.16.18'></script>
<link rel='https://api.w.org/' href='http://ziango.com/wp-json/' />
<link rel="EditURI" type="application/rsd+xml" title="RSD" href="http://ziango.com/xmlrpc.php?rsd" />
<link rel="wlwmanifest" type="application/wlwmanifest+xml" href="http://ziango.com/wp-includes/wlwmanifest.xml" /> 
<meta name="generator" content="WordPress 4.8.7" />
<link rel="canonical" href="http://ziango.com/" />
<link rel='shortlink' href='http://ziango.com/' />
<link rel="alternate" type="application/json+oembed" href="http://ziango.com/wp-json/oembed/1.0/embed?url=http%3A%2F%2Fziango.com%2F" />
<link rel="alternate" type="text/xml+oembed" href="http://ziango.com/wp-json/oembed/1.0/embed?url=http%3A%2F%2Fziango.com%2F&#038;format=xml" />
<meta property="og:site_name" content="Ziango" />
<meta property="og:title" content="Home" />
<meta property="og:url" content="http://ziango.com/" />
<meta property="og:type" content="website" />
<meta name="generator" content="Powered by WPBakery Page Builder - drag and drop page builder for WordPress."/>
<!--[if lte IE 9]><link rel="stylesheet" type="text/css" href="http://ziango.com/wp-content/plugins/js_composer/assets/css/vc_lte_ie9.min.css" media="screen"><![endif]--><meta name="generator" content="Powered by Slider Revolution 5.4.6 - responsive, Mobile-Friendly Slider Plugin for WordPress with comfortable drag and drop interface." />
<!-- icon -->
<link rel="icon" href="http://ziango.com/wp-content/uploads/2017/10/favicon-16x16.png" type="image/png" />
<link rel="shortcut icon" href="http://ziango.com/wp-content/uploads/2017/10/favicon-16x16.png" type="image/png" />
<link rel="apple-touch-icon" href="http://ziango.com/wp-content/uploads/2017/10/apple-touch-icon-60x60.png">
<link rel="apple-touch-icon" sizes="76x76" href="http://ziango.com/wp-content/uploads/2017/10/apple-touch-icon-76x76.png">
<link rel="apple-touch-icon" sizes="120x120" href="http://ziango.com/wp-content/uploads/2017/10/apple-touch-icon-120x120.png">
<link rel="apple-touch-icon" sizes="152x152" href="http://ziango.com/wp-content/uploads/2017/10/apple-touch-icon-152x152.png">
<!-- BEGIN GADWP v5.1.2.5 Universal Analytics - https://deconf.com/google-analytics-dashboard-wordpress/ -->
<script>
(function(i,s,o,g,r,a,m){i['GoogleAnalyticsObject']=r;i[r]=i[r]||function(){
	(i[r].q=i[r].q||[]).push(arguments)},i[r].l=1*new Date();a=s.createElement(o),
	m=s.getElementsByTagName(o)[0];a.async=1;a.src=g;m.parentNode.insertBefore(a,m)
})(window,document,'script','https://www.google-analytics.com/analytics.js','ga');
  ga('create', 'UA-49356820-1', 'auto');
  ga('send', 'pageview');
</script>
<!-- END GADWP Universal Analytics -->
<script type="text/javascript">function setREVStartSize(e){
				try{ var i=jQuery(window).width(),t=9999,r=0,n=0,l=0,f=0,s=0,h=0;					
					if(e.responsiveLevels&&(jQuery.each(e.responsiveLevels,function(e,f){f>i&&(t=r=f,l=e),i>f&&f>r&&(r=f,n=e)}),t>r&&(l=n)),f=e.gridheight[l]||e.gridheight[0]||e.gridheight,s=e.gridwidth[l]||e.gridwidth[0]||e.gridwidth,h=i/s,h=h>1?1:h,f=Math.round(h*f),"fullscreen"==e.sliderLayout){var u=(e.c.width(),jQuery(window).height());if(void 0!=e.fullScreenOffsetContainer){var c=e.fullScreenOffsetContainer.split(",");if (c) jQuery.each(c,function(e,i){u=jQuery(i).length>0?u-jQuery(i).outerHeight(!0):u}),e.fullScreenOffset.split("%").length>1&&void 0!=e.fullScreenOffset&&e.fullScreenOffset.length>0?u-=jQuery(window).height()*parseInt(e.fullScreenOffset,0)/100:void 0!=e.fullScreenOffset&&e.fullScreenOffset.length>0&&(u-=parseInt(e.fullScreenOffset,0))}f=u}else void 0!=e.minHeight&&f<e.minHeight&&(f=e.minHeight);e.c.closest(".rev_slider_wrapper").css({height:f})					
				}catch(d){console.log("Failure at Presize of Slider:"+d)}
			};</script>
<style type="text/css" data-type="vc_custom-css">@media screen and (max-width: 1099px) {
    p {
        font-size: 0.9em;
    }
}

@media screen and (max-width: 999px) {
    h1 {
        font-size: 0.9em;
    }
    
    p {
        font-size: 0.8em;
        line-height: 1.2;
    }
    
    #content .vc_btn3 {
        font-size: 0.8em;
    }
}
</style><style type="text/css" data-type="vc_shortcodes-custom-css">.vc_custom_1508509723144{margin-top: 1em !important;}.vc_custom_1508509760987{margin-top: 1em !important;}</style><noscript><style type="text/css"> .wpb_animate_when_almost_visible { opacity: 1; }</style></noscript>
	<link rel="stylesheet" type="text/css" href="//cdnjs.cloudflare.com/ajax/libs/cookieconsent2/3.0.3/cookieconsent.min.css" />

	<script src="//cdnjs.cloudflare.com/ajax/libs/cookieconsent2/3.0.3/cookieconsent.min.js"></script>
	
<script> // Cookie consent bar
window.addEventListener("load", function(){
window.cookieconsent.initialise({
  "palette": {
    "popup": {
      "background": "#000"
    },
    "button": {
      "background": "#f1d600"
    }
  },
  "theme": "classic",
  "content": {
    "message": "This website uses cookies and other comparable techniques: (1) for analytical purposes, (2) to ensure you get the best possible experience and advertisements on our websites and in our online games.",
    "dismiss": "Yes, I agree",
    "href": "http://ziango.com/privacy-policy/"
  }
})}); 
</script>
	</head>
<body class="home page-template-default page page-id-592 fancy-header-on disabled-hover-icons dt-responsive-on overlay-cursor-on srcset-enabled btn-flat custom-btn-color custom-btn-hover-color outlines-bullets bold-icons phantom-sticky phantom-shadow-decoration phantom-main-logo-on sticky-mobile-header top-header first-switch-logo-left first-switch-menu-right second-switch-logo-left second-switch-menu-right right-mobile-menu layzr-loading-on popup-message-style wpb-js-composer js-comp-ver-5.3 vc_responsive album-minuatures-style-2">
<!-- The7 5.6.0.1 -->

<div id="page">
	<a class="skip-link screen-reader-text" href="#content">Skip to content</a>

<div class="masthead inline-header right full-height dt-parent-menu-clickable" role="banner">

	
	<header class="header-bar">

						<div class="branding">
					<div id="site-title" class="assistive-text">Ziango</div>
					<div id="site-description" class="assistive-text">Great casual games for any device</div>
					<a href="http://ziango.com/"><img class=" preload-me" src="http://ziango.com/wp-content/uploads/2017/10/ziango_logo2.png" srcset="http://ziango.com/wp-content/uploads/2017/10/ziango_logo2.png 1839w, http://ziango.com/wp-content/uploads/2017/10/ziango_logo2.png 1839w" width="1839" height="343"   sizes="1839px" alt="Ziango" /></a>				</div>
		<ul id="primary-menu" class="main-nav underline-decoration from-centre-line outside-item-remove-margin" role="menu"><li class="menu-item menu-item-type-post_type menu-item-object-page menu-item-home current-menu-item page_item page-item-592 current_page_item menu-item-1827 act first"><a href='http://ziango.com/' data-level='1'><span class="menu-item-text"><span class="menu-text">Home</span></span></a></li> <li class="menu-item menu-item-type-post_type menu-item-object-page menu-item-2024"><a href='http://ziango.com/ziango-games/' data-level='1'><span class="menu-item-text"><span class="menu-text">Games</span></span></a></li> <li class="menu-item menu-item-type-post_type menu-item-object-page menu-item-2031"><a href='http://ziango.com/services/' data-level='1'><span class="menu-item-text"><span class="menu-text">Services</span></span></a></li> <li class="menu-item menu-item-type-post_type menu-item-object-page menu-item-2023"><a href='http://ziango.com/company/' data-level='1'><span class="menu-item-text"><span class="menu-text">Company</span></span></a></li> <li class="menu-item menu-item-type-post_type menu-item-object-page menu-item-2639"><a href='http://ziango.com/jobs/' data-level='1'><span class="menu-item-text"><span class="menu-text">Jobs</span></span></a></li> <li class="menu-item menu-item-type-post_type menu-item-object-page menu-item-2703"><a href='http://ziango.com/privacy-policy/' data-level='1'><span class="menu-item-text"><span class="menu-text">Privacy Policy</span></span></a></li> </ul>
		
	</header>

</div><div class='dt-close-mobile-menu-icon'><span></span></div>
<div class='dt-mobile-header'>
	<ul id="mobile-menu" class="mobile-main-nav" role="menu">
		<li class="menu-item menu-item-type-post_type menu-item-object-page menu-item-home current-menu-item page_item page-item-592 current_page_item menu-item-1827 act first"><a href='http://ziango.com/' data-level='1'><span class="menu-item-text"><span class="menu-text">Home</span></span></a></li> <li class="menu-item menu-item-type-post_type menu-item-object-page menu-item-2024"><a href='http://ziango.com/ziango-games/' data-level='1'><span class="menu-item-text"><span class="menu-text">Games</span></span></a></li> <li class="menu-item menu-item-type-post_type menu-item-object-page menu-item-2031"><a href='http://ziango.com/services/' data-level='1'><span class="menu-item-text"><span class="menu-text">Services</span></span></a></li> <li class="menu-item menu-item-type-post_type menu-item-object-page menu-item-2023"><a href='http://ziango.com/company/' data-level='1'><span class="menu-item-text"><span class="menu-text">Company</span></span></a></li> <li class="menu-item menu-item-type-post_type menu-item-object-page menu-item-2639"><a href='http://ziango.com/jobs/' data-level='1'><span class="menu-item-text"><span class="menu-text">Jobs</span></span></a></li> <li class="menu-item menu-item-type-post_type menu-item-object-page menu-item-2703"><a href='http://ziango.com/privacy-policy/' data-level='1'><span class="menu-item-text"><span class="menu-text">Privacy Policy</span></span></a></li> 	</ul>
	<div class='mobile-mini-widgets-in-menu'></div>
</div>
	<header id="fancy-header" class="fancy-header breadcrumbs-off content-left" style="background-color: #ffffff; background-size: cover; background-repeat: no-repeat; background-image: url(http://ziango.com/wp-content/uploads/2014/03/home_banner_2.png); background-position: center center; min-height: 0px; padding-top: 14.4010416%; padding-bottom: 14.4010416%" >
			<div class="wf-wrap">
				<div class="wf-table" style="height: 0px;"><div class="wf-td hgroup"><h1 class="fancy-title entry-title" style="color: #ffffff; font-size: 48px; line-height: 64px; text-transform: none;" ><span>"Creating great casual games</span></h1><h2 class="fancy-subtitle " style="color: #ffffff; font-size: 40px; line-height: 56px; text-transform: none;"><span>for Facebook Instant-games and other HTML5-platforms"</span></h2></div></div>
			</div>
			<span class="fancy-header-overlay" style="background-color: ;"></span>
			</header>
	
	<div id="main" class="sidebar-none sidebar-divider-off" style="padding-bottom:140px;" >

		
		<div class="main-gradient"></div>
		<div class="wf-wrap">
			<div class="wf-container-main">

				
	
		
			<div id="content" class="content" role="main">

			
					
					<div data-vc-full-width="true" data-vc-full-width-init="false" class="vc_row wpb_row vc_row-fluid row-custom-background vc_row-o-content-middle vc_row-flex"><div class="wpb_column vc_column_container vc_col-sm-5 vc_col-md-6"><div class="vc_column-inner "><div class="wpb_wrapper">
	<div  class="wpb_single_image wpb_content_element vc_align_left  wpb_animate_when_almost_visible wpb_slideInLeft slideInLeft">
		
		<figure class="wpb_wrapper vc_figure">
			<div class="vc_single_image-wrapper   vc_box_border_grey"><img width="878" height="1024" src="http://ziango.com/wp-content/uploads/2014/03/games_image-878x1024.png" class="vc_single_image-img attachment-large" alt="" srcset="http://ziango.com/wp-content/uploads/2014/03/games_image-878x1024.png 878w, http://ziango.com/wp-content/uploads/2014/03/games_image-172x200.png 172w, http://ziango.com/wp-content/uploads/2014/03/games_image-257x300.png 257w, http://ziango.com/wp-content/uploads/2014/03/games_image-768x895.png 768w, http://ziango.com/wp-content/uploads/2014/03/games_image.png 1200w" sizes="(max-width: 878px) 100vw, 878px"  data-dt-location="http://ziango.com/sample-page-2/games_image/" /></div>
		</figure>
	</div>
</div></div></div><div class="wpb_column vc_column_container vc_col-sm-7 vc_col-md-6"><div class="vc_column-inner "><div class="wpb_wrapper"><div id="ultimate-heading-45235b9fd853d7934" class="uvc-heading ult-adjust-bottom-margin ultimate-heading-45235b9fd853d7934 uvc-3219 " data-hspacer="no_spacer"  data-halign="left" style="text-align:left"><div class="uvc-heading-spacer no_spacer" style="top"></div><div class="uvc-main-heading ult-responsive"  data-ultimate-target='.uvc-heading.ultimate-heading-45235b9fd853d7934 h1'  data-responsive-json-new='{"font-size":"desktop:46px;","line-height":""}' ><h1 style="font-weight:normal;">Games</h1></div></div>
	<div class="wpb_text_column wpb_content_element " >
		<div class="wpb_wrapper">
			<p><span style="font-weight: 400;">With a focus on engagement and design novelty, we have developed over 25+ games. Both own IP, as for others.</span></p>

		</div>
	</div>
<div class="vc_btn3-container vc_btn3-left vc_custom_1508509723144" >
	<a class="vc_general vc_btn3 vc_btn3-size-md vc_btn3-shape-rounded vc_btn3-style-flat vc_btn3-color-primary" href="./ziango-games/" title="">Read more</a></div>
</div></div></div></div><div class="vc_row-full-width vc_clearfix"></div><div data-vc-full-width="true" data-vc-full-width-init="false" class="vc_row wpb_row vc_row-fluid row-custom-background row-swap-cols vc_row-o-content-middle vc_row-flex"><div class="wpb_column vc_column_container vc_col-sm-5 vc_col-md-6"><div class="vc_column-inner "><div class="wpb_wrapper">
	<div  class="wpb_single_image wpb_content_element vc_align_left  wpb_animate_when_almost_visible wpb_slideInRight slideInRight">
		
		<figure class="wpb_wrapper vc_figure">
			<div class="vc_single_image-wrapper   vc_box_border_grey"><img width="948" height="1024" src="http://ziango.com/wp-content/uploads/2014/03/services_image-948x1024.png" class="vc_single_image-img attachment-large" alt="" srcset="http://ziango.com/wp-content/uploads/2014/03/services_image-948x1024.png 948w, http://ziango.com/wp-content/uploads/2014/03/services_image-185x200.png 185w, http://ziango.com/wp-content/uploads/2014/03/services_image-278x300.png 278w, http://ziango.com/wp-content/uploads/2014/03/services_image-768x829.png 768w, http://ziango.com/wp-content/uploads/2014/03/services_image.png 1200w" sizes="(max-width: 948px) 100vw, 948px"  data-dt-location="http://ziango.com/sample-page-2/services_image/" /></div>
		</figure>
	</div>
</div></div></div><div class="wpb_column vc_column_container vc_col-sm-7 vc_col-md-6"><div class="vc_column-inner "><div class="wpb_wrapper"><div id="ultimate-heading-78445b9fd853db846" class="uvc-heading ult-adjust-bottom-margin ultimate-heading-78445b9fd853db846 uvc-140 " data-hspacer="no_spacer"  data-halign="right" style="text-align:right"><div class="uvc-heading-spacer no_spacer" style="top"></div><div class="uvc-main-heading ult-responsive"  data-ultimate-target='.uvc-heading.ultimate-heading-78445b9fd853db846 h1'  data-responsive-json-new='{"font-size":"desktop:46px;","line-height":""}' ><h1 style="font-weight:normal;">Services</h1></div></div>
	<div class="wpb_text_column wpb_content_element " >
		<div class="wpb_wrapper">
			<p style="text-align: right;"><span style="font-weight: 400;">Have your next hit-game developed by us</span></p>

		</div>
	</div>
<div class="vc_btn3-container vc_btn3-right vc_custom_1508509760987" >
	<a class="vc_general vc_btn3 vc_btn3-size-md vc_btn3-shape-rounded vc_btn3-style-flat vc_btn3-color-primary" href="./services/" title="">Read more</a></div>
</div></div></div></div><div class="vc_row-full-width vc_clearfix"></div>

					
					
					

				
			
			</div><!-- #content -->

			
		

			</div><!-- .wf-container -->
		</div><!-- .wf-wrap -->
	</div><!-- #main -->

	
	<!-- !Footer -->
	<footer id="footer" class="footer solid-bg">

		
			<div class="wf-wrap">
				<div class="wf-container-footer">
					<div class="wf-container">

						<section id="presscore-contact-form-widget-2" class="widget widget_presscore-contact-form-widget wf-cell wf-1"><div class="widget-title">Contact us</div><form class="contact-form dt-form" action="/" method="post">
<input type="hidden" name="widget_id" value="presscore-contact-form-widget-2" /><input type="hidden" name="send_message" value="" /><div class="form-fields"><span class="form-name"><label class="assistive-text">Name *</label><input type="text" class="validate[required]" placeholder="Name *" name="name" value="" aria-required="true">
</span><span class="form-mail"><label class="assistive-text">E-mail *</label><input type="text" class="validate[required,custom[email]]" placeholder="E-mail *" name="email" value="" aria-required="true">
</span></div><span class="form-message"><label class="assistive-text">Message *</label><textarea class="validate[required]" placeholder="Message *" name="message" rows="6" aria-required="true"></textarea>
</span><p><a href="#" class="dt-btn dt-btn-m dt-btn-submit" rel="nofollow"><span>Submit</span></a><input class="assistive-text" type="submit" value="submit"></p></form>
</section>
					</div><!-- .wf-container -->
				</div><!-- .wf-container-footer -->
			</div><!-- .wf-wrap -->

		
	</footer><!-- #footer -->



	<a href="#" class="scroll-top"><span class="screen-reader-text">Go to Top</span></a>

</div><!-- #page -->
<link rel='stylesheet' id='animate-css-css'  href='http://ziango.com/wp-content/plugins/js_composer/assets/lib/bower/animate-css/animate.min.css?ver=5.3' type='text/css' media='all' />
<script type='text/javascript' src='http://ziango.com/wp-content/themes/dt-the7/js/main.min.js?ver=5.6.0.1'></script>
<script type='text/javascript' src='http://ziango.com/wp-content/themes/dt-the7/js/post-type.js?ver=1.0.0'></script>
<script type='text/javascript' src='http://ziango.com/wp-includes/js/wp-embed.min.js?ver=4.8.7'></script>
<script type='text/javascript' src='http://ziango.com/wp-content/plugins/js_composer/assets/js/dist/js_composer_front.min.js?ver=5.3'></script>
<script type='text/javascript' src='http://ziango.com/wp-content/plugins/js_composer/assets/lib/waypoints/waypoints.min.js?ver=5.3'></script>
<script type='text/javascript' src='http://ziango.com/wp-content/themes/dt-the7/js/atoms/plugins/validator/jquery.validationEngine.js?ver=2.6.1'></script>
<script type='text/javascript' src='http://ziango.com/wp-content/themes/dt-the7/js/atoms/plugins/validator/languages/jquery.validationEngine-en.js?ver=2.6.1'></script>
<script type='text/javascript' src='http://ziango.com/wp-content/themes/dt-the7/js/dt-contact-form.js?ver=4.8.7'></script>

<div class="pswp" tabindex="-1" role="dialog" aria-hidden="true">
    <div class="pswp__bg"></div>
    <div class="pswp__scroll-wrap">
 
        <div class="pswp__container">
            <div class="pswp__item"></div>
            <div class="pswp__item"></div>
            <div class="pswp__item"></div>
        </div>
 
        <div class="pswp__ui pswp__ui--hidden">
            <div class="pswp__top-bar">
                <div class="pswp__counter"></div>
                <button class="pswp__button pswp__button--close" title="Close (Esc)"></button>
                <button class="pswp__button pswp__button--share" title="Share"></button>
                <button class="pswp__button pswp__button--fs" title="Toggle fullscreen"></button>
                <button class="pswp__button pswp__button--zoom" title="Zoom in/out"></button>
                <div class="pswp__preloader">
                    <div class="pswp__preloader__icn">
                      <div class="pswp__preloader__cut">
                        <div class="pswp__preloader__donut"></div>
                      </div>
                    </div>
                </div>
            </div>
            <div class="pswp__share-modal pswp__share-modal--hidden pswp__single-tap">
                <div class="pswp__share-tooltip"></div> 
            </div>
            <button class="pswp__button pswp__button--arrow--left" title="Previous (arrow left)">
            </button>
            <button class="pswp__button pswp__button--arrow--right" title="Next (arrow right)">
            </button>
            <div class="pswp__caption">
                <div class="pswp__caption__center"></div>
            </div>
        </div>
    </div>
</div>
</body>
</html>
Build info: version: '3.7.1', revision: '8a0099a', time: '2017-11-06T21:07:36.161Z'
System info: host: 'Jochens-MBP.fritz.box', ip: '2001:985:7559:1:74f8:2d:558e:14af%en0', os.name: 'Mac OS X', os.arch: 'x86_64', os.version: '10.13.6', java.version: '1.8.0_181'
Driver info: driver.version: CRemoteWebDriver)
	at com.kms.katalon.core.keyword.internal.KeywordMain.stepFailed(KeywordMain.groovy:36)
	at com.kms.katalon.core.webui.keyword.internal.WebUIKeywordMain.stepFailed(WebUIKeywordMain.groovy:65)
	at com.kms.katalon.core.webui.keyword.internal.WebUIKeywordMain.runKeyword(WebUIKeywordMain.groovy:27)
	at com.kms.katalon.core.webui.keyword.builtin.OpenBrowserKeyword.openBrowser(OpenBrowserKeyword.groovy:81)
	at com.kms.katalon.core.webui.keyword.builtin.OpenBrowserKeyword.execute(OpenBrowserKeyword.groovy:67)
	at com.kms.katalon.core.keyword.internal.KeywordExecutor.executeKeywordForPlatform(KeywordExecutor.groovy:53)
	at com.kms.katalon.core.webui.keyword.WebUiBuiltInKeywords.openBrowser(WebUiBuiltInKeywords.groovy:60)
	at com.kms.katalon.core.webui.keyword.WebUiBuiltInKeywords$openBrowser.call(Unknown Source)
	at org.codehaus.groovy.runtime.callsite.CallSiteArray.defaultCall(CallSiteArray.java:48)
	at org.codehaus.groovy.runtime.callsite.AbstractCallSite.call(AbstractCallSite.java:113)
	at org.codehaus.groovy.runtime.callsite.AbstractCallSite.call(AbstractCallSite.java:125)
	at Script1537198796161.run(Script1537198796161.groovy:16)
	at com.kms.katalon.core.main.ScriptEngine.run(ScriptEngine.java:183)
	at com.kms.katalon.core.main.ScriptEngine.runScriptAsRawText(ScriptEngine.java:108)
	at com.kms.katalon.core.main.TestCaseExecutor.runScript(TestCaseExecutor.java:294)
	at com.kms.katalon.core.main.TestCaseExecutor.doExecute(TestCaseExecutor.java:285)
	at com.kms.katalon.core.main.TestCaseExecutor.processExecutionPhase(TestCaseExecutor.java:264)
	at com.kms.katalon.core.main.TestCaseExecutor.accessMainPhase(TestCaseExecutor.java:256)
	at com.kms.katalon.core.main.TestCaseExecutor.execute(TestCaseExecutor.java:200)
	at com.kms.katalon.core.main.TestSuiteExecutor.accessTestCaseMainPhase(TestSuiteExecutor.java:129)
	at com.kms.katalon.core.main.TestSuiteExecutor.accessTestSuiteMainPhase(TestSuiteExecutor.java:112)
	at com.kms.katalon.core.main.TestSuiteExecutor.execute(TestSuiteExecutor.java:81)
	at com.kms.katalon.core.main.TestCaseMain.startTestSuite(TestCaseMain.java:142)
	at com.kms.katalon.core.main.TestCaseMain$startTestSuite$0.call(Unknown Source)
	at org.codehaus.groovy.runtime.callsite.CallSiteArray.defaultCall(CallSiteArray.java:48)
	at org.codehaus.groovy.runtime.callsite.AbstractCallSite.call(AbstractCallSite.java:113)
	at org.codehaus.groovy.runtime.callsite.AbstractCallSite.call(AbstractCallSite.java:141)
	at TempTestSuite1537202256239.run(TempTestSuite1537202256239.groovy:36)
	at groovy.lang.GroovyShell.runScriptOrMainOrTestOrRunnable(GroovyShell.java:263)
	at groovy.lang.GroovyShell.run(GroovyShell.java:518)
	at groovy.lang.GroovyShell.run(GroovyShell.java:507)
	at groovy.ui.GroovyMain.processOnce(GroovyMain.java:653)
	at groovy.ui.GroovyMain.run(GroovyMain.java:384)
	at groovy.ui.GroovyMain.process(GroovyMain.java:370)
	at groovy.ui.GroovyMain.processArgs(GroovyMain.java:129)
	at groovy.ui.GroovyMain.main(GroovyMain.java:109)
	at sun.reflect.NativeMethodAccessorImpl.invoke0(Native Method)
	at sun.reflect.NativeMethodAccessorImpl.invoke(NativeMethodAccessorImpl.java:62)
	at sun.reflect.DelegatingMethodAccessorImpl.invoke(DelegatingMethodAccessorImpl.java:43)
	at java.lang.reflect.Method.invoke(Method.java:498)
	at org.codehaus.groovy.tools.GroovyStarter.rootLoader(GroovyStarter.java:109)
	at org.codehaus.groovy.tools.GroovyStarter.main(GroovyStarter.java:131)
)]]></system-err>
   </testsuite>
</testsuites>
